{"numFailedTestSuites":4,"numFailedTests":7,"numPassedTestSuites":10,"numPassedTests":244,"numPendingTestSuites":0,"numPendingTests":4,"numRuntimeErrorTestSuites":0,"numTodoTests":0,"numTotalTestSuites":14,"numTotalTests":255,"openHandles":[],"snapshot":{"added":0,"didUpdate":false,"failure":false,"filesAdded":0,"filesRemoved":0,"filesRemovedList":[],"filesUnmatched":0,"filesUpdated":0,"matched":0,"total":0,"unchecked":0,"uncheckedKeysByFile":[],"unmatched":0,"updated":0},"startTime":1773678416960,"success":false,"testResults":[{"assertionResults":[{"ancestorTitles":["RegisterScreen"],"duration":296,"failureDetails":[],"failureMessages":[],"fullName":"RegisterScreen renders registration form with all required fields","invocations":1,"location":null,"numPassingAsserts":7,"retryReasons":[],"status":"passed","title":"renders registration form with all required fields"},{"ancestorTitles":["RegisterScreen"],"duration":6,"failureDetails":[],"failureMessages":[],"fullName":"RegisterScreen renders terms acceptance checkbox","invocations":1,"location":null,"numPassingAsserts":1,"retryReasons":[],"status":"passed","title":"renders terms acceptance checkbox"},{"ancestorTitles":["RegisterScreen"],"duration":5,"failureDetails":[],"failureMessages":[],"fullName":"RegisterScreen renders login link","invocations":1,"location":null,"numPassingAsserts":1,"retryReasons":[],"status":"passed","title":"renders login link"},{"ancestorTitles":["RegisterScreen"],"duration":5,"failureDetails":[],"failureMessages":[],"fullName":"RegisterScreen calls onNavigateToLogin when login link is pressed","invocations":1,"location":null,"numPassingAsserts":1,"retryReasons":[],"status":"passed","title":"calls onNavigateToLogin when login link is pressed"},{"ancestorTitles":["RegisterScreen"],"duration":71,"failureDetails":[],"failureMessages":[],"fullName":"RegisterScreen displays email validation error for invalid email","invocations":1,"location":null,"numPassingAsserts":1,"retryReasons":[],"status":"passed","title":"displays email validation error for invalid email"},{"ancestorTitles":["RegisterScreen"],"duration":70,"failureDetails":[],"failureMessages":[],"fullName":"RegisterScreen displays password length error for short password","invocations":1,"location":null,"numPassingAsserts":1,"retryReasons":[],"status":"passed","title":"displays password length error for short password"},{"ancestorTitles":["RegisterScreen"],"duration":70,"failureDetails":[],"failureMessages":[],"fullName":"RegisterScreen displays password number requirement error","invocations":1,"location":null,"numPassingAsserts":1,"retryReasons":[],"status":"passed","title":"displays password number requirement error"},{"ancestorTitles":["RegisterScreen"],"duration":80,"failureDetails":[],"failureMessages":[],"fullName":"RegisterScreen displays password mismatch error","invocations":1,"location":null,"numPassingAsserts":1,"retryReasons":[],"status":"passed","title":"displays password mismatch error"},{"ancestorTitles":["RegisterScreen"],"duration":75,"failureDetails":[],"failureMessages":[],"fullName":"RegisterScreen displays terms acceptance error when not checked","invocations":1,"location":null,"numPassingAsserts":1,"retryReasons":[],"status":"passed","title":"displays terms acceptance error when not checked"},{"ancestorTitles":["RegisterScreen"],"duration":85,"failureDetails":[],"failureMessages":[],"fullName":"RegisterScreen submits form with valid data","invocations":1,"location":null,"numPassingAsserts":1,"retryReasons":[],"status":"passed","title":"submits form with valid data"},{"ancestorTitles":["RegisterScreen"],"duration":188,"failureDetails":[],"failureMessages":[],"fullName":"RegisterScreen shows password strength indicator","invocations":1,"location":null,"numPassingAsserts":3,"retryReasons":[],"status":"passed","title":"shows password strength indicator"},{"ancestorTitles":["RegisterScreen"],"duration":77,"failureDetails":[{"matcherResult":{"expected":true,"message":"\u001b[2mexpect(\u001b[22m\u001b[31mreceived\u001b[39m\u001b[2m).\u001b[22mtoBe\u001b[2m(\u001b[22m\u001b[32mexpected\u001b[39m\u001b[2m) // Object.is equality\u001b[22m\n\nExpected: \u001b[32mtrue\u001b[39m\nReceived: \u001b[31mundefined\u001b[39m","name":"toBe","pass":false}}],"failureMessages":["Error: \u001b[2mexpect(\u001b[22m\u001b[31mreceived\u001b[39m\u001b[2m).\u001b[22mtoBe\u001b[2m(\u001b[22m\u001b[32mexpected\u001b[39m\u001b[2m) // Object.is equality\u001b[22m\n\nExpected: \u001b[32mtrue\u001b[39m\nReceived: \u001b[31mundefined\u001b[39m\n    at Object.toBe (C:\\Users\\neuroshell\\Documents\\src\\trapp\\__tests__\\RegisterScreen.test.tsx:280:43)\n    at Generator.next (<anonymous>)\n    at asyncGeneratorStep (C:\\Users\\neuroshell\\Documents\\src\\trapp\\node_modules\\@babel\\runtime\\helpers\\asyncToGenerator.js:3:17)\n    at _next (C:\\Users\\neuroshell\\Documents\\src\\trapp\\node_modules\\@babel\\runtime\\helpers\\asyncToGenerator.js:17:9)"],"fullName":"RegisterScreen shows loading state during registration","invocations":1,"location":null,"numPassingAsserts":0,"retryReasons":[],"status":"failed","title":"shows loading state during registration"},{"ancestorTitles":["RegisterScreen"],"duration":72,"failureDetails":[],"failureMessages":[],"fullName":"RegisterScreen has accessible error messages with alert role","invocations":1,"location":null,"numPassingAsserts":1,"retryReasons":[],"status":"passed","title":"has accessible error messages with alert role"},{"ancestorTitles":["RegisterScreen"],"duration":124,"failureDetails":[],"failureMessages":[],"fullName":"RegisterScreen clears field errors when user starts typing","invocations":1,"location":null,"numPassingAsserts":1,"retryReasons":[],"status":"passed","title":"clears field errors when user starts typing"},{"ancestorTitles":["RegisterScreen"],"duration":10,"failureDetails":[],"failureMessages":[],"fullName":"RegisterScreen has proper accessibility labels on all inputs","invocations":1,"location":null,"numPassingAsserts":3,"retryReasons":[],"status":"passed","title":"has proper accessibility labels on all inputs"},{"ancestorTitles":["RegisterScreen"],"duration":7,"failureDetails":[],"failureMessages":[],"fullName":"RegisterScreen has proper accessibility hints on inputs","invocations":1,"location":null,"numPassingAsserts":3,"retryReasons":[],"status":"passed","title":"has proper accessibility hints on inputs"},{"ancestorTitles":["RegisterScreen"],"duration":5,"failureDetails":[],"failureMessages":[],"fullName":"RegisterScreen uses email-address keyboard type for email input","invocations":1,"location":null,"numPassingAsserts":1,"retryReasons":[],"status":"passed","title":"uses email-address keyboard type for email input"},{"ancestorTitles":["RegisterScreen"],"duration":5,"failureDetails":[],"failureMessages":[],"fullName":"RegisterScreen uses secureTextEntry for password inputs","invocations":1,"location":null,"numPassingAsserts":2,"retryReasons":[],"status":"passed","title":"uses secureTextEntry for password inputs"},{"ancestorTitles":["RegisterScreen"],"duration":6,"failureDetails":[],"failureMessages":[],"fullName":"RegisterScreen has minimum 48px height for inputs","invocations":1,"location":null,"numPassingAsserts":1,"retryReasons":[],"status":"passed","title":"has minimum 48px height for inputs"},{"ancestorTitles":["RegisterScreen"],"duration":5,"failureDetails":[],"failureMessages":[],"fullName":"RegisterScreen has checkbox with proper accessibility state","invocations":1,"location":null,"numPassingAsserts":2,"retryReasons":[],"status":"passed","title":"has checkbox with proper accessibility state"},{"ancestorTitles":["RegisterScreen"],"duration":9,"failureDetails":[],"failureMessages":[],"fullName":"RegisterScreen toggles checkbox when pressed","invocations":1,"location":null,"numPassingAsserts":3,"retryReasons":[],"status":"passed","title":"toggles checkbox when pressed"},{"ancestorTitles":["RegisterScreen"],"duration":75,"failureDetails":[],"failureMessages":[],"fullName":"RegisterScreen displays duplicate email error","invocations":1,"location":null,"numPassingAsserts":1,"retryReasons":[],"status":"passed","title":"displays duplicate email error"},{"ancestorTitles":["RegisterScreen"],"duration":14,"failureDetails":[{"matcherResult":{"actual":[{"color":"#fff","fontSize":16,"fontWeight":"700"},false],"expected":{"sample":[{"sample":{"minHeight":48},"inverse":false}],"inverse":false},"message":"\u001b[2mexpect(\u001b[22m\u001b[31mreceived\u001b[39m\u001b[2m).\u001b[22mtoEqual\u001b[2m(\u001b[22m\u001b[32mexpected\u001b[39m\u001b[2m) // deep equality\u001b[22m\n\nExpected: \u001b[32mArrayContaining [ObjectContaining {\"minHeight\": 48}]\u001b[39m\nReceived: \u001b[31m[{\"color\": \"#fff\", \"fontSize\": 16, \"fontWeight\": \"700\"}, false]\u001b[39m","name":"toEqual","pass":false}}],"failureMessages":["Error: \u001b[2mexpect(\u001b[22m\u001b[31mreceived\u001b[39m\u001b[2m).\u001b[22mtoEqual\u001b[2m(\u001b[22m\u001b[32mexpected\u001b[39m\u001b[2m) // deep equality\u001b[22m\n\nExpected: \u001b[32mArrayContaining [ObjectContaining {\"minHeight\": 48}]\u001b[39m\nReceived: \u001b[31m[{\"color\": \"#fff\", \"fontSize\": 16, \"fontWeight\": \"700\"}, false]\u001b[39m\n    at Object.toEqual (C:\\Users\\neuroshell\\Documents\\src\\trapp\\__tests__\\RegisterScreen.test.tsx:479:40)\n    at Promise.then.completed (C:\\Users\\neuroshell\\Documents\\src\\trapp\\node_modules\\jest-circus\\build\\utils.js:298:28)\n    at new Promise (<anonymous>)\n    at callAsyncCircusFn (C:\\Users\\neuroshell\\Documents\\src\\trapp\\node_modules\\jest-circus\\build\\utils.js:231:10)\n    at _callCircusTest (C:\\Users\\neuroshell\\Documents\\src\\trapp\\node_modules\\jest-circus\\build\\run.js:316:40)\n    at _runTest (C:\\Users\\neuroshell\\Documents\\src\\trapp\\node_modules\\jest-circus\\build\\run.js:252:3)\n    at _runTestsForDescribeBlock (C:\\Users\\neuroshell\\Documents\\src\\trapp\\node_modules\\jest-circus\\build\\run.js:126:9)\n    at _runTestsForDescribeBlock (C:\\Users\\neuroshell\\Documents\\src\\trapp\\node_modules\\jest-circus\\build\\run.js:121:9)\n    at run (C:\\Users\\neuroshell\\Documents\\src\\trapp\\node_modules\\jest-circus\\build\\run.js:71:3)\n    at runAndTransformResultsToJestFormat (C:\\Users\\neuroshell\\Documents\\src\\trapp\\node_modules\\jest-circus\\build\\legacy-code-todo-rewrite\\jestAdapterInit.js:122:21)\n    at jestAdapter (C:\\Users\\neuroshell\\Documents\\src\\trapp\\node_modules\\jest-circus\\build\\legacy-code-todo-rewrite\\jestAdapter.js:79:19)\n    at runTestInternal (C:\\Users\\neuroshell\\Documents\\src\\trapp\\node_modules\\jest-runner\\build\\runTest.js:367:16)\n    at runTest (C:\\Users\\neuroshell\\Documents\\src\\trapp\\node_modules\\jest-runner\\build\\runTest.js:444:34)"],"fullName":"RegisterScreen has proper touch target for register button","invocations":1,"location":null,"numPassingAsserts":0,"retryReasons":[],"status":"failed","title":"has proper touch target for register button"},{"ancestorTitles":["RegisterScreen"],"duration":7,"failureDetails":[],"failureMessages":[],"fullName":"RegisterScreen auto-capitalizes none for email input","invocations":1,"location":null,"numPassingAsserts":1,"retryReasons":[],"status":"passed","title":"auto-capitalizes none for email input"},{"ancestorTitles":["RegisterScreen"],"duration":5,"failureDetails":[],"failureMessages":[],"fullName":"RegisterScreen disables auto-correct for email input","invocations":1,"location":null,"numPassingAsserts":1,"retryReasons":[],"status":"passed","title":"disables auto-correct for email input"},{"ancestorTitles":["RegisterScreen"],"duration":5,"failureDetails":[],"failureMessages":[],"fullName":"RegisterScreen renders support text","invocations":1,"location":null,"numPassingAsserts":1,"retryReasons":[],"status":"passed","title":"renders support text"},{"ancestorTitles":["RegisterScreen"],"duration":6,"failureDetails":[{}],"failureMessages":["Error: Found multiple elements with text: /Create your account/i\n    at Object.getByText (C:\\Users\\neuroshell\\Documents\\src\\trapp\\__tests__\\RegisterScreen.test.tsx:519:12)\n    at Promise.then.completed (C:\\Users\\neuroshell\\Documents\\src\\trapp\\node_modules\\jest-circus\\build\\utils.js:298:28)\n    at new Promise (<anonymous>)\n    at callAsyncCircusFn (C:\\Users\\neuroshell\\Documents\\src\\trapp\\node_modules\\jest-circus\\build\\utils.js:231:10)\n    at _callCircusTest (C:\\Users\\neuroshell\\Documents\\src\\trapp\\node_modules\\jest-circus\\build\\run.js:316:40)\n    at _runTest (C:\\Users\\neuroshell\\Documents\\src\\trapp\\node_modules\\jest-circus\\build\\run.js:252:3)\n    at _runTestsForDescribeBlock (C:\\Users\\neuroshell\\Documents\\src\\trapp\\node_modules\\jest-circus\\build\\run.js:126:9)\n    at _runTestsForDescribeBlock (C:\\Users\\neuroshell\\Documents\\src\\trapp\\node_modules\\jest-circus\\build\\run.js:121:9)\n    at run (C:\\Users\\neuroshell\\Documents\\src\\trapp\\node_modules\\jest-circus\\build\\run.js:71:3)\n    at runAndTransformResultsToJestFormat (C:\\Users\\neuroshell\\Documents\\src\\trapp\\node_modules\\jest-circus\\build\\legacy-code-todo-rewrite\\jestAdapterInit.js:122:21)\n    at jestAdapter (C:\\Users\\neuroshell\\Documents\\src\\trapp\\node_modules\\jest-circus\\build\\legacy-code-todo-rewrite\\jestAdapter.js:79:19)\n    at runTestInternal (C:\\Users\\neuroshell\\Documents\\src\\trapp\\node_modules\\jest-runner\\build\\runTest.js:367:16)\n    at runTest (C:\\Users\\neuroshell\\Documents\\src\\trapp\\node_modules\\jest-runner\\build\\runTest.js:444:34)"],"fullName":"RegisterScreen renders title","invocations":1,"location":null,"numPassingAsserts":0,"retryReasons":[],"status":"failed","title":"renders title"},{"ancestorTitles":["RegisterScreen"],"duration":5,"failureDetails":[],"failureMessages":[],"fullName":"RegisterScreen has terms link with proper styling","invocations":1,"location":null,"numPassingAsserts":2,"retryReasons":[],"status":"passed","title":"has terms link with proper styling"},{"ancestorTitles":["RegisterScreen"],"duration":69,"failureDetails":[],"failureMessages":[],"fullName":"RegisterScreen validates confirm password is required","invocations":1,"location":null,"numPassingAsserts":1,"retryReasons":[],"status":"passed","title":"validates confirm password is required"}],"endTime":1773678419065,"message":"\u001b[1m\u001b[31m  \u001b[1m● \u001b[22m\u001b[1mRegisterScreen › shows loading state during registration\u001b[39m\u001b[22m\n\n    \u001b[2mexpect(\u001b[22m\u001b[31mreceived\u001b[39m\u001b[2m).\u001b[22mtoBe\u001b[2m(\u001b[22m\u001b[32mexpected\u001b[39m\u001b[2m) // Object.is equality\u001b[22m\n\n    Expected: \u001b[32mtrue\u001b[39m\n    Received: \u001b[31mundefined\u001b[39m\n\u001b[2m\u001b[22m\n\u001b[2m    \u001b[0m \u001b[90m 278 |\u001b[39m     \u001b[36mawait\u001b[39m waitForAsync()\u001b[33m;\u001b[39m\u001b[22m\n\u001b[2m     \u001b[90m 279 |\u001b[39m     \u001b[90m// Button should be disabled during loading\u001b[39m\u001b[22m\n\u001b[2m    \u001b[31m\u001b[1m>\u001b[22m\u001b[2m\u001b[39m\u001b[90m 280 |\u001b[39m     expect(registerButton\u001b[33m.\u001b[39mprops\u001b[33m.\u001b[39mdisabled)\u001b[33m.\u001b[39mtoBe(\u001b[36mtrue\u001b[39m)\u001b[33m;\u001b[39m\u001b[22m\n\u001b[2m     \u001b[90m     |\u001b[39m                                           \u001b[31m\u001b[1m^\u001b[22m\u001b[2m\u001b[39m\u001b[22m\n\u001b[2m     \u001b[90m 281 |\u001b[39m   })\u001b[33m;\u001b[39m\u001b[22m\n\u001b[2m     \u001b[90m 282 |\u001b[39m\u001b[22m\n\u001b[2m     \u001b[90m 283 |\u001b[39m   it(\u001b[32m\"has accessible error messages with alert role\"\u001b[39m\u001b[33m,\u001b[39m \u001b[36masync\u001b[39m () \u001b[33m=>\u001b[39m {\u001b[0m\u001b[22m\n\u001b[2m\u001b[22m\n\u001b[2m      \u001b[2mat Object.toBe (\u001b[22m\u001b[2m\u001b[0m\u001b[36m__tests__/RegisterScreen.test.tsx\u001b[39m\u001b[0m\u001b[2m:280:43)\u001b[22m\u001b[2m\u001b[22m\n\u001b[2m      \u001b[2mat asyncGeneratorStep (\u001b[22m\u001b[2mnode_modules/@babel/runtime/helpers/asyncToGenerator.js\u001b[2m:3:17)\u001b[22m\u001b[2m\u001b[22m\n\u001b[2m      \u001b[2mat _next (\u001b[22m\u001b[2mnode_modules/@babel/runtime/helpers/asyncToGenerator.js\u001b[2m:17:9)\u001b[22m\u001b[2m\u001b[22m\n\n\u001b[1m\u001b[31m  \u001b[1m● \u001b[22m\u001b[1mRegisterScreen › has proper touch target for register button\u001b[39m\u001b[22m\n\n    \u001b[2mexpect(\u001b[22m\u001b[31mreceived\u001b[39m\u001b[2m).\u001b[22mtoEqual\u001b[2m(\u001b[22m\u001b[32mexpected\u001b[39m\u001b[2m) // deep equality\u001b[22m\n\n    Expected: \u001b[32mArrayContaining [ObjectContaining {\"minHeight\": 48}]\u001b[39m\n    Received: \u001b[31m[{\"color\": \"#fff\", \"fontSize\": 16, \"fontWeight\": \"700\"}, false]\u001b[39m\n\u001b[2m\u001b[22m\n\u001b[2m    \u001b[0m \u001b[90m 477 |\u001b[39m     \u001b[36mconst\u001b[39m registerButton \u001b[33m=\u001b[39m getByText(\u001b[32m\"Create Account\"\u001b[39m)\u001b[33m;\u001b[39m\u001b[22m\n\u001b[2m     \u001b[90m 478 |\u001b[39m\u001b[22m\n\u001b[2m    \u001b[31m\u001b[1m>\u001b[22m\u001b[2m\u001b[39m\u001b[90m 479 |\u001b[39m     expect(registerButton\u001b[33m.\u001b[39mprops\u001b[33m.\u001b[39mstyle)\u001b[33m.\u001b[39mtoEqual(\u001b[22m\n\u001b[2m     \u001b[90m     |\u001b[39m                                        \u001b[31m\u001b[1m^\u001b[22m\u001b[2m\u001b[39m\u001b[22m\n\u001b[2m     \u001b[90m 480 |\u001b[39m       expect\u001b[33m.\u001b[39marrayContaining([\u001b[22m\n\u001b[2m     \u001b[90m 481 |\u001b[39m         expect\u001b[33m.\u001b[39mobjectContaining({ minHeight\u001b[33m:\u001b[39m \u001b[35m48\u001b[39m })\u001b[33m,\u001b[39m\u001b[22m\n\u001b[2m     \u001b[90m 482 |\u001b[39m       ])\u001b[0m\u001b[22m\n\u001b[2m\u001b[22m\n\u001b[2m      \u001b[2mat Object.toEqual (\u001b[22m\u001b[2m\u001b[0m\u001b[36m__tests__/RegisterScreen.test.tsx\u001b[39m\u001b[0m\u001b[2m:479:40)\u001b[22m\u001b[2m\u001b[22m\n\n\u001b[1m\u001b[31m  \u001b[1m● \u001b[22m\u001b[1mRegisterScreen › renders title\u001b[39m\u001b[22m\n\n    Found multiple elements with text: /Create your account/i\n\u001b[2m\u001b[22m\n\u001b[2m    \u001b[0m \u001b[90m 517 |\u001b[39m     )\u001b[33m;\u001b[39m\u001b[22m\n\u001b[2m     \u001b[90m 518 |\u001b[39m\u001b[22m\n\u001b[2m    \u001b[31m\u001b[1m>\u001b[22m\u001b[2m\u001b[39m\u001b[90m 519 |\u001b[39m     expect(getByText(\u001b[35m/Create your account/i\u001b[39m))\u001b[33m.\u001b[39mtoBeTruthy()\u001b[33m;\u001b[39m\u001b[22m\n\u001b[2m     \u001b[90m     |\u001b[39m            \u001b[31m\u001b[1m^\u001b[22m\u001b[2m\u001b[39m\u001b[22m\n\u001b[2m     \u001b[90m 520 |\u001b[39m   })\u001b[33m;\u001b[39m\u001b[22m\n\u001b[2m     \u001b[90m 521 |\u001b[39m\u001b[22m\n\u001b[2m     \u001b[90m 522 |\u001b[39m   it(\u001b[32m\"has terms link with proper styling\"\u001b[39m\u001b[33m,\u001b[39m () \u001b[33m=>\u001b[39m {\u001b[0m\u001b[22m\n\u001b[2m\u001b[22m\n\u001b[2m      \u001b[2mat Object.getByText (\u001b[22m\u001b[2m\u001b[0m\u001b[36m__tests__/RegisterScreen.test.tsx\u001b[39m\u001b[0m\u001b[2m:519:12)\u001b[22m\u001b[2m\u001b[22m\n","name":"C:\\Users\\neuroshell\\Documents\\src\\trapp\\__tests__\\RegisterScreen.test.tsx","startTime":1773678417035,"status":"failed","summary":""},{"assertionResults":[{"ancestorTitles":["LoginScreen"],"duration":45,"failureDetails":[],"failureMessages":[],"fullName":"LoginScreen renders login form with email and password fields","invocations":1,"location":null,"numPassingAsserts":5,"retryReasons":[],"status":"passed","title":"renders login form with email and password fields"},{"ancestorTitles":["LoginScreen"],"duration":5,"failureDetails":[],"failureMessages":[],"fullName":"LoginScreen renders sign in button","invocations":1,"location":null,"numPassingAsserts":1,"retryReasons":[],"status":"passed","title":"renders sign in button"},{"ancestorTitles":["LoginScreen"],"duration":66,"failureDetails":[],"failureMessages":[],"fullName":"LoginScreen displays email validation error for invalid email","invocations":1,"location":null,"numPassingAsserts":1,"retryReasons":[],"status":"passed","title":"displays email validation error for invalid email"},{"ancestorTitles":["LoginScreen"],"duration":80,"failureDetails":[],"failureMessages":[],"fullName":"LoginScreen displays email required error when empty","invocations":1,"location":null,"numPassingAsserts":1,"retryReasons":[],"status":"passed","title":"displays email required error when empty"},{"ancestorTitles":["LoginScreen"],"duration":75,"failureDetails":[],"failureMessages":[],"fullName":"LoginScreen displays password required error when empty","invocations":1,"location":null,"numPassingAsserts":1,"retryReasons":[],"status":"passed","title":"displays password required error when empty"},{"ancestorTitles":["LoginScreen"],"duration":75,"failureDetails":[],"failureMessages":[],"fullName":"LoginScreen submits form with valid credentials","invocations":1,"location":null,"numPassingAsserts":1,"retryReasons":[],"status":"passed","title":"submits form with valid credentials"},{"ancestorTitles":["LoginScreen"],"duration":72,"failureDetails":[{"matcherResult":{"expected":true,"message":"\u001b[2mexpect(\u001b[22m\u001b[31mreceived\u001b[39m\u001b[2m).\u001b[22mtoBe\u001b[2m(\u001b[22m\u001b[32mexpected\u001b[39m\u001b[2m) // Object.is equality\u001b[22m\n\nExpected: \u001b[32mtrue\u001b[39m\nReceived: \u001b[31mundefined\u001b[39m","name":"toBe","pass":false}}],"failureMessages":["Error: \u001b[2mexpect(\u001b[22m\u001b[31mreceived\u001b[39m\u001b[2m).\u001b[22mtoBe\u001b[2m(\u001b[22m\u001b[32mexpected\u001b[39m\u001b[2m) // Object.is equality\u001b[22m\n\nExpected: \u001b[32mtrue\u001b[39m\nReceived: \u001b[31mundefined\u001b[39m\n    at Object.toBe (C:\\Users\\neuroshell\\Documents\\src\\trapp\\__tests__\\LoginScreen.test.tsx:175:35)\n    at Generator.next (<anonymous>)\n    at asyncGeneratorStep (C:\\Users\\neuroshell\\Documents\\src\\trapp\\node_modules\\@babel\\runtime\\helpers\\asyncToGenerator.js:3:17)\n    at _next (C:\\Users\\neuroshell\\Documents\\src\\trapp\\node_modules\\@babel\\runtime\\helpers\\asyncToGenerator.js:17:9)"],"fullName":"LoginScreen shows loading state during sign in","invocations":1,"location":null,"numPassingAsserts":0,"retryReasons":[],"status":"failed","title":"shows loading state during sign in"},{"ancestorTitles":["LoginScreen"],"duration":62,"failureDetails":[],"failureMessages":[],"fullName":"LoginScreen has accessible error messages with alert role","invocations":1,"location":null,"numPassingAsserts":1,"retryReasons":[],"status":"passed","title":"has accessible error messages with alert role"},{"ancestorTitles":["LoginScreen"],"duration":61,"failureDetails":[],"failureMessages":[],"fullName":"LoginScreen clears error when user starts typing","invocations":1,"location":null,"numPassingAsserts":1,"retryReasons":[],"status":"passed","title":"clears error when user starts typing"},{"ancestorTitles":["LoginScreen"],"duration":3,"failureDetails":[],"failureMessages":[],"fullName":"LoginScreen has proper accessibility labels on inputs","invocations":1,"location":null,"numPassingAsserts":2,"retryReasons":[],"status":"passed","title":"has proper accessibility labels on inputs"},{"ancestorTitles":["LoginScreen"],"duration":4,"failureDetails":[],"failureMessages":[],"fullName":"LoginScreen has proper accessibility hints on inputs","invocations":1,"location":null,"numPassingAsserts":2,"retryReasons":[],"status":"passed","title":"has proper accessibility hints on inputs"},{"ancestorTitles":["LoginScreen"],"duration":5,"failureDetails":[],"failureMessages":[],"fullName":"LoginScreen uses email-address keyboard type for email input","invocations":1,"location":null,"numPassingAsserts":1,"retryReasons":[],"status":"passed","title":"uses email-address keyboard type for email input"},{"ancestorTitles":["LoginScreen"],"duration":4,"failureDetails":[],"failureMessages":[],"fullName":"LoginScreen uses secureTextEntry for password input","invocations":1,"location":null,"numPassingAsserts":1,"retryReasons":[],"status":"passed","title":"uses secureTextEntry for password input"},{"ancestorTitles":["LoginScreen"],"duration":3,"failureDetails":[],"failureMessages":[],"fullName":"LoginScreen has minimum 48px height for inputs","invocations":1,"location":null,"numPassingAsserts":1,"retryReasons":[],"status":"passed","title":"has minimum 48px height for inputs"},{"ancestorTitles":["LoginScreen"],"duration":4,"failureDetails":[],"failureMessages":[],"fullName":"LoginScreen renders register link","invocations":1,"location":null,"numPassingAsserts":1,"retryReasons":[],"status":"passed","title":"renders register link"},{"ancestorTitles":["LoginScreen"],"duration":4,"failureDetails":[],"failureMessages":[],"fullName":"LoginScreen navigates to register screen when register link is pressed","invocations":1,"location":null,"numPassingAsserts":1,"retryReasons":[],"status":"passed","title":"navigates to register screen when register link is pressed"},{"ancestorTitles":["LoginScreen"],"duration":6,"failureDetails":[],"failureMessages":[],"fullName":"LoginScreen has accessibility role link on register button","invocations":1,"location":null,"numPassingAsserts":1,"retryReasons":[],"status":"passed","title":"has accessibility role link on register button"},{"ancestorTitles":["LoginScreen"],"duration":62,"failureDetails":[],"failureMessages":[],"fullName":"LoginScreen displays generic error for invalid credentials","invocations":1,"location":null,"numPassingAsserts":1,"retryReasons":[],"status":"passed","title":"displays generic error for invalid credentials"},{"ancestorTitles":["LoginScreen"],"duration":4,"failureDetails":[],"failureMessages":[],"fullName":"LoginScreen has proper touch target for sign in button","invocations":1,"location":null,"numPassingAsserts":1,"retryReasons":[],"status":"passed","title":"has proper touch target for sign in button"},{"ancestorTitles":["LoginScreen"],"duration":3,"failureDetails":[],"failureMessages":[],"fullName":"LoginScreen auto-capitalizes none for email input","invocations":1,"location":null,"numPassingAsserts":1,"retryReasons":[],"status":"passed","title":"auto-capitalizes none for email input"},{"ancestorTitles":["LoginScreen"],"duration":4,"failureDetails":[],"failureMessages":[],"fullName":"LoginScreen disables auto-correct for email input","invocations":1,"location":null,"numPassingAsserts":1,"retryReasons":[],"status":"passed","title":"disables auto-correct for email input"},{"ancestorTitles":["LoginScreen"],"duration":4,"failureDetails":[],"failureMessages":[],"fullName":"LoginScreen renders support text","invocations":1,"location":null,"numPassingAsserts":1,"retryReasons":[],"status":"passed","title":"renders support text"}],"endTime":1773678419846,"message":"\u001b[1m\u001b[31m  \u001b[1m● \u001b[22m\u001b[1mLoginScreen › shows loading state during sign in\u001b[39m\u001b[22m\n\n    \u001b[2mexpect(\u001b[22m\u001b[31mreceived\u001b[39m\u001b[2m).\u001b[22mtoBe\u001b[2m(\u001b[22m\u001b[32mexpected\u001b[39m\u001b[2m) // Object.is equality\u001b[22m\n\n    Expected: \u001b[32mtrue\u001b[39m\n    Received: \u001b[31mundefined\u001b[39m\n\u001b[2m\u001b[22m\n\u001b[2m    \u001b[0m \u001b[90m 173 |\u001b[39m     \u001b[90m// Button should be disabled during loading - need to wait for state update\u001b[39m\u001b[22m\n\u001b[2m     \u001b[90m 174 |\u001b[39m     \u001b[36mconst\u001b[39m button \u001b[33m=\u001b[39m getByText(\u001b[32m\"Sign In\"\u001b[39m)\u001b[33m;\u001b[39m\u001b[22m\n\u001b[2m    \u001b[31m\u001b[1m>\u001b[22m\u001b[2m\u001b[39m\u001b[90m 175 |\u001b[39m     expect(button\u001b[33m.\u001b[39mprops\u001b[33m.\u001b[39mdisabled)\u001b[33m.\u001b[39mtoBe(\u001b[36mtrue\u001b[39m)\u001b[33m;\u001b[39m\u001b[22m\n\u001b[2m     \u001b[90m     |\u001b[39m                                   \u001b[31m\u001b[1m^\u001b[22m\u001b[2m\u001b[39m\u001b[22m\n\u001b[2m     \u001b[90m 176 |\u001b[39m   })\u001b[33m;\u001b[39m\u001b[22m\n\u001b[2m     \u001b[90m 177 |\u001b[39m\u001b[22m\n\u001b[2m     \u001b[90m 178 |\u001b[39m   it(\u001b[32m\"has accessible error messages with alert role\"\u001b[39m\u001b[33m,\u001b[39m \u001b[36masync\u001b[39m () \u001b[33m=>\u001b[39m {\u001b[0m\u001b[22m\n\u001b[2m\u001b[22m\n\u001b[2m      \u001b[2mat Object.toBe (\u001b[22m\u001b[2m\u001b[0m\u001b[36m__tests__/LoginScreen.test.tsx\u001b[39m\u001b[0m\u001b[2m:175:35)\u001b[22m\u001b[2m\u001b[22m\n\u001b[2m      \u001b[2mat asyncGeneratorStep (\u001b[22m\u001b[2mnode_modules/@babel/runtime/helpers/asyncToGenerator.js\u001b[2m:3:17)\u001b[22m\u001b[2m\u001b[22m\n\u001b[2m      \u001b[2mat _next (\u001b[22m\u001b[2mnode_modules/@babel/runtime/helpers/asyncToGenerator.js\u001b[2m:17:9)\u001b[22m\u001b[2m\u001b[22m\n","name":"C:\\Users\\neuroshell\\Documents\\src\\trapp\\__tests__\\LoginScreen.test.tsx","startTime":1773678419104,"status":"failed","summary":""},{"assertionResults":[{"ancestorTitles":["Performance Tests - Quick Log"],"duration":null,"failureDetails":[],"failureMessages":[],"fullName":"Performance Tests - Quick Log should complete quick log flow in under 10 seconds (CRITICAL)","invocations":1,"location":null,"numPassingAsserts":0,"retryReasons":[],"status":"pending","title":"should complete quick log flow in under 10 seconds (CRITICAL)"},{"ancestorTitles":["Performance Tests - Quick Log"],"duration":null,"failureDetails":[],"failureMessages":[],"fullName":"Performance Tests - Quick Log should save workout to storage in under 500ms","invocations":1,"location":null,"numPassingAsserts":0,"retryReasons":[],"status":"pending","title":"should save workout to storage in under 500ms"},{"ancestorTitles":["Performance Tests - Quick Log"],"duration":null,"failureDetails":[],"failureMessages":[],"fullName":"Performance Tests - Quick Log should maintain UI responsiveness during save","invocations":1,"location":null,"numPassingAsserts":0,"retryReasons":[],"status":"pending","title":"should maintain UI responsiveness during save"},{"ancestorTitles":["Performance Tests - Quick Log"],"duration":213,"failureDetails":[{}],"failureMessages":["Error: Unable to find an element with testID: save-workout-button\n\n\u001b[36m<RCTSafeAreaView>\u001b[39m\n  \u001b[36m<Text>\u001b[39m\n    \u001b[0mLog Workout\u001b[0m\n  \u001b[36m</Text>\u001b[39m\n  \u001b[36m<RCTScrollView\u001b[39m\n    \u001b[33mtestID\u001b[39m=\u001b[32m\"workouts-list\"\u001b[39m\n  \u001b[36m>\u001b[39m\n    \u001b[36m<View>\u001b[39m\n      \u001b[36m<View>\u001b[39m\n        \u001b[36m<View>\u001b[39m\n          \u001b[36m<View\u001b[39m\n            \u001b[33mtestID\u001b[39m=\u001b[32m\"workout-type-selector\"\u001b[39m\n          \u001b[36m>\u001b[39m\n            \u001b[36m<Text>\u001b[39m\n              \u001b[0mWorkout Type\u001b[0m\n            \u001b[36m</Text>\u001b[39m\n            \u001b[36m<View>\u001b[39m\n              \u001b[36m<View\u001b[39m\n                \u001b[33maccessibilityHint\u001b[39m=\u001b[32m\"Select running workout\"\u001b[39m\n                \u001b[33maccessibilityLabel\u001b[39m=\u001b[32m\"Running\"\u001b[39m\n                \u001b[33maccessibilityRole\u001b[39m=\u001b[32m\"button\"\u001b[39m\n                \u001b[33maccessibilityState\u001b[39m=\u001b[32m{\n                  {\n                    \"disabled\": false,\n                  }\n                }\u001b[39m\n                \u001b[33maccessible\u001b[39m=\u001b[32m{true}\u001b[39m\n                \u001b[33mtestID\u001b[39m=\u001b[32m\"type-running\"\u001b[39m\n              \u001b[36m>\u001b[39m\n                \u001b[36m<Text>\u001b[39m\n                  \u001b[36m<View>\u001b[39m\n                    \u001b[36m<View />\u001b[39m\n                    \u001b[36m<Text>\u001b[39m\n                      \u001b[0mRunning\u001b[0m\n                    \u001b[36m</Text>\u001b[39m\n                  \u001b[36m</View>\u001b[39m\n                \u001b[36m</Text>\u001b[39m\n              \u001b[36m</View>\u001b[39m\n              \u001b[36m<View\u001b[39m\n                \u001b[33maccessibilityHint\u001b[39m=\u001b[32m\"Select squats workout\"\u001b[39m\n                \u001b[33maccessibilityLabel\u001b[39m=\u001b[32m\"Squats\"\u001b[39m\n                \u001b[33maccessibilityRole\u001b[39m=\u001b[32m\"button\"\u001b[39m\n                \u001b[33maccessibilityState\u001b[39m=\u001b[32m{\n                  {\n                    \"disabled\": false,\n                  }\n                }\u001b[39m\n                \u001b[33maccessible\u001b[39m=\u001b[32m{true}\u001b[39m\n                \u001b[33mtestID\u001b[39m=\u001b[32m\"type-squats\"\u001b[39m\n              \u001b[36m>\u001b[39m\n                \u001b[36m<Text>\u001b[39m\n                  \u001b[36m<View>\u001b[39m\n                    \u001b[36m<View />\u001b[39m\n                    \u001b[36m<Text>\u001b[39m\n                      \u001b[0mSquats\u001b[0m\n                    \u001b[36m</Text>\u001b[39m\n                  \u001b[36m</View>\u001b[39m\n                \u001b[36m</Text>\u001b[39m\n              \u001b[36m</View>\u001b[39m\n              \u001b[36m<View\u001b[39m\n                \u001b[33maccessibilityHint\u001b[39m=\u001b[32m\"Select push-ups workout\"\u001b[39m\n                \u001b[33maccessibilityLabel\u001b[39m=\u001b[32m\"Push-ups\"\u001b[39m\n                \u001b[33maccessibilityRole\u001b[39m=\u001b[32m\"button\"\u001b[39m\n                \u001b[33maccessibilityState\u001b[39m=\u001b[32m{\n                  {\n                    \"disabled\": false,\n                  }\n                }\u001b[39m\n                \u001b[33maccessible\u001b[39m=\u001b[32m{true}\u001b[39m\n                \u001b[33mtestID\u001b[39m=\u001b[32m\"type-pushups\"\u001b[39m\n              \u001b[36m>\u001b[39m\n                \u001b[36m<Text>\u001b[39m\n                  \u001b[36m<View>\u001b[39m\n                    \u001b[36m<View />\u001b[39m\n                    \u001b[36m<Text>\u001b[39m\n                      \u001b[0mPush-ups\u001b[0m\n                    \u001b[36m</Text>\u001b[39m\n                  \u001b[36m</View>\u001b[39m\n                \u001b[36m</Text>\u001b[39m\n              \u001b[36m</View>\u001b[39m\n              \u001b[36m<View\u001b[39m\n                \u001b[33maccessibilityHint\u001b[39m=\u001b[32m\"Select pull-ups workout\"\u001b[39m\n                \u001b[33maccessibilityLabel\u001b[39m=\u001b[32m\"Pull-ups\"\u001b[39m\n                \u001b[33maccessibilityRole\u001b[39m=\u001b[32m\"button\"\u001b[39m\n                \u001b[33maccessibilityState\u001b[39m=\u001b[32m{\n                  {\n                    \"disabled\": false,\n                  }\n                }\u001b[39m\n                \u001b[33maccessible\u001b[39m=\u001b[32m{true}\u001b[39m\n                \u001b[33mtestID\u001b[39m=\u001b[32m\"type-pullups\"\u001b[39m\n              \u001b[36m>\u001b[39m\n                \u001b[36m<Text>\u001b[39m\n                  \u001b[36m<View>\u001b[39m\n                    \u001b[36m<View />\u001b[39m\n                    \u001b[36m<Text>\u001b[39m\n                      \u001b[0mPull-ups\u001b[0m\n                    \u001b[36m</Text>\u001b[39m\n                  \u001b[36m</View>\u001b[39m\n                \u001b[36m</Text>\u001b[39m\n              \u001b[36m</View>\u001b[39m\n              \u001b[36m<View\u001b[39m\n                \u001b[33maccessibilityHint\u001b[39m=\u001b[32m\"Select other workout\"\u001b[39m\n                \u001b[33maccessibilityLabel\u001b[39m=\u001b[32m\"Other\"\u001b[39m\n                \u001b[33maccessibilityRole\u001b[39m=\u001b[32m\"button\"\u001b[39m\n                \u001b[33maccessibilityState\u001b[39m=\u001b[32m{\n                  {\n                    \"disabled\": false,\n                  }\n                }\u001b[39m\n                \u001b[33maccessible\u001b[39m=\u001b[32m{true}\u001b[39m\n                \u001b[33mtestID\u001b[39m=\u001b[32m\"type-other\"\u001b[39m\n              \u001b[36m>\u001b[39m\n                \u001b[36m<Text>\u001b[39m\n                  \u001b[36m<View>\u001b[39m\n                    \u001b[36m<View />\u001b[39m\n                    \u001b[36m<Text>\u001b[39m\n                      \u001b[0mOther\u001b[0m\n                    \u001b[36m</Text>\u001b[39m\n                  \u001b[36m</View>\u001b[39m\n                \u001b[36m</Text>\u001b[39m\n              \u001b[36m</View>\u001b[39m\n            \u001b[36m</View>\u001b[39m\n          \u001b[36m</View>\u001b[39m\n          \u001b[36m<View>\u001b[39m\n            \u001b[36m<View\u001b[39m\n              \u001b[33mtestID\u001b[39m=\u001b[32m\"datetime-field\"\u001b[39m\n            \u001b[36m>\u001b[39m\n              \u001b[36m<Text>\u001b[39m\n                \u001b[0mDate & Time\u001b[0m\n              \u001b[36m</Text>\u001b[39m\n              \u001b[36m<View\u001b[39m\n                \u001b[33maccessible\u001b[39m=\u001b[32m{true}\u001b[39m\n                \u001b[33mtestID\u001b[39m=\u001b[32m\"datetime-picker\"\u001b[39m\n              \u001b[36m>\u001b[39m\n                \u001b[36m<Text>\u001b[39m\n                  \u001b[0mMar 16, 2026 · 12:26 PM\u001b[0m\n                \u001b[36m</Text>\u001b[39m\n                \u001b[36m<View />\u001b[39m\n              \u001b[36m</View>\u001b[39m\n            \u001b[36m</View>\u001b[39m\n          \u001b[36m</View>\u001b[39m\n          \u001b[36m<View>\u001b[39m\n            \u001b[36m<View\u001b[39m\n              \u001b[33maccessibilityRole\u001b[39m=\u001b[32m\"none\"\u001b[39m\n            \u001b[36m>\u001b[39m\n              \u001b[36m<View>\u001b[39m\n                \u001b[36m<Text>\u001b[39m\n                  \u001b[0mReps\u001b[0m\n                \u001b[36m</Text>\u001b[39m\n                \u001b[36m<TextInput\u001b[39m\n                  \u001b[33maccessibilityHint\u001b[39m=\u001b[32m\"Enter number of squats repetitions\"\u001b[39m\n                  \u001b[33maccessibilityLabel\u001b[39m=\u001b[32m\"Repetitions\"\u001b[39m\n                  \u001b[33mplaceholder\u001b[39m=\u001b[32m\"e.g., 20\"\u001b[39m\n                  \u001b[33mtestID\u001b[39m=\u001b[32m\"reps-input\"\u001b[39m\n                  \u001b[33mvalue\u001b[39m=\u001b[32m\"20\"\u001b[39m\n                \u001b[36m/>\u001b[39m\n              \u001b[36m</View>\u001b[39m\n              \u001b[36m<View>\u001b[39m\n                \u001b[36m<Text>\u001b[39m\n                  \u001b[0mSets\u001b[0m\n                \u001b[36m</Text>\u001b[39m\n                \u001b[36m<TextInput\u001b[39m\n                  \u001b[33maccessibilityHint\u001b[39m=\u001b[32m\"Enter number of squats sets\"\u001b[39m\n                  \u001b[33maccessibilityLabel\u001b[39m=\u001b[32m\"Sets\"\u001b[39m\n                  \u001b[33mplaceholder\u001b[39m=\u001b[32m\"e.g., 3\"\u001b[39m\n                  \u001b[33mtestID\u001b[39m=\u001b[32m\"sets-input\"\u001b[39m\n                  \u001b[33mvalue\u001b[39m=\u001b[32m\"3\"\u001b[39m\n                \u001b[36m/>\u001b[39m\n              \u001b[36m</View>\u001b[39m\n              \u001b[36m<View>\u001b[39m\n                \u001b[36m<Text>\u001b[39m\n                  \u001b[0mWeight (kg) - Optional\u001b[0m\n                \u001b[36m</Text>\u001b[39m\n                \u001b[36m<TextInput\u001b[39m\n                  \u001b[33maccessibilityHint\u001b[39m=\u001b[32m\"Enter weight in kilograms (optional)\"\u001b[39m\n                  \u001b[33maccessibilityLabel\u001b[39m=\u001b[32m\"Weight\"\u001b[39m\n                  \u001b[33mplaceholder\u001b[39m=\u001b[32m\"e.g., 50 (optional)\"\u001b[39m\n                  \u001b[33mtestID\u001b[39m=\u001b[32m\"weight-input\"\u001b[39m\n                  \u001b[33mvalue\u001b[39m=\u001b[32m\"\"\u001b[39m\n                \u001b[36m/>\u001b[39m\n                \u001b[36m<Text>\u001b[39m\n                  \u001b[0mLeave empty for bodyweight exercises\u001b[0m\n                \u001b[36m</Text>\u001b[39m\n              \u001b[36m</View>\u001b[39m\n              \u001b[36m<View\u001b[39m\n                \u001b[33maccessibilityRole\u001b[39m=\u001b[32m\"summary\"\u001b[39m\n              \u001b[36m>\u001b[39m\n                \u001b[36m<Text>\u001b[39m\n                  \u001b[0mTotal Volume\u001b[0m\n                \u001b[36m</Text>\u001b[39m\n                \u001b[36m<Text\u001b[39m\n                  \u001b[33mtestID\u001b[39m=\u001b[32m\"volume-display\"\u001b[39m\n                \u001b[36m>\u001b[39m\n                  \u001b[0m60\u001b[0m\n                  \u001b[0m reps\u001b[0m\n                \u001b[36m</Text>\u001b[39m\n              \u001b[36m</View>\u001b[39m\n            \u001b[36m</View>\u001b[39m\n          \u001b[36m</View>\u001b[39m\n          \u001b[36m<View>\u001b[39m\n            \u001b[36m<Text>\u001b[39m\n              \u001b[0mNotes (optional)\u001b[0m\n            \u001b[36m</Text>\u001b[39m\n            \u001b[36m<TextInput\u001b[39m\n              \u001b[33maccessibilityHint\u001b[39m=\u001b[32m\"Optional notes about your workout\"\u001b[39m\n              \u001b[33maccessibilityLabel\u001b[39m=\u001b[32m\"Notes\"\u001b[39m\n              \u001b[33mplaceholder\u001b[39m=\u001b[32m\"Add any additional details...\"\u001b[39m\n              \u001b[33mtestID\u001b[39m=\u001b[32m\"notes-input\"\u001b[39m\n              \u001b[33mvalue\u001b[39m=\u001b[32m\"\"\u001b[39m\n            \u001b[36m/>\u001b[39m\n          \u001b[36m</View>\u001b[39m\n          \u001b[36m<View\u001b[39m\n            \u001b[33maccessibilityHint\u001b[39m=\u001b[32m\"Save your workout to history\"\u001b[39m\n            \u001b[33maccessibilityLabel\u001b[39m=\u001b[32m\"Save workout\"\u001b[39m\n            \u001b[33maccessibilityRole\u001b[39m=\u001b[32m\"button\"\u001b[39m\n            \u001b[33maccessibilityState\u001b[39m=\u001b[32m{\n              {\n                \"disabled\": false,\n              }\n            }\u001b[39m\n            \u001b[33maccessible\u001b[39m=\u001b[32m{true}\u001b[39m\n            \u001b[33mtestID\u001b[39m=\u001b[32m\"save-button\"\u001b[39m\n          \u001b[36m>\u001b[39m\n            \u001b[36m<Text>\u001b[39m\n              \u001b[0mSave Workout\u001b[0m\n            \u001b[36m</Text>\u001b[39m\n          \u001b[36m</View>\u001b[39m\n        \u001b[36m</View>\u001b[39m\n      \u001b[36m</View>\u001b[39m\n      \u001b[36m<View>\u001b[39m\n        \u001b[36m<View />\u001b[39m\n        \u001b[36m<Text>\u001b[39m\n          \u001b[0mNo workouts yet\u001b[0m\n        \u001b[36m</Text>\u001b[39m\n        \u001b[36m<Text>\u001b[39m\n          \u001b[0mLog your first workout to get started!\u001b[0m\n        \u001b[36m</Text>\u001b[39m\n      \u001b[36m</View>\u001b[39m\n    \u001b[36m</View>\u001b[39m\n  \u001b[36m</RCTScrollView>\u001b[39m\n\u001b[36m</RCTSafeAreaView>\u001b[39m\n    at Object.getByTestId (C:\\Users\\neuroshell\\Documents\\src\\trapp\\__tests__\\performance.test.tsx:184:30)\n    at Generator.next (<anonymous>)\n    at asyncGeneratorStep (C:\\Users\\neuroshell\\Documents\\src\\trapp\\node_modules\\@babel\\runtime\\helpers\\asyncToGenerator.js:3:17)\n    at _next (C:\\Users\\neuroshell\\Documents\\src\\trapp\\node_modules\\@babel\\runtime\\helpers\\asyncToGenerator.js:17:9)"],"fullName":"Performance Tests - Quick Log should complete strength workout log in under 10 seconds","invocations":1,"location":null,"numPassingAsserts":0,"retryReasons":[],"status":"failed","title":"should complete strength workout log in under 10 seconds"}],"endTime":1773678420183,"message":"\u001b[1m\u001b[31m  \u001b[1m● \u001b[22m\u001b[1mPerformance Tests - Quick Log › should complete strength workout log in under 10 seconds\u001b[39m\u001b[22m\n\n    Unable to find an element with testID: save-workout-button\n\n    \u001b[36m<RCTSafeAreaView>\u001b[39m\n      \u001b[36m<Text>\u001b[39m\n        \u001b[0mLog Workout\u001b[0m\n      \u001b[36m</Text>\u001b[39m\n      \u001b[36m<RCTScrollView\u001b[39m\n        \u001b[33mtestID\u001b[39m=\u001b[32m\"workouts-list\"\u001b[39m\n      \u001b[36m>\u001b[39m\n        \u001b[36m<View>\u001b[39m\n          \u001b[36m<View>\u001b[39m\n            \u001b[36m<View>\u001b[39m\n              \u001b[36m<View\u001b[39m\n                \u001b[33mtestID\u001b[39m=\u001b[32m\"workout-type-selector\"\u001b[39m\n              \u001b[36m>\u001b[39m\n                \u001b[36m<Text>\u001b[39m\n                  \u001b[0mWorkout Type\u001b[0m\n                \u001b[36m</Text>\u001b[39m\n                \u001b[36m<View>\u001b[39m\n                  \u001b[36m<View\u001b[39m\n                    \u001b[33maccessibilityHint\u001b[39m=\u001b[32m\"Select running workout\"\u001b[39m\n                    \u001b[33maccessibilityLabel\u001b[39m=\u001b[32m\"Running\"\u001b[39m\n                    \u001b[33maccessibilityRole\u001b[39m=\u001b[32m\"button\"\u001b[39m\n                    \u001b[33maccessibilityState\u001b[39m=\u001b[32m{\n                      {\n                        \"disabled\": false,\n                      }\n                    }\u001b[39m\n                    \u001b[33maccessible\u001b[39m=\u001b[32m{true}\u001b[39m\n                    \u001b[33mtestID\u001b[39m=\u001b[32m\"type-running\"\u001b[39m\n                  \u001b[36m>\u001b[39m\n                    \u001b[36m<Text>\u001b[39m\n                      \u001b[36m<View>\u001b[39m\n                        \u001b[36m<View />\u001b[39m\n                        \u001b[36m<Text>\u001b[39m\n                          \u001b[0mRunning\u001b[0m\n                        \u001b[36m</Text>\u001b[39m\n                      \u001b[36m</View>\u001b[39m\n                    \u001b[36m</Text>\u001b[39m\n                  \u001b[36m</View>\u001b[39m\n                  \u001b[36m<View\u001b[39m\n                    \u001b[33maccessibilityHint\u001b[39m=\u001b[32m\"Select squats workout\"\u001b[39m\n                    \u001b[33maccessibilityLabel\u001b[39m=\u001b[32m\"Squats\"\u001b[39m\n                    \u001b[33maccessibilityRole\u001b[39m=\u001b[32m\"button\"\u001b[39m\n                    \u001b[33maccessibilityState\u001b[39m=\u001b[32m{\n                      {\n                        \"disabled\": false,\n                      }\n                    }\u001b[39m\n                    \u001b[33maccessible\u001b[39m=\u001b[32m{true}\u001b[39m\n                    \u001b[33mtestID\u001b[39m=\u001b[32m\"type-squats\"\u001b[39m\n                  \u001b[36m>\u001b[39m\n                    \u001b[36m<Text>\u001b[39m\n                      \u001b[36m<View>\u001b[39m\n                        \u001b[36m<View />\u001b[39m\n                        \u001b[36m<Text>\u001b[39m\n                          \u001b[0mSquats\u001b[0m\n                        \u001b[36m</Text>\u001b[39m\n                      \u001b[36m</View>\u001b[39m\n                    \u001b[36m</Text>\u001b[39m\n                  \u001b[36m</View>\u001b[39m\n                  \u001b[36m<View\u001b[39m\n                    \u001b[33maccessibilityHint\u001b[39m=\u001b[32m\"Select push-ups workout\"\u001b[39m\n                    \u001b[33maccessibilityLabel\u001b[39m=\u001b[32m\"Push-ups\"\u001b[39m\n                    \u001b[33maccessibilityRole\u001b[39m=\u001b[32m\"button\"\u001b[39m\n                    \u001b[33maccessibilityState\u001b[39m=\u001b[32m{\n                      {\n                        \"disabled\": false,\n                      }\n                    }\u001b[39m\n                    \u001b[33maccessible\u001b[39m=\u001b[32m{true}\u001b[39m\n                    \u001b[33mtestID\u001b[39m=\u001b[32m\"type-pushups\"\u001b[39m\n                  \u001b[36m>\u001b[39m\n                    \u001b[36m<Text>\u001b[39m\n                      \u001b[36m<View>\u001b[39m\n                        \u001b[36m<View />\u001b[39m\n                        \u001b[36m<Text>\u001b[39m\n                          \u001b[0mPush-ups\u001b[0m\n                        \u001b[36m</Text>\u001b[39m\n                      \u001b[36m</View>\u001b[39m\n                    \u001b[36m</Text>\u001b[39m\n                  \u001b[36m</View>\u001b[39m\n                  \u001b[36m<View\u001b[39m\n                    \u001b[33maccessibilityHint\u001b[39m=\u001b[32m\"Select pull-ups workout\"\u001b[39m\n                    \u001b[33maccessibilityLabel\u001b[39m=\u001b[32m\"Pull-ups\"\u001b[39m\n                    \u001b[33maccessibilityRole\u001b[39m=\u001b[32m\"button\"\u001b[39m\n                    \u001b[33maccessibilityState\u001b[39m=\u001b[32m{\n                      {\n                        \"disabled\": false,\n                      }\n                    }\u001b[39m\n                    \u001b[33maccessible\u001b[39m=\u001b[32m{true}\u001b[39m\n                    \u001b[33mtestID\u001b[39m=\u001b[32m\"type-pullups\"\u001b[39m\n                  \u001b[36m>\u001b[39m\n                    \u001b[36m<Text>\u001b[39m\n                      \u001b[36m<View>\u001b[39m\n                        \u001b[36m<View />\u001b[39m\n                        \u001b[36m<Text>\u001b[39m\n                          \u001b[0mPull-ups\u001b[0m\n                        \u001b[36m</Text>\u001b[39m\n                      \u001b[36m</View>\u001b[39m\n                    \u001b[36m</Text>\u001b[39m\n                  \u001b[36m</View>\u001b[39m\n                  \u001b[36m<View\u001b[39m\n                    \u001b[33maccessibilityHint\u001b[39m=\u001b[32m\"Select other workout\"\u001b[39m\n                    \u001b[33maccessibilityLabel\u001b[39m=\u001b[32m\"Other\"\u001b[39m\n                    \u001b[33maccessibilityRole\u001b[39m=\u001b[32m\"button\"\u001b[39m\n                    \u001b[33maccessibilityState\u001b[39m=\u001b[32m{\n                      {\n                        \"disabled\": false,\n                      }\n                    }\u001b[39m\n                    \u001b[33maccessible\u001b[39m=\u001b[32m{true}\u001b[39m\n                    \u001b[33mtestID\u001b[39m=\u001b[32m\"type-other\"\u001b[39m\n                  \u001b[36m>\u001b[39m\n                    \u001b[36m<Text>\u001b[39m\n                      \u001b[36m<View>\u001b[39m\n                        \u001b[36m<View />\u001b[39m\n                        \u001b[36m<Text>\u001b[39m\n                          \u001b[0mOther\u001b[0m\n                        \u001b[36m</Text>\u001b[39m\n                      \u001b[36m</View>\u001b[39m\n                    \u001b[36m</Text>\u001b[39m\n                  \u001b[36m</View>\u001b[39m\n                \u001b[36m</View>\u001b[39m\n              \u001b[36m</View>\u001b[39m\n              \u001b[36m<View>\u001b[39m\n                \u001b[36m<View\u001b[39m\n                  \u001b[33mtestID\u001b[39m=\u001b[32m\"datetime-field\"\u001b[39m\n                \u001b[36m>\u001b[39m\n                  \u001b[36m<Text>\u001b[39m\n                    \u001b[0mDate & Time\u001b[0m\n                  \u001b[36m</Text>\u001b[39m\n                  \u001b[36m<View\u001b[39m\n                    \u001b[33maccessible\u001b[39m=\u001b[32m{true}\u001b[39m\n                    \u001b[33mtestID\u001b[39m=\u001b[32m\"datetime-picker\"\u001b[39m\n                  \u001b[36m>\u001b[39m\n                    \u001b[36m<Text>\u001b[39m\n                      \u001b[0mMar 16, 2026 · 12:26 PM\u001b[0m\n                    \u001b[36m</Text>\u001b[39m\n                    \u001b[36m<View />\u001b[39m\n                  \u001b[36m</View>\u001b[39m\n                \u001b[36m</View>\u001b[39m\n              \u001b[36m</View>\u001b[39m\n              \u001b[36m<View>\u001b[39m\n                \u001b[36m<View\u001b[39m\n                  \u001b[33maccessibilityRole\u001b[39m=\u001b[32m\"none\"\u001b[39m\n                \u001b[36m>\u001b[39m\n                  \u001b[36m<View>\u001b[39m\n                    \u001b[36m<Text>\u001b[39m\n                      \u001b[0mReps\u001b[0m\n                    \u001b[36m</Text>\u001b[39m\n                    \u001b[36m<TextInput\u001b[39m\n                      \u001b[33maccessibilityHint\u001b[39m=\u001b[32m\"Enter number of squats repetitions\"\u001b[39m\n                      \u001b[33maccessibilityLabel\u001b[39m=\u001b[32m\"Repetitions\"\u001b[39m\n                      \u001b[33mplaceholder\u001b[39m=\u001b[32m\"e.g., 20\"\u001b[39m\n                      \u001b[33mtestID\u001b[39m=\u001b[32m\"reps-input\"\u001b[39m\n                      \u001b[33mvalue\u001b[39m=\u001b[32m\"20\"\u001b[39m\n                    \u001b[36m/>\u001b[39m\n                  \u001b[36m</View>\u001b[39m\n                  \u001b[36m<View>\u001b[39m\n                    \u001b[36m<Text>\u001b[39m\n                      \u001b[0mSets\u001b[0m\n                    \u001b[36m</Text>\u001b[39m\n                    \u001b[36m<TextInput\u001b[39m\n                      \u001b[33maccessibilityHint\u001b[39m=\u001b[32m\"Enter number of squats sets\"\u001b[39m\n                      \u001b[33maccessibilityLabel\u001b[39m=\u001b[32m\"Sets\"\u001b[39m\n                      \u001b[33mplaceholder\u001b[39m=\u001b[32m\"e.g., 3\"\u001b[39m\n                      \u001b[33mtestID\u001b[39m=\u001b[32m\"sets-input\"\u001b[39m\n                      \u001b[33mvalue\u001b[39m=\u001b[32m\"3\"\u001b[39m\n                    \u001b[36m/>\u001b[39m\n                  \u001b[36m</View>\u001b[39m\n                  \u001b[36m<View>\u001b[39m\n                    \u001b[36m<Text>\u001b[39m\n                      \u001b[0mWeight (kg) - Optional\u001b[0m\n                    \u001b[36m</Text>\u001b[39m\n                    \u001b[36m<TextInput\u001b[39m\n                      \u001b[33maccessibilityHint\u001b[39m=\u001b[32m\"Enter weight in kilograms (optional)\"\u001b[39m\n                      \u001b[33maccessibilityLabel\u001b[39m=\u001b[32m\"Weight\"\u001b[39m\n                      \u001b[33mplaceholder\u001b[39m=\u001b[32m\"e.g., 50 (optional)\"\u001b[39m\n                      \u001b[33mtestID\u001b[39m=\u001b[32m\"weight-input\"\u001b[39m\n                      \u001b[33mvalue\u001b[39m=\u001b[32m\"\"\u001b[39m\n                    \u001b[36m/>\u001b[39m\n                    \u001b[36m<Text>\u001b[39m\n                      \u001b[0mLeave empty for bodyweight exercises\u001b[0m\n                    \u001b[36m</Text>\u001b[39m\n                  \u001b[36m</View>\u001b[39m\n                  \u001b[36m<View\u001b[39m\n                    \u001b[33maccessibilityRole\u001b[39m=\u001b[32m\"summary\"\u001b[39m\n                  \u001b[36m>\u001b[39m\n                    \u001b[36m<Text>\u001b[39m\n                      \u001b[0mTotal Volume\u001b[0m\n                    \u001b[36m</Text>\u001b[39m\n                    \u001b[36m<Text\u001b[39m\n                      \u001b[33mtestID\u001b[39m=\u001b[32m\"volume-display\"\u001b[39m\n                    \u001b[36m>\u001b[39m\n                      \u001b[0m60\u001b[0m\n                      \u001b[0m reps\u001b[0m\n                    \u001b[36m</Text>\u001b[39m\n                  \u001b[36m</View>\u001b[39m\n                \u001b[36m</View>\u001b[39m\n              \u001b[36m</View>\u001b[39m\n              \u001b[36m<View>\u001b[39m\n                \u001b[36m<Text>\u001b[39m\n                  \u001b[0mNotes (optional)\u001b[0m\n                \u001b[36m</Text>\u001b[39m\n                \u001b[36m<TextInput\u001b[39m\n                  \u001b[33maccessibilityHint\u001b[39m=\u001b[32m\"Optional notes about your workout\"\u001b[39m\n                  \u001b[33maccessibilityLabel\u001b[39m=\u001b[32m\"Notes\"\u001b[39m\n                  \u001b[33mplaceholder\u001b[39m=\u001b[32m\"Add any additional details...\"\u001b[39m\n                  \u001b[33mtestID\u001b[39m=\u001b[32m\"notes-input\"\u001b[39m\n                  \u001b[33mvalue\u001b[39m=\u001b[32m\"\"\u001b[39m\n                \u001b[36m/>\u001b[39m\n              \u001b[36m</View>\u001b[39m\n              \u001b[36m<View\u001b[39m\n                \u001b[33maccessibilityHint\u001b[39m=\u001b[32m\"Save your workout to history\"\u001b[39m\n                \u001b[33maccessibilityLabel\u001b[39m=\u001b[32m\"Save workout\"\u001b[39m\n                \u001b[33maccessibilityRole\u001b[39m=\u001b[32m\"button\"\u001b[39m\n                \u001b[33maccessibilityState\u001b[39m=\u001b[32m{\n                  {\n                    \"disabled\": false,\n                  }\n                }\u001b[39m\n                \u001b[33maccessible\u001b[39m=\u001b[32m{true}\u001b[39m\n                \u001b[33mtestID\u001b[39m=\u001b[32m\"save-button\"\u001b[39m\n              \u001b[36m>\u001b[39m\n                \u001b[36m<Text>\u001b[39m\n                  \u001b[0mSave Workout\u001b[0m\n                \u001b[36m</Text>\u001b[39m\n              \u001b[36m</View>\u001b[39m\n            \u001b[36m</View>\u001b[39m\n          \u001b[36m</View>\u001b[39m\n          \u001b[36m<View>\u001b[39m\n            \u001b[36m<View />\u001b[39m\n            \u001b[36m<Text>\u001b[39m\n              \u001b[0mNo workouts yet\u001b[0m\n            \u001b[36m</Text>\u001b[39m\n            \u001b[36m<Text>\u001b[39m\n              \u001b[0mLog your first workout to get started!\u001b[0m\n            \u001b[36m</Text>\u001b[39m\n          \u001b[36m</View>\u001b[39m\n        \u001b[36m</View>\u001b[39m\n      \u001b[36m</RCTScrollView>\u001b[39m\n    \u001b[36m</RCTSafeAreaView>\u001b[39m\n\u001b[2m\u001b[22m\n\u001b[2m    \u001b[0m \u001b[90m 182 |\u001b[39m\u001b[22m\n\u001b[2m     \u001b[90m 183 |\u001b[39m       \u001b[90m// Save\u001b[39m\u001b[22m\n\u001b[2m    \u001b[31m\u001b[1m>\u001b[22m\u001b[2m\u001b[39m\u001b[90m 184 |\u001b[39m       fireEvent\u001b[33m.\u001b[39mpress(screen\u001b[33m.\u001b[39mgetByTestId(\u001b[32m\"save-workout-button\"\u001b[39m))\u001b[33m;\u001b[39m\u001b[22m\n\u001b[2m     \u001b[90m     |\u001b[39m                              \u001b[31m\u001b[1m^\u001b[22m\u001b[2m\u001b[39m\u001b[22m\n\u001b[2m     \u001b[90m 185 |\u001b[39m\u001b[22m\n\u001b[2m     \u001b[90m 186 |\u001b[39m       \u001b[36mawait\u001b[39m waitForAsync()\u001b[33m;\u001b[39m\u001b[22m\n\u001b[2m     \u001b[90m 187 |\u001b[39m       expect(mockSaveWorkout)\u001b[33m.\u001b[39mtoHaveBeenCalled()\u001b[33m;\u001b[39m\u001b[0m\u001b[22m\n\u001b[2m\u001b[22m\n\u001b[2m      \u001b[2mat Object.getByTestId (\u001b[22m\u001b[2m\u001b[0m\u001b[36m__tests__/performance.test.tsx\u001b[39m\u001b[0m\u001b[2m:184:30)\u001b[22m\u001b[2m\u001b[22m\n\u001b[2m      \u001b[2mat asyncGeneratorStep (\u001b[22m\u001b[2mnode_modules/@babel/runtime/helpers/asyncToGenerator.js\u001b[2m:3:17)\u001b[22m\u001b[2m\u001b[22m\n\u001b[2m      \u001b[2mat _next (\u001b[22m\u001b[2mnode_modules/@babel/runtime/helpers/asyncToGenerator.js\u001b[2m:17:9)\u001b[22m\u001b[2m\u001b[22m\n","name":"C:\\Users\\neuroshell\\Documents\\src\\trapp\\__tests__\\performance.test.tsx","startTime":1773678419866,"status":"failed","summary":""},{"assertionResults":[{"ancestorTitles":["Accessibility Tests","LogRunningForm Accessibility"],"duration":24,"failureDetails":[],"failureMessages":[],"fullName":"Accessibility Tests LogRunningForm Accessibility should have accessible labels on all inputs","invocations":1,"location":null,"numPassingAsserts":2,"retryReasons":[],"status":"passed","title":"should have accessible labels on all inputs"},{"ancestorTitles":["Accessibility Tests","LogRunningForm Accessibility"],"duration":2,"failureDetails":[],"failureMessages":[],"fullName":"Accessibility Tests LogRunningForm Accessibility should have accessibility hints on all inputs","invocations":1,"location":null,"numPassingAsserts":2,"retryReasons":[],"status":"passed","title":"should have accessibility hints on all inputs"},{"ancestorTitles":["Accessibility Tests","LogRunningForm Accessibility"],"duration":1,"failureDetails":[{"matcherResult":{"expected":true,"message":"\u001b[2mexpect(\u001b[22m\u001b[31mreceived\u001b[39m\u001b[2m).\u001b[22mtoBe\u001b[2m(\u001b[22m\u001b[32mexpected\u001b[39m\u001b[2m) // Object.is equality\u001b[22m\n\nExpected: \u001b[32mtrue\u001b[39m\nReceived: \u001b[31mundefined\u001b[39m","name":"toBe","pass":false}}],"failureMessages":["Error: \u001b[2mexpect(\u001b[22m\u001b[31mreceived\u001b[39m\u001b[2m).\u001b[22mtoBe\u001b[2m(\u001b[22m\u001b[32mexpected\u001b[39m\u001b[2m) // Object.is equality\u001b[22m\n\nExpected: \u001b[32mtrue\u001b[39m\nReceived: \u001b[31mundefined\u001b[39m\n    at Object.toBe (C:\\Users\\neuroshell\\Documents\\src\\trapp\\__tests__\\accessibility.test.tsx:65:56)\n    at Promise.then.completed (C:\\Users\\neuroshell\\Documents\\src\\trapp\\node_modules\\jest-circus\\build\\utils.js:298:28)\n    at new Promise (<anonymous>)\n    at callAsyncCircusFn (C:\\Users\\neuroshell\\Documents\\src\\trapp\\node_modules\\jest-circus\\build\\utils.js:231:10)\n    at _callCircusTest (C:\\Users\\neuroshell\\Documents\\src\\trapp\\node_modules\\jest-circus\\build\\run.js:316:40)\n    at _runTest (C:\\Users\\neuroshell\\Documents\\src\\trapp\\node_modules\\jest-circus\\build\\run.js:252:3)\n    at _runTestsForDescribeBlock (C:\\Users\\neuroshell\\Documents\\src\\trapp\\node_modules\\jest-circus\\build\\run.js:126:9)\n    at _runTestsForDescribeBlock (C:\\Users\\neuroshell\\Documents\\src\\trapp\\node_modules\\jest-circus\\build\\run.js:121:9)\n    at _runTestsForDescribeBlock (C:\\Users\\neuroshell\\Documents\\src\\trapp\\node_modules\\jest-circus\\build\\run.js:121:9)\n    at run (C:\\Users\\neuroshell\\Documents\\src\\trapp\\node_modules\\jest-circus\\build\\run.js:71:3)\n    at runAndTransformResultsToJestFormat (C:\\Users\\neuroshell\\Documents\\src\\trapp\\node_modules\\jest-circus\\build\\legacy-code-todo-rewrite\\jestAdapterInit.js:122:21)\n    at jestAdapter (C:\\Users\\neuroshell\\Documents\\src\\trapp\\node_modules\\jest-circus\\build\\legacy-code-todo-rewrite\\jestAdapter.js:79:19)\n    at runTestInternal (C:\\Users\\neuroshell\\Documents\\src\\trapp\\node_modules\\jest-runner\\build\\runTest.js:367:16)\n    at runTest (C:\\Users\\neuroshell\\Documents\\src\\trapp\\node_modules\\jest-runner\\build\\runTest.js:444:34)"],"fullName":"Accessibility Tests LogRunningForm Accessibility should mark invalid inputs with accessibilityInvalid","invocations":1,"location":null,"numPassingAsserts":0,"retryReasons":[],"status":"failed","title":"should mark invalid inputs with accessibilityInvalid"},{"ancestorTitles":["Accessibility Tests","LogRunningForm Accessibility"],"duration":1,"failureDetails":[],"failureMessages":[],"fullName":"Accessibility Tests LogRunningForm Accessibility should use alert role for error messages","invocations":1,"location":null,"numPassingAsserts":1,"retryReasons":[],"status":"passed","title":"should use alert role for error messages"},{"ancestorTitles":["Accessibility Tests","LogRunningForm Accessibility"],"duration":1,"failureDetails":[],"failureMessages":[],"fullName":"Accessibility Tests LogRunningForm Accessibility should have form role on container","invocations":1,"location":null,"numPassingAsserts":1,"retryReasons":[],"status":"passed","title":"should have form role on container"},{"ancestorTitles":["Accessibility Tests","LogRunningForm Accessibility"],"duration":117,"failureDetails":[],"failureMessages":[],"fullName":"Accessibility Tests LogRunningForm Accessibility should announce pace changes to screen readers","invocations":1,"location":null,"numPassingAsserts":1,"retryReasons":[],"status":"passed","title":"should announce pace changes to screen readers"},{"ancestorTitles":["Accessibility Tests","LogStrengthForm Accessibility"],"duration":3,"failureDetails":[],"failureMessages":[],"fullName":"Accessibility Tests LogStrengthForm Accessibility should have accessible labels on all inputs","invocations":1,"location":null,"numPassingAsserts":3,"retryReasons":[],"status":"passed","title":"should have accessible labels on all inputs"},{"ancestorTitles":["Accessibility Tests","LogStrengthForm Accessibility"],"duration":1,"failureDetails":[],"failureMessages":[],"fullName":"Accessibility Tests LogStrengthForm Accessibility should have exercise-specific accessibility hints","invocations":1,"location":null,"numPassingAsserts":1,"retryReasons":[],"status":"passed","title":"should have exercise-specific accessibility hints"},{"ancestorTitles":["Accessibility Tests","LogStrengthForm Accessibility"],"duration":1,"failureDetails":[{"matcherResult":{"expected":true,"message":"\u001b[2mexpect(\u001b[22m\u001b[31mreceived\u001b[39m\u001b[2m).\u001b[22mtoBe\u001b[2m(\u001b[22m\u001b[32mexpected\u001b[39m\u001b[2m) // Object.is equality\u001b[22m\n\nExpected: \u001b[32mtrue\u001b[39m\nReceived: \u001b[31mundefined\u001b[39m","name":"toBe","pass":false}}],"failureMessages":["Error: \u001b[2mexpect(\u001b[22m\u001b[31mreceived\u001b[39m\u001b[2m).\u001b[22mtoBe\u001b[2m(\u001b[22m\u001b[32mexpected\u001b[39m\u001b[2m) // Object.is equality\u001b[22m\n\nExpected: \u001b[32mtrue\u001b[39m\nReceived: \u001b[31mundefined\u001b[39m\n    at Object.toBe (C:\\Users\\neuroshell\\Documents\\src\\trapp\\__tests__\\accessibility.test.tsx:180:52)\n    at Promise.then.completed (C:\\Users\\neuroshell\\Documents\\src\\trapp\\node_modules\\jest-circus\\build\\utils.js:298:28)\n    at new Promise (<anonymous>)\n    at callAsyncCircusFn (C:\\Users\\neuroshell\\Documents\\src\\trapp\\node_modules\\jest-circus\\build\\utils.js:231:10)\n    at _callCircusTest (C:\\Users\\neuroshell\\Documents\\src\\trapp\\node_modules\\jest-circus\\build\\run.js:316:40)\n    at _runTest (C:\\Users\\neuroshell\\Documents\\src\\trapp\\node_modules\\jest-circus\\build\\run.js:252:3)\n    at _runTestsForDescribeBlock (C:\\Users\\neuroshell\\Documents\\src\\trapp\\node_modules\\jest-circus\\build\\run.js:126:9)\n    at _runTestsForDescribeBlock (C:\\Users\\neuroshell\\Documents\\src\\trapp\\node_modules\\jest-circus\\build\\run.js:121:9)\n    at _runTestsForDescribeBlock (C:\\Users\\neuroshell\\Documents\\src\\trapp\\node_modules\\jest-circus\\build\\run.js:121:9)\n    at run (C:\\Users\\neuroshell\\Documents\\src\\trapp\\node_modules\\jest-circus\\build\\run.js:71:3)\n    at runAndTransformResultsToJestFormat (C:\\Users\\neuroshell\\Documents\\src\\trapp\\node_modules\\jest-circus\\build\\legacy-code-todo-rewrite\\jestAdapterInit.js:122:21)\n    at jestAdapter (C:\\Users\\neuroshell\\Documents\\src\\trapp\\node_modules\\jest-circus\\build\\legacy-code-todo-rewrite\\jestAdapter.js:79:19)\n    at runTestInternal (C:\\Users\\neuroshell\\Documents\\src\\trapp\\node_modules\\jest-runner\\build\\runTest.js:367:16)\n    at runTest (C:\\Users\\neuroshell\\Documents\\src\\trapp\\node_modules\\jest-runner\\build\\runTest.js:444:34)"],"fullName":"Accessibility Tests LogStrengthForm Accessibility should mark invalid inputs with accessibilityInvalid","invocations":1,"location":null,"numPassingAsserts":0,"retryReasons":[],"status":"failed","title":"should mark invalid inputs with accessibilityInvalid"},{"ancestorTitles":["Accessibility Tests","LogStrengthForm Accessibility"],"duration":0,"failureDetails":[],"failureMessages":[],"fullName":"Accessibility Tests LogStrengthForm Accessibility should use alert role for error messages","invocations":1,"location":null,"numPassingAsserts":1,"retryReasons":[],"status":"passed","title":"should use alert role for error messages"},{"ancestorTitles":["Accessibility Tests","DeleteConfirmationDialog Accessibility"],"duration":2,"failureDetails":[],"failureMessages":[],"fullName":"Accessibility Tests DeleteConfirmationDialog Accessibility should have alertdialog role","invocations":1,"location":null,"numPassingAsserts":1,"retryReasons":[],"status":"passed","title":"should have alertdialog role"},{"ancestorTitles":["Accessibility Tests","DeleteConfirmationDialog Accessibility"],"duration":3,"failureDetails":[],"failureMessages":[],"fullName":"Accessibility Tests DeleteConfirmationDialog Accessibility should have accessible labels on buttons","invocations":1,"location":null,"numPassingAsserts":2,"retryReasons":[],"status":"passed","title":"should have accessible labels on buttons"},{"ancestorTitles":["Accessibility Tests","DeleteConfirmationDialog Accessibility"],"duration":2,"failureDetails":[],"failureMessages":[],"fullName":"Accessibility Tests DeleteConfirmationDialog Accessibility should have accessibility hints on buttons","invocations":1,"location":null,"numPassingAsserts":2,"retryReasons":[],"status":"passed","title":"should have accessibility hints on buttons"},{"ancestorTitles":["Accessibility Tests","DeleteConfirmationDialog Accessibility"],"duration":1,"failureDetails":[],"failureMessages":[],"fullName":"Accessibility Tests DeleteConfirmationDialog Accessibility should have header role on title","invocations":1,"location":null,"numPassingAsserts":1,"retryReasons":[],"status":"passed","title":"should have header role on title"},{"ancestorTitles":["Accessibility Tests","QuickLogButton Accessibility"],"duration":2,"failureDetails":[],"failureMessages":[],"fullName":"Accessibility Tests QuickLogButton Accessibility should have button role","invocations":1,"location":null,"numPassingAsserts":1,"retryReasons":[],"status":"passed","title":"should have button role"},{"ancestorTitles":["Accessibility Tests","QuickLogButton Accessibility"],"duration":1,"failureDetails":[],"failureMessages":[],"fullName":"Accessibility Tests QuickLogButton Accessibility should have accessible label","invocations":1,"location":null,"numPassingAsserts":1,"retryReasons":[],"status":"passed","title":"should have accessible label"},{"ancestorTitles":["Accessibility Tests","QuickLogButton Accessibility"],"duration":1,"failureDetails":[],"failureMessages":[],"fullName":"Accessibility Tests QuickLogButton Accessibility should have accessibility hint","invocations":1,"location":null,"numPassingAsserts":1,"retryReasons":[],"status":"passed","title":"should have accessibility hint"},{"ancestorTitles":["Accessibility Tests","QuickLogButton Accessibility"],"duration":1,"failureDetails":[],"failureMessages":[],"fullName":"Accessibility Tests QuickLogButton Accessibility should have minimum touch target of 44x44","invocations":1,"location":null,"numPassingAsserts":1,"retryReasons":[],"status":"passed","title":"should have minimum touch target of 44x44"},{"ancestorTitles":["Accessibility Tests","Touch Target Sizes"],"duration":0,"failureDetails":[],"failureMessages":[],"fullName":"Accessibility Tests Touch Target Sizes should have 48px minimum height for inputs","invocations":1,"location":null,"numPassingAsserts":1,"retryReasons":[],"status":"passed","title":"should have 48px minimum height for inputs"},{"ancestorTitles":["Accessibility Tests","Touch Target Sizes"],"duration":1,"failureDetails":[],"failureMessages":[],"fullName":"Accessibility Tests Touch Target Sizes should have proper touch targets for buttons","invocations":1,"location":null,"numPassingAsserts":2,"retryReasons":[],"status":"passed","title":"should have proper touch targets for buttons"}],"endTime":1773678420432,"message":"\u001b[1m\u001b[31m  \u001b[1m● \u001b[22m\u001b[1mAccessibility Tests › LogRunningForm Accessibility › should mark invalid inputs with accessibilityInvalid\u001b[39m\u001b[22m\n\n    \u001b[2mexpect(\u001b[22m\u001b[31mreceived\u001b[39m\u001b[2m).\u001b[22mtoBe\u001b[2m(\u001b[22m\u001b[32mexpected\u001b[39m\u001b[2m) // Object.is equality\u001b[22m\n\n    Expected: \u001b[32mtrue\u001b[39m\n    Received: \u001b[31mundefined\u001b[39m\n\u001b[2m\u001b[22m\n\u001b[2m    \u001b[0m \u001b[90m 63 |\u001b[39m\u001b[22m\n\u001b[2m     \u001b[90m 64 |\u001b[39m       \u001b[36mconst\u001b[39m distanceInput \u001b[33m=\u001b[39m screen\u001b[33m.\u001b[39mgetByTestId(\u001b[32m\"distance-input\"\u001b[39m)\u001b[33m;\u001b[39m\u001b[22m\n\u001b[2m    \u001b[31m\u001b[1m>\u001b[22m\u001b[2m\u001b[39m\u001b[90m 65 |\u001b[39m       expect(distanceInput\u001b[33m.\u001b[39mprops\u001b[33m.\u001b[39maccessibilityInvalid)\u001b[33m.\u001b[39mtoBe(\u001b[36mtrue\u001b[39m)\u001b[33m;\u001b[39m\u001b[22m\n\u001b[2m     \u001b[90m    |\u001b[39m                                                        \u001b[31m\u001b[1m^\u001b[22m\u001b[2m\u001b[39m\u001b[22m\n\u001b[2m     \u001b[90m 66 |\u001b[39m     })\u001b[33m;\u001b[39m\u001b[22m\n\u001b[2m     \u001b[90m 67 |\u001b[39m\u001b[22m\n\u001b[2m     \u001b[90m 68 |\u001b[39m     it(\u001b[32m\"should use alert role for error messages\"\u001b[39m\u001b[33m,\u001b[39m () \u001b[33m=>\u001b[39m {\u001b[0m\u001b[22m\n\u001b[2m\u001b[22m\n\u001b[2m      \u001b[2mat Object.toBe (\u001b[22m\u001b[2m\u001b[0m\u001b[36m__tests__/accessibility.test.tsx\u001b[39m\u001b[0m\u001b[2m:65:56)\u001b[22m\u001b[2m\u001b[22m\n\n\u001b[1m\u001b[31m  \u001b[1m● \u001b[22m\u001b[1mAccessibility Tests › LogStrengthForm Accessibility › should mark invalid inputs with accessibilityInvalid\u001b[39m\u001b[22m\n\n    \u001b[2mexpect(\u001b[22m\u001b[31mreceived\u001b[39m\u001b[2m).\u001b[22mtoBe\u001b[2m(\u001b[22m\u001b[32mexpected\u001b[39m\u001b[2m) // Object.is equality\u001b[22m\n\n    Expected: \u001b[32mtrue\u001b[39m\n    Received: \u001b[31mundefined\u001b[39m\n\u001b[2m\u001b[22m\n\u001b[2m    \u001b[0m \u001b[90m 178 |\u001b[39m\u001b[22m\n\u001b[2m     \u001b[90m 179 |\u001b[39m       \u001b[36mconst\u001b[39m repsInput \u001b[33m=\u001b[39m screen\u001b[33m.\u001b[39mgetByTestId(\u001b[32m\"reps-input\"\u001b[39m)\u001b[33m;\u001b[39m\u001b[22m\n\u001b[2m    \u001b[31m\u001b[1m>\u001b[22m\u001b[2m\u001b[39m\u001b[90m 180 |\u001b[39m       expect(repsInput\u001b[33m.\u001b[39mprops\u001b[33m.\u001b[39maccessibilityInvalid)\u001b[33m.\u001b[39mtoBe(\u001b[36mtrue\u001b[39m)\u001b[33m;\u001b[39m\u001b[22m\n\u001b[2m     \u001b[90m     |\u001b[39m                                                    \u001b[31m\u001b[1m^\u001b[22m\u001b[2m\u001b[39m\u001b[22m\n\u001b[2m     \u001b[90m 181 |\u001b[39m     })\u001b[33m;\u001b[39m\u001b[22m\n\u001b[2m     \u001b[90m 182 |\u001b[39m\u001b[22m\n\u001b[2m     \u001b[90m 183 |\u001b[39m     it(\u001b[32m\"should use alert role for error messages\"\u001b[39m\u001b[33m,\u001b[39m () \u001b[33m=>\u001b[39m {\u001b[0m\u001b[22m\n\u001b[2m\u001b[22m\n\u001b[2m      \u001b[2mat Object.toBe (\u001b[22m\u001b[2m\u001b[0m\u001b[36m__tests__/accessibility.test.tsx\u001b[39m\u001b[0m\u001b[2m:180:52)\u001b[22m\u001b[2m\u001b[22m\n","name":"C:\\Users\\neuroshell\\Documents\\src\\trapp\\__tests__\\accessibility.test.tsx","startTime":1773678420190,"status":"failed","summary":""},{"assertionResults":[{"ancestorTitles":["AuthContext","validation functions","validateEmail"],"duration":6,"failureDetails":[],"failureMessages":[],"fullName":"AuthContext validation functions validateEmail returns true for valid emails","invocations":1,"location":null,"numPassingAsserts":3,"retryReasons":[],"status":"passed","title":"returns true for valid emails"},{"ancestorTitles":["AuthContext","validation functions","validateEmail"],"duration":0,"failureDetails":[],"failureMessages":[],"fullName":"AuthContext validation functions validateEmail returns false for invalid emails","invocations":1,"location":null,"numPassingAsserts":5,"retryReasons":[],"status":"passed","title":"returns false for invalid emails"},{"ancestorTitles":["AuthContext","validation functions","validatePassword"],"duration":1,"failureDetails":[],"failureMessages":[],"fullName":"AuthContext validation functions validatePassword rejects passwords shorter than 8 characters","invocations":1,"location":null,"numPassingAsserts":2,"retryReasons":[],"status":"passed","title":"rejects passwords shorter than 8 characters"},{"ancestorTitles":["AuthContext","validation functions","validatePassword"],"duration":0,"failureDetails":[],"failureMessages":[],"fullName":"AuthContext validation functions validatePassword rejects passwords without numbers","invocations":1,"location":null,"numPassingAsserts":1,"retryReasons":[],"status":"passed","title":"rejects passwords without numbers"},{"ancestorTitles":["AuthContext","validation functions","validatePassword"],"duration":1,"failureDetails":[],"failureMessages":[],"fullName":"AuthContext validation functions validatePassword accepts valid passwords","invocations":1,"location":null,"numPassingAsserts":2,"retryReasons":[],"status":"passed","title":"accepts valid passwords"},{"ancestorTitles":["AuthContext","initial state"],"duration":32,"failureDetails":[],"failureMessages":[],"fullName":"AuthContext initial state provides initial auth state with loading true","invocations":1,"location":null,"numPassingAsserts":2,"retryReasons":[],"status":"passed","title":"provides initial auth state with loading true"},{"ancestorTitles":["AuthContext","initial state"],"duration":1,"failureDetails":[],"failureMessages":[],"fullName":"AuthContext initial state provides user as null when not signed in","invocations":1,"location":null,"numPassingAsserts":2,"retryReasons":[],"status":"passed","title":"provides user as null when not signed in"},{"ancestorTitles":["AuthContext","initial state"],"duration":1,"failureDetails":[],"failureMessages":[],"fullName":"AuthContext initial state provides error as null initially","invocations":1,"location":null,"numPassingAsserts":2,"retryReasons":[],"status":"passed","title":"provides error as null initially"},{"ancestorTitles":["AuthContext","initial state"],"duration":53,"failureDetails":[],"failureMessages":[],"fullName":"AuthContext initial state sets loading to false after initialization","invocations":1,"location":null,"numPassingAsserts":1,"retryReasons":[],"status":"passed","title":"sets loading to false after initialization"},{"ancestorTitles":["AuthContext","session restoration"],"duration":62,"failureDetails":[],"failureMessages":[],"fullName":"AuthContext session restoration loads auth state from AsyncStorage on mount","invocations":1,"location":null,"numPassingAsserts":2,"retryReasons":[],"status":"passed","title":"loads auth state from AsyncStorage on mount"},{"ancestorTitles":["AuthContext","session restoration"],"duration":53,"failureDetails":[],"failureMessages":[],"fullName":"AuthContext session restoration handles empty auth state from AsyncStorage","invocations":1,"location":null,"numPassingAsserts":2,"retryReasons":[],"status":"passed","title":"handles empty auth state from AsyncStorage"},{"ancestorTitles":["AuthContext","session restoration"],"duration":54,"failureDetails":[],"failureMessages":[],"fullName":"AuthContext session restoration handles invalid auth state from AsyncStorage","invocations":1,"location":null,"numPassingAsserts":2,"retryReasons":[],"status":"passed","title":"handles invalid auth state from AsyncStorage"},{"ancestorTitles":["AuthContext","signIn"],"duration":66,"failureDetails":[],"failureMessages":[],"fullName":"AuthContext signIn signs in with valid email and password","invocations":1,"location":null,"numPassingAsserts":3,"retryReasons":[],"status":"passed","title":"signs in with valid email and password"},{"ancestorTitles":["AuthContext","signIn"],"duration":64,"failureDetails":[],"failureMessages":[],"fullName":"AuthContext signIn rejects invalid email format","invocations":1,"location":null,"numPassingAsserts":2,"retryReasons":[],"status":"passed","title":"rejects invalid email format"},{"ancestorTitles":["AuthContext","signIn"],"duration":57,"failureDetails":[],"failureMessages":[],"fullName":"AuthContext signIn rejects password shorter than 8 characters","invocations":1,"location":null,"numPassingAsserts":2,"retryReasons":[],"status":"passed","title":"rejects password shorter than 8 characters"},{"ancestorTitles":["AuthContext","signIn"],"duration":54,"failureDetails":[],"failureMessages":[],"fullName":"AuthContext signIn shows generic error for non-existent user","invocations":1,"location":null,"numPassingAsserts":2,"retryReasons":[],"status":"passed","title":"shows generic error for non-existent user"},{"ancestorTitles":["AuthContext","signIn"],"duration":54,"failureDetails":[],"failureMessages":
[...]
UI across renders","invocations":1,"location":null,"numPassingAsserts":2,"retryReasons":[],"status":"passed","title":"maintains consistent UI across renders"},{"ancestorTitles":["SplashScreen"],"duration":0,"failureDetails":[],"failureMessages":[],"fullName":"SplashScreen renders with proper structure","invocations":1,"location":null,"numPassingAsserts":1,"retryReasons":[],"status":"passed","title":"renders with proper structure"},{"ancestorTitles":["SplashScreen"],"duration":1,"failureDetails":[],"failureMessages":[],"fullName":"SplashScreen renders ActivityIndicator","invocations":1,"location":null,"numPassingAsserts":1,"retryReasons":[],"status":"passed","title":"renders ActivityIndicator"}],"endTime":1773678425331,"message":"","name":"C:\\Users\\neuroshell\\Documents\\src\\trapp\\__tests__\\SplashScreen.test.tsx","startTime":1773678425236,"status":"passed","summary":""},{"assertionResults":[{"ancestorTitles":["DeleteConfirmationDialog"],"duration":25,"failureDetails":[],"failureMessages":[],"fullName":"DeleteConfirmationDialog should render when visible","invocations":1,"location":null,"numPassingAsserts":3,"retryReasons":[],"status":"passed","title":"should render when visible"},{"ancestorTitles":["DeleteConfirmationDialog"],"duration":1,"failureDetails":[],"failureMessages":[],"fullName":"DeleteConfirmationDialog should not render when not visible","invocations":1,"location":null,"numPassingAsserts":1,"retryReasons":[],"status":"passed","title":"should not render when not visible"},{"ancestorTitles":["DeleteConfirmationDialog"],"duration":1,"failureDetails":[],"failureMessages":[],"fullName":"DeleteConfirmationDialog should display workout type and date in message","invocations":1,"location":null,"numPassingAsserts":2,"retryReasons":[],"status":"passed","title":"should display workout type and date in message"},{"ancestorTitles":["DeleteConfirmationDialog"],"duration":2,"failureDetails":[],"failureMessages":[],"fullName":"DeleteConfirmationDialog should call onCancel when cancel button pressed","invocations":1,"location":null,"numPassingAsserts":1,"retryReasons":[],"status":"passed","title":"should call onCancel when cancel button pressed"},{"ancestorTitles":["DeleteConfirmationDialog"],"duration":1,"failureDetails":[],"failureMessages":[],"fullName":"DeleteConfirmationDialog should call onConfirm when delete button pressed","invocations":1,"location":null,"numPassingAsserts":1,"retryReasons":[],"status":"passed","title":"should call onConfirm when delete button pressed"},{"ancestorTitles":["DeleteConfirmationDialog"],"duration":1,"failureDetails":[],"failureMessages":[],"fullName":"DeleteConfirmationDialog should have proper accessibility labels","invocations":1,"location":null,"numPassingAsserts":2,"retryReasons":[],"status":"passed","title":"should have proper accessibility labels"},{"ancestorTitles":["DeleteConfirmationDialog"],"duration":1,"failureDetails":[],"failureMessages":[],"fullName":"DeleteConfirmationDialog should have proper accessibility hints","invocations":1,"location":null,"numPassingAsserts":2,"retryReasons":[],"status":"passed","title":"should have proper accessibility hints"},{"ancestorTitles":["DeleteConfirmationDialog"],"duration":5,"failureDetails":[],"failureMessages":[],"fullName":"DeleteConfirmationDialog should use destructive styling for delete button","invocations":1,"location":null,"numPassingAsserts":1,"retryReasons":[],"status":"passed","title":"should use destructive styling for delete button"},{"ancestorTitles":["DeleteConfirmationDialog"],"duration":2,"failureDetails":[],"failureMessages":[],"fullName":"DeleteConfirmationDialog should have warning icon","invocations":1,"location":null,"numPassingAsserts":1,"retryReasons":[],"status":"passed","title":"should have warning icon"}],"endTime":1773678425421,"message":"","name":"C:\\Users\\neuroshell\\Documents\\src\\trapp\\__tests__\\DeleteConfirmationDialog.test.tsx","startTime":1773678425336,"status":"passed","summary":""},{"assertionResults":[{"ancestorTitles":["Storage Functions","loadWorkouts"],"duration":0,"failureDetails":[],"failureMessages":[],"fullName":"Storage Functions loadWorkouts should return empty array when no workouts exist","invocations":1,"location":null,"numPassingAsserts":1,"retryReasons":[],"status":"passed","title":"should return empty array when no workouts exist"},{"ancestorTitles":["Storage Functions","loadWorkouts"],"duration":1,"failureDetails":[],"failureMessages":[],"fullName":"Storage Functions loadWorkouts should return workouts after saving","invocations":1,"location":null,"numPassingAsserts":2,"retryReasons":[],"status":"passed","title":"should return workouts after saving"},{"ancestorTitles":["Storage Functions","saveWorkout"],"duration":0,"failureDetails":[],"failureMessages":[],"fullName":"Storage Functions saveWorkout should save a workout to storage","invocations":1,"location":null,"numPassingAsserts":2,"retryReasons":[],"status":"passed","title":"should save a workout to storage"},{"ancestorTitles":["Storage Functions","saveWorkout"],"duration":0,"failureDetails":[],"failureMessages":[],"fullName":"Storage Functions saveWorkout should append multiple workouts","invocations":1,"location":null,"numPassingAsserts":1,"retryReasons":[],"status":"passed","title":"should append multiple workouts"},{"ancestorTitles":["Storage Functions","deleteWorkout"],"duration":1,"failureDetails":[],"failureMessages":[],"fullName":"Storage Functions deleteWorkout should delete a workout by id","invocations":1,"location":null,"numPassingAsserts":1,"retryReasons":[],"status":"passed","title":"should delete a workout by id"},{"ancestorTitles":["Storage Functions","deleteWorkout"],"duration":0,"failureDetails":[],"failureMessages":[],"fullName":"Storage Functions deleteWorkout should only delete the specified workout","invocations":1,"location":null,"numPassingAsserts":2,"retryReasons":[],"status":"passed","title":"should only delete the specified workout"},{"ancestorTitles":["Storage Functions","getWorkouts"],"duration":0,"failureDetails":[],"failureMessages":[],"fullName":"Storage Functions getWorkouts should return all workouts","invocations":1,"location":null,"numPassingAsserts":1,"retryReasons":[],"status":"passed","title":"should return all workouts"},{"ancestorTitles":["Storage Functions","getLastWorkoutValues"],"duration":1,"failureDetails":[],"failureMessages":[],"fullName":"Storage Functions getLastWorkoutValues should return default values when no workouts exist","invocations":1,"location":null,"numPassingAsserts":1,"retryReasons":[],"status":"passed","title":"should return default values when no workouts exist"},{"ancestorTitles":["Storage Functions","getLastWorkoutValues"],"duration":0,"failureDetails":[],"failureMessages":[],"fullName":"Storage Functions getLastWorkoutValues should return most recent workout values","invocations":1,"location":null,"numPassingAsserts":2,"retryReasons":[],"status":"passed","title":"should return most recent workout values"},{"ancestorTitles":["Storage Functions","getLastWorkoutValues"],"duration":0,"failureDetails":[],"failureMessages":[],"fullName":"Storage Functions getLastWorkoutValues should filter by workout type","invocations":1,"location":null,"numPassingAsserts":2,"retryReasons":[],"status":"passed","title":"should filter by workout type"},{"ancestorTitles":["Storage Functions","getDefaultValues"],"duration":1,"failureDetails":[],"failureMessages":[],"fullName":"Storage Functions getDefaultValues should return running defaults","invocations":1,"location":null,"numPassingAsserts":2,"retryReasons":[],"status":"passed","title":"should return running defaults"},{"ancestorTitles":["Storage Functions","getDefaultValues"],"duration":0,"failureDetails":[],"failureMessages":[],"fullName":"Storage Functions getDefaultValues should return squats defaults","invocations":1,"location":null,"numPassingAsserts":2,"retryReasons":[],"status":"passed","title":"should return squats defaults"},{"ancestorTitles":["Storage Functions","getDefaultValues"],"duration":0,"failureDetails":[],"failureMessages":[],"fullName":"Storage Functions getDefaultValues should return pushups defaults","invocations":1,"location":null,"numPassingAsserts":2,"retryReasons":[],"status":"passed","title":"should return pushups defaults"},{"ancestorTitles":["Storage Functions","getDefaultValues"],"duration":0,"failureDetails":[],"failureMessages":[],"fullName":"Storage Functions getDefaultValues should return pullups defaults","invocations":1,"location":null,"numPassingAsserts":2,"retryReasons":[],"status":"passed","title":"should return pullups defaults"},{"ancestorTitles":["Storage Functions","getDefaultValues"],"duration":0,"failureDetails":[],"failureMessages":[],"fullName":"Storage Functions getDefaultValues should return empty object for other type","invocations":1,"location":null,"numPassingAsserts":1,"retryReasons":[],"status":"passed","title":"should return empty object for other type"},{"ancestorTitles":["Storage Functions","updateWorkout"],"duration":1,"failureDetails":[],"failureMessages":[],"fullName":"Storage Functions updateWorkout should update an existing workout","invocations":1,"location":null,"numPassingAsserts":2,"retryReasons":[],"status":"passed","title":"should update an existing workout"},{"ancestorTitles":["Storage Functions","updateWorkout"],"duration":3,"failureDetails":[],"failureMessages":[],"fullName":"Storage Functions updateWorkout should throw error if workout not found","invocations":1,"location":null,"numPassingAsserts":1,"retryReasons":[],"status":"passed","title":"should throw error if workout not found"},{"ancestorTitles":["Storage Functions","updateWorkout"],"duration":12,"failureDetails":[],"failureMessages":[],"fullName":"Storage Functions updateWorkout should update updatedAt timestamp","invocations":1,"location":null,"numPassingAsserts":1,"retryReasons":[],"status":"passed","title":"should update updatedAt timestamp"},{"ancestorTitles":["Storage Functions","clearWorkouts"],"duration":0,"failureDetails":[],"failureMessages":[],"fullName":"Storage Functions clearWorkouts should remove all workouts","invocations":1,"location":null,"numPassingAsserts":1,"retryReasons":[],"status":"passed","title":"should remove all workouts"}],"endTime":1773678425485,"message":"","name":"C:\\Users\\neuroshell\\Documents\\src\\trapp\\__tests__\\storage.test.ts","startTime":1773678425424,"status":"passed","summary":""},{"assertionResults":[{"ancestorTitles":["Validation Functions","validateRunningForm"],"duration":0,"failureDetails":[],"failureMessages":[],"fullName":"Validation Functions validateRunningForm should return valid for proper running data","invocations":1,"location":null,"numPassingAsserts":2,"retryReasons":[],"status":"passed","title":"should return valid for proper running data"},{"ancestorTitles":["Validation Functions","validateRunningForm"],"duration":0,"failureDetails":[],"failureMessages":[],"fullName":"Validation Functions validateRunningForm should reject empty distance","invocations":1,"location":null,"numPassingAsserts":2,"retryReasons":[],"status":"passed","title":"should reject empty distance"},{"ancestorTitles":["Validation Functions","validateRunningForm"],"duration":0,"failureDetails":[],"failureMessages":[],"fullName":"Validation Functions validateRunningForm should reject negative distance","invocations":1,"location":null,"numPassingAsserts":2,"retryReasons":[],"status":"passed","title":"should reject negative distance"},{"ancestorTitles":["Validation Functions","validateRunningForm"],"duration":1,"failureDetails":[],"failureMessages":[],"fullName":"Validation Functions validateRunningForm should reject distance over 100km","invocations":1,"location":null,"numPassingAsserts":2,"retryReasons":[],"status":"passed","title":"should reject distance over 100km"},{"ancestorTitles":["Validation Functions","validateRunningForm"],"duration":0,"failureDetails":[],"failureMessages":[],"fullName":"Validation Functions validateRunningForm should reject empty duration","invocations":1,"location":null,"numPassingAsserts":2,"retryReasons":[],"status":"passed","title":"should reject empty duration"},{"ancestorTitles":["Validation Functions","validateRunningForm"],"duration":0,"failureDetails":[],"failureMessages":[],"fullName":"Validation Functions validateRunningForm should reject duration over 1440 minutes","invocations":1,"location":null,"numPassingAsserts":2,"retryReasons":[],"status":"passed","title":"should reject duration over 1440 minutes"},{"ancestorTitles":["Validation Functions","validateRunningForm"],"duration":0,"failureDetails":[],"failureMessages":[],"fullName":"Validation Functions validateRunningForm should accept decimal distances","invocations":1,"location":null,"numPassingAsserts":1,"retryReasons":[],"status":"passed","title":"should accept decimal distances"},{"ancestorTitles":["Validation Functions","validateStrengthForm"],"duration":0,"failureDetails":[],"failureMessages":[],"fullName":"Validation Functions validateStrengthForm should return valid for proper strength data","invocations":1,"location":null,"numPassingAsserts":2,"retryReasons":[],"status":"passed","title":"should return valid for proper strength data"},{"ancestorTitles":["Validation Functions","validateStrengthForm"],"duration":0,"failureDetails":[],"failureMessages":[],"fullName":"Validation Functions validateStrengthForm should reject empty reps","invocations":1,"location":null,"numPassingAsserts":2,"retryReasons":[],"status":"passed","title":"should reject empty reps"},{"ancestorTitles":["Validation Functions","validateStrengthForm"],"duration":0,"failureDetails":[],"failureMessages":[],"fullName":"Validation Functions validateStrengthForm should reject reps over 1000","invocations":1,"location":null,"numPassingAsserts":2,"retryReasons":[],"status":"passed","title":"should reject reps over 1000"},{"ancestorTitles":["Validation Functions","validateStrengthForm"],"duration":0,"failureDetails":[],"failureMessages":[],"fullName":"Validation Functions validateStrengthForm should reject empty sets","invocations":1,"location":null,"numPassingAsserts":2,"retryReasons":[],"status":"passed","title":"should reject empty sets"},{"ancestorTitles":["Validation Functions","validateStrengthForm"],"duration":0,"failureDetails":[],"failureMessages":[],"fullName":"Validation Functions validateStrengthForm should reject sets over 100","invocations":1,"location":null,"numPassingAsserts":2,"retryReasons":[],"status":"passed","title":"should reject sets over 100"},{"ancestorTitles":["Validation Functions","validateStrengthForm"],"duration":0,"failureDetails":[],"failureMessages":[],"fullName":"Validation Functions validateStrengthForm should accept optional weight","invocations":1,"location":null,"numPassingAsserts":1,"retryReasons":[],"status":"passed","title":"should accept optional weight"},{"ancestorTitles":["Validation Functions","validateStrengthForm"],"duration":1,"failureDetails":[],"failureMessages":[],"fullName":"Validation Functions validateStrengthForm should reject negative weight","invocations":1,"location":null,"numPassingAsserts":2,"retryReasons":[],"status":"passed","title":"should reject negative weight"},{"ancestorTitles":["Validation Functions","validateStrengthForm"],"duration":0,"failureDetails":[],"failureMessages":[],"fullName":"Validation Functions validateStrengthForm should reject weight over 500kg","invocations":1,"location":null,"numPassingAsserts":2,"retryReasons":[],"status":"passed","title":"should reject weight over 500kg"},{"ancestorTitles":["Validation Functions","validateTimestamp"],"duration":0,"failureDetails":[],"failureMessages":[],"fullName":"Validation Functions validateTimestamp should return valid for past dates","invocations":1,"location":null,"numPassingAsserts":2,"retryReasons":[],"status":"passed","title":"should return valid for past dates"},{"ancestorTitles":["Validation Functions","validateTimestamp"],"duration":0,"failureDetails":[],"failureMessages":[],"fullName":"Validation Functions validateTimestamp should return valid for current time","invocations":1,"location":null,"numPassingAsserts":1,"retryReasons":[],"status":"passed","title":"should return valid for current time"},{"ancestorTitles":["Validation Functions","validateTimestamp"],"duration":1,"failureDetails":[],"failureMessages":[],"fullName":"Validation Functions validateTimestamp should reject future dates","invocations":1,"location":null,"numPassingAsserts":2,"retryReasons":[],"status":"passed","title":"should reject future dates"},{"ancestorTitles":["Validation Functions","calculatePace"],"duration":0,"failureDetails":[],"failureMessages":[],"fullName":"Validation Functions calculatePace should calculate correct pace","invocations":1,"location":null,"numPassingAsserts":1,"retryReasons":[],"status":"passed","title":"should calculate correct pace"},{"ancestorTitles":["Validation Functions","calculatePace"],"duration":0,"failureDetails":[],"failureMessages":[],"fullName":"Validation Functions calculatePace should return 0 for invalid distance","invocations":1,"location":null,"numPassingAsserts":1,"retryReasons":[],"status":"passed","title":"should return 0 for invalid distance"},{"ancestorTitles":["Validation Functions","calculatePace"],"duration":0,"failureDetails":[],"failureMessages":[],"fullName":"Validation Functions calculatePace should return 0 for invalid duration","invocations":1,"location":null,"numPassingAsserts":1,"retryReasons":[],"status":"passed","title":"should return 0 for invalid duration"},{"ancestorTitles":["Validation Functions","formatPace"],"duration":0,"failureDetails":[],"failureMessages":[],"fullName":"Validation Functions formatPace should format pace as MM:SS min/km","invocations":1,"location":null,"numPassingAsserts":3,"retryReasons":[],"status":"passed","title":"should format pace as MM:SS min/km"},{"ancestorTitles":["Validation Functions","formatPace"],"duration":0,"failureDetails":[],"failureMessages":[],"fullName":"Validation Functions formatPace should return placeholder for invalid pace","invocations":1,"location":null,"numPassingAsserts":2,"retryReasons":[],"status":"passed","title":"should return placeholder for invalid pace"},{"ancestorTitles":["Validation Functions","isOutlier"],"duration":0,"failureDetails":[],"failureMessages":[],"fullName":"Validation Functions isOutlier should detect unusual distance","invocations":1,"location":null,"numPassingAsserts":2,"retryReasons":[],"status":"passed","title":"should detect unusual distance"},{"ancestorTitles":["Validation Functions","isOutlier"],"duration":0,"failureDetails":[],"failureMessages":[],"fullName":"Validation Functions isOutlier should detect unusual duration","invocations":1,"location":null,"numPassingAsserts":2,"retryReasons":[],"status":"passed","title":"should detect unusual duration"},{"ancestorTitles":["Validation Functions","isOutlier"],"duration":0,"failureDetails":[],"failureMessages":[],"fullName":"Validation Functions isOutlier should detect unusual reps","invocations":1,"location":null,"numPassingAsserts":2,"retryReasons":[],"status":"passed","title":"should detect unusual reps"},{"ancestorTitles":["Validation Functions","isOutlier"],"duration":0,"failureDetails":[],"failureMessages":[],"fullName":"Validation Functions isOutlier should detect unusual sets","invocations":1,"location":null,"numPassingAsserts":2,"retryReasons":[],"status":"passed","title":"should detect unusual sets"},{"ancestorTitles":["Validation Functions","isOutlier"],"duration":0,"failureDetails":[],"failureMessages":[],"fullName":"Validation Functions isOutlier should detect unusual weight","invocations":1,"location":null,"numPassingAsserts":2,"retryReasons":[],"status":"passed","title":"should detect unusual weight"}],"endTime":1773678425532,"message":"","name":"C:\\Users\\neuroshell\\Documents\\src\\trapp\\__tests__\\validation.test.ts","startTime":1773678425488,"status":"passed","summary":""}],"wasInterrupted":false}
