<?xml version="1.0" encoding="UTF-8"?>
<testsuites name="jest tests" tests="2" failures="0" errors="0" time="0.878">
  <testsuite name="LogScreen" errors="0" failures="0" skipped="0" timestamp="2026-03-15T22:54:07" time="0.703" tests="1">
    <testcase classname="LogScreen" name="renders form and saves entry" time="0.296" file="__tests__\LogScreen.test.tsx">
    </testcase>
  </testsuite>
  <testsuite name="HomeScreen" errors="0" failures="0" skipped="0" timestamp="2026-03-15T22:54:08" time="0.088" tests="1">
    <testcase classname="HomeScreen" name="renders title and buttons" time="0.037" file="__tests__\HomeScreen.test.tsx">
    </testcase>
  </testsuite>
</testsuites>