<?xml version="1.0" encoding="UTF-8"?>
<testsuites name="jest tests" tests="255" failures="14" errors="0" time="3.208">
  <testsuite name="Validation Functions" errors="0" failures="0" skipped="0" timestamp="2026-03-16T15:35:56" time="0.584" tests="28">
    <testcase classname="Validation Functions validateRunningForm" name="should return valid for proper running data" time="0.004" file="__tests__\validation.test.ts">
    </testcase>
    <testcase classname="Validation Functions validateRunningForm" name="should reject empty distance" time="0.001" file="__tests__\validation.test.ts">
    </testcase>
    <testcase classname="Validation Functions validateRunningForm" name="should reject negative distance" time="0" file="__tests__\validation.test.ts">
    </testcase>
    <testcase classname="Validation Functions validateRunningForm" name="should reject distance over 100km" time="0" file="__tests__\validation.test.ts">
    </testcase>
    <testcase classname="Validation Functions validateRunningForm" name="should reject empty duration" time="0" file="__tests__\validation.test.ts">
    </testcase>
    <testcase classname="Validation Functions validateRunningForm" name="should reject duration over 1440 minutes" time="0.001" file="__tests__\validation.test.ts">
    </testcase>
    <testcase classname="Validation Functions validateRunningForm" name="should accept decimal distances" time="0" file="__tests__\validation.test.ts">
    </testcase>
    <testcase classname="Validation Functions validateStrengthForm" name="should return valid for proper strength data" time="0" file="__tests__\validation.test.ts">
    </testcase>
    <testcase classname="Validation Functions validateStrengthForm" name="should reject empty reps" time="0" file="__tests__\validation.test.ts">
    </testcase>
    <testcase classname="Validation Functions validateStrengthForm" name="should reject reps over 1000" time="0.001" file="__tests__\validation.test.ts">
    </testcase>
    <testcase classname="Validation Functions validateStrengthForm" name="should reject empty sets" time="0" file="__tests__\validation.test.ts">
    </testcase>
    <testcase classname="Validation Functions validateStrengthForm" name="should reject sets over 100" time="0" file="__tests__\validation.test.ts">
    </testcase>
    <testcase classname="Validation Functions validateStrengthForm" name="should accept optional weight" time="0" file="__tests__\validation.test.ts">
    </testcase>
    <testcase classname="Validation Functions validateStrengthForm" name="should reject negative weight" time="0" file="__tests__\validation.test.ts">
    </testcase>
    <testcase classname="Validation Functions validateStrengthForm" name="should reject weight over 500kg" time="0" file="__tests__\validation.test.ts">
    </testcase>
    <testcase classname="Validation Functions validateTimestamp" name="should return valid for past dates" time="0.001" file="__tests__\validation.test.ts">
    </testcase>
    <testcase classname="Validation Functions validateTimestamp" name="should return valid for current time" time="0" file="__tests__\validation.test.ts">
    </testcase>
    <testcase classname="Validation Functions validateTimestamp" name="should reject future dates" time="0" file="__tests__\validation.test.ts">
    </testcase>
    <testcase classname="Validation Functions calculatePace" name="should calculate correct pace" time="0" file="__tests__\validation.test.ts">
    </testcase>
    <testcase classname="Validation Functions calculatePace" name="should return 0 for invalid distance" time="0" file="__tests__\validation.test.ts">
    </testcase>
    <testcase classname="Validation Functions calculatePace" name="should return 0 for invalid duration" time="0" file="__tests__\validation.test.ts">
    </testcase>
    <testcase classname="Validation Functions formatPace" name="should format pace as MM:SS min/km" time="0.001" file="__tests__\validation.test.ts">
    </testcase>
    <testcase classname="Validation Functions formatPace" name="should return placeholder for invalid pace" time="0" file="__tests__\validation.test.ts">
    </testcase>
    <testcase classname="Validation Functions isOutlier" name="should detect unusual distance" time="0" file="__tests__\validation.test.ts">
    </testcase>
    <testcase classname="Validation Functions isOutlier" name="should detect unusual duration" time="0" file="__tests__\validation.test.ts">
    </testcase>
    <testcase classname="Validation Functions isOutlier" name="should detect unusual reps" time="0" file="__tests__\validation.test.ts">
    </testcase>
    <testcase classname="Validation Functions isOutlier" name="should detect unusual sets" time="0" file="__tests__\validation.test.ts">
    </testcase>
    <testcase classname="Validation Functions isOutlier" name="should detect unusual weight" time="0" file="__tests__\validation.test.ts">
    </testcase>
  </testsuite>
  <testsuite name="Storage Functions" errors="0" failures="0" skipped="0" timestamp="2026-03-16T15:35:57" time="0.64" tests="19">
    <testcase classname="Storage Functions loadWorkouts" name="should return empty array when no workouts exist" time="0.004" file="__tests__\storage.test.ts">
    </testcase>
    <testcase classname="Storage Functions loadWorkouts" name="should return workouts after saving" time="0.001" file="__tests__\storage.test.ts">
    </testcase>
    <testcase classname="Storage Functions saveWorkout" name="should save a workout to storage" time="0.001" file="__tests__\storage.test.ts">
    </testcase>
    <testcase classname="Storage Functions saveWorkout" name="should append multiple workouts" time="0" file="__tests__\storage.test.ts">
    </testcase>
    <testcase classname="Storage Functions deleteWorkout" name="should delete a workout by id" time="0" file="__tests__\storage.test.ts">
    </testcase>
    <testcase classname="Storage Functions deleteWorkout" name="should only delete the specified workout" time="0.001" file="__tests__\storage.test.ts">
    </testcase>
    <testcase classname="Storage Functions getWorkouts" name="should return all workouts" time="0" file="__tests__\storage.test.ts">
    </testcase>
    <testcase classname="Storage Functions getLastWorkoutValues" name="should return default values when no workouts exist" time="0" file="__tests__\storage.test.ts">
    </testcase>
    <testcase classname="Storage Functions getLastWorkoutValues" name="should return most recent workout values" time="0.001" file="__tests__\storage.test.ts">
    </testcase>
    <testcase classname="Storage Functions getLastWorkoutValues" name="should filter by workout type" time="0" file="__tests__\storage.test.ts">
    </testcase>
    <testcase classname="Storage Functions getDefaultValues" name="should return running defaults" time="0" file="__tests__\storage.test.ts">
    </testcase>
    <testcase classname="Storage Functions getDefaultValues" name="should return squats defaults" time="0" file="__tests__\storage.test.ts">
    </testcase>
    <testcase classname="Storage Functions getDefaultValues" name="should return pushups defaults" time="0" file="__tests__\storage.test.ts">
    </testcase>
    <testcase classname="Storage Functions getDefaultValues" name="should return pullups defaults" time="0" file="__tests__\storage.test.ts">
    </testcase>
    <testcase classname="Storage Functions getDefaultValues" name="should return empty object for other type" time="0" file="__tests__\storage.test.ts">
    </testcase>
    <testcase classname="Storage Functions updateWorkout" name="should update an existing workout" time="0" file="__tests__\storage.test.ts">
    </testcase>
    <testcase classname="Storage Functions updateWorkout" name="should throw error if workout not found" time="0.012" file="__tests__\storage.test.ts">
    </testcase>
    <testcase classname="Storage Functions updateWorkout" name="should update updatedAt timestamp" time="0.023" file="__tests__\storage.test.ts">
    </testcase>
    <testcase classname="Storage Functions clearWorkouts" name="should remove all workouts" time="0" file="__tests__\storage.test.ts">
    </testcase>
  </testsuite>
  <testsuite name="SplashScreen" errors="0" failures="0" skipped="0" timestamp="2026-03-16T15:35:57" time="1.255" tests="13">
    <testcase classname="SplashScreen" name="renders title" time="0.441" file="__tests__\SplashScreen.test.tsx">
    </testcase>
    <testcase classname="SplashScreen" name="renders loading subtitle" time="0.002" file="__tests__\SplashScreen.test.tsx">
    </testcase>
    <testcase classname="SplashScreen" name="renders SafeAreaView wrapper" time="0.001" file="__tests__\SplashScreen.test.tsx">
    </testcase>
    <testcase classname="SplashScreen" name="renders title with proper styling" time="0.001" file="__tests__\SplashScreen.test.tsx">
    </testcase>
    <testcase classname="SplashScreen" name="renders subtitle with proper styling" time="0.001" file="__tests__\SplashScreen.test.tsx">
    </testcase>
    <testcase classname="SplashScreen" name="has no interactive elements" time="0.001" file="__tests__\SplashScreen.test.tsx">
    </testcase>
    <testcase classname="SplashScreen" name="is a static loading screen" time="0.001" file="__tests__\SplashScreen.test.tsx">
    </testcase>
    <testcase classname="SplashScreen" name="displays app branding" time="0.001" file="__tests__\SplashScreen.test.tsx">
    </testcase>
    <testcase classname="SplashScreen" name="indicates loading state to user" time="0.001" file="__tests__\SplashScreen.test.tsx">
    </testcase>
    <testcase classname="SplashScreen" name="does not crash during render" time="0.001" file="__tests__\SplashScreen.test.tsx">
    </testcase>
    <testcase classname="SplashScreen" name="maintains consistent UI across renders" time="0.002" file="__tests__\SplashScreen.test.tsx">
    </testcase>
    <testcase classname="SplashScreen" name="renders with proper structure" time="0.001" file="__tests__\SplashScreen.test.tsx">
    </testcase>
    <testcase classname="SplashScreen" name="renders ActivityIndicator" time="0.001" file="__tests__\SplashScreen.test.tsx">
    </testcase>
  </testsuite>
  <testsuite name="DashboardScreen" errors="0" failures="0" skipped="0" timestamp="2026-03-16T15:35:57" time="1.301" tests="16">
    <testcase classname="DashboardScreen" name="renders title" time="0.466" file="__tests__\DashboardScreen.test.tsx">
    </testcase>
    <testcase classname="DashboardScreen" name="renders subtitle" time="0.001" file="__tests__\DashboardScreen.test.tsx">
    </testcase>
    <testcase classname="DashboardScreen" name="renders coming soon card" time="0.003" file="__tests__\DashboardScreen.test.tsx">
    </testcase>
    <testcase classname="DashboardScreen" name="renders card text about logged workouts" time="0.004" file="__tests__\DashboardScreen.test.tsx">
    </testcase>
    <testcase classname="DashboardScreen" name="renders SafeAreaView wrapper" time="0.007" file="__tests__\DashboardScreen.test.tsx">
    </testcase>
    <testcase classname="DashboardScreen" name="renders title with proper styling" time="0.001" file="__tests__\DashboardScreen.test.tsx">
    </testcase>
    <testcase classname="DashboardScreen" name="renders subtitle with secondary color" time="0.002" file="__tests__\DashboardScreen.test.tsx">
    </testcase>
    <testcase classname="DashboardScreen" name="renders card title with bold font" time="0.001" file="__tests__\DashboardScreen.test.tsx">
    </testcase>
    <testcase classname="DashboardScreen" name="renders card text with proper styling" time="0.001" file="__tests__\DashboardScreen.test.tsx">
    </testcase>
    <testcase classname="DashboardScreen" name="is a static informational screen" time="0.001" file="__tests__\DashboardScreen.test.tsx">
    </testcase>
    <testcase classname="DashboardScreen" name="has no interactive elements" time="0" file="__tests__\DashboardScreen.test.tsx">
    </testcase>
    <testcase classname="DashboardScreen" name="renders content in correct order" time="0.002" file="__tests__\DashboardScreen.test.tsx">
    </testcase>
    <testcase classname="DashboardScreen" name="displays placeholder content" time="0.001" file="__tests__\DashboardScreen.test.tsx">
    </testcase>
    <testcase classname="DashboardScreen" name="renders without crashing" time="0" file="__tests__\DashboardScreen.test.tsx">
    </testcase>
    <testcase classname="DashboardScreen" name="maintains consistent UI across renders" time="0.002" file="__tests__\DashboardScreen.test.tsx">
    </testcase>
    <testcase classname="DashboardScreen" name="renders with proper structure" time="0.001" file="__tests__\DashboardScreen.test.tsx">
    </testcase>
  </testsuite>
  <testsuite name="DeleteConfirmationDialog" errors="0" failures="0" skipped="0" timestamp="2026-03-16T15:35:56" time="1.326" tests="9">
    <testcase classname="DeleteConfirmationDialog" name="should render when visible" time="0.445" file="__tests__\DeleteConfirmationDialog.test.tsx">
    </testcase>
    <testcase classname="DeleteConfirmationDialog" name="should not render when not visible" time="0.001" file="__tests__\DeleteConfirmationDialog.test.tsx">
    </testcase>
    <testcase classname="DeleteConfirmationDialog" name="should display workout type and date in message" time="0.002" file="__tests__\DeleteConfirmationDialog.test.tsx">
    </testcase>
    <testcase classname="DeleteConfirmationDialog" name="should call onCancel when cancel button pressed" time="0.003" file="__tests__\DeleteConfirmationDialog.test.tsx">
    </testcase>
    <testcase classname="DeleteConfirmationDialog" name="should call onConfirm when delete button pressed" time="0.003" file="__tests__\DeleteConfirmationDialog.test.tsx">
    </testcase>
    <testcase classname="DeleteConfirmationDialog" name="should have proper accessibility labels" time="0.004" file="__tests__\DeleteConfirmationDialog.test.tsx">
    </testcase>
    <testcase classname="DeleteConfirmationDialog" name="should have proper accessibility hints" time="0.01" file="__tests__\DeleteConfirmationDialog.test.tsx">
    </testcase>
    <testcase classname="DeleteConfirmationDialog" name="should use destructive styling for delete button" time="0.002" file="__tests__\DeleteConfirmationDialog.test.tsx">
    </testcase>
    <testcase classname="DeleteConfirmationDialog" name="should have warning icon" time="0.001" file="__tests__\DeleteConfirmationDialog.test.tsx">
    </testcase>
  </testsuite>
  <testsuite name="LogRunningForm" errors="0" failures="0" skipped="0" timestamp="2026-03-16T15:35:57" time="1.305" tests="14">
    <testcase classname="LogRunningForm" name="should render distance and duration inputs" time="0.464" file="__tests__\components.test.tsx">
    </testcase>
    <testcase classname="LogRunningForm" name="should display validation errors" time="0.001" file="__tests__\components.test.tsx">
    </testcase>
    <testcase classname="LogRunningForm" name="should calculate and display pace when valid values entered" time="0.004" file="__tests__\components.test.tsx">
    </testcase>
    <testcase classname="LogRunningForm" name="should call onDistanceChange when distance input changes" time="0.002" file="__tests__\components.test.tsx">
    </testcase>
    <testcase classname="LogRunningForm" name="should call onDurationChange when duration input changes" time="0.001" file="__tests__\components.test.tsx">
    </testcase>
    <testcase classname="LogRunningForm" name="should have proper accessibility labels" time="0.005" file="__tests__\components.test.tsx">
    </testcase>
    <testcase classname="LogStrengthForm" name="should render reps, sets, and weight inputs" time="0.002" file="__tests__\components.test.tsx">
    </testcase>
    <testcase classname="LogStrengthForm" name="should display validation errors" time="0.002" file="__tests__\components.test.tsx">
    </testcase>
    <testcase classname="LogStrengthForm" name="should calculate and display total volume" time="0.001" file="__tests__\components.test.tsx">
    </testcase>
    <testcase classname="LogStrengthForm" name="should display volume with weight when provided" time="0.002" file="__tests__\components.test.tsx">
    </testcase>
    <testcase classname="LogStrengthForm" name="should call onRepsChange when reps input changes" time="0.001" file="__tests__\components.test.tsx">
    </testcase>
    <testcase classname="LogStrengthForm" name="should call onSetsChange when sets input changes" time="0.001" file="__tests__\components.test.tsx">
    </testcase>
    <testcase classname="LogStrengthForm" name="should call onWeightChange when weight input changes" time="0.001" file="__tests__\components.test.tsx">
    </testcase>
    <testcase classname="LogStrengthForm" name="should show exercise-specific labels" time="0.002" file="__tests__\components.test.tsx">
    </testcase>
  </testsuite>
  <testsuite name="Accessibility Tests" errors="0" failures="2" skipped="0" timestamp="2026-03-16T15:35:57" time="1.417" tests="20">
    <testcase classname="Accessibility Tests LogRunningForm Accessibility" name="should have accessible labels on all inputs" time="0.411" file="__tests__\accessibility.test.tsx">
    </testcase>
    <testcase classname="Accessibility Tests LogRunningForm Accessibility" name="should have accessibility hints on all inputs" time="0.002" file="__tests__\accessibility.test.tsx">
    </testcase>
    <testcase classname="Accessibility Tests LogRunningForm Accessibility" name="should mark invalid inputs with accessibilityInvalid" time="0.005" file="__tests__\accessibility.test.tsx">
      <failure>Error: expect(received).toBe(expected) // Object.is equality

Expected: true
Received: undefined
    at Object.toBe (C:\Users\neuroshell\Documents\src\trapp\__tests__\accessibility.test.tsx:65:56)
    at Promise.then.completed (C:\Users\neuroshell\Documents\src\trapp\node_modules\jest-circus\build\utils.js:298:28)
    at new Promise (&lt;anonymous&gt;)
    at callAsyncCircusFn (C:\Users\neuroshell\Documents\src\trapp\node_modules\jest-circus\build\utils.js:231:10)
    at _callCircusTest (C:\Users\neuroshell\Documents\src\trapp\node_modules\jest-circus\build\run.js:316:40)
    at _runTest (C:\Users\neuroshell\Documents\src\trapp\node_modules\jest-circus\build\run.js:252:3)
    at _runTestsForDescribeBlock (C:\Users\neuroshell\Documents\src\trapp\node_modules\jest-circus\build\run.js:126:9)
    at _runTestsForDescribeBlock (C:\Users\neuroshell\Documents\src\trapp\node_modules\jest-circus\build\run.js:121:9)
    at _runTestsForDescribeBlock (C:\Users\neuroshell\Documents\src\trapp\node_modules\jest-circus\build\run.js:121:9)
    at run (C:\Users\neuroshell\Documents\src\trapp\node_modules\jest-circus\build\run.js:71:3)
    at runAndTransformResultsToJestFormat (C:\Users\neuroshell\Documents\src\trapp\node_modules\jest-circus\build\legacy-code-todo-rewrite\jestAdapterInit.js:122:21)
    at jestAdapter (C:\Users\neuroshell\Documents\src\trapp\node_modules\jest-circus\build\legacy-code-todo-rewrite\jestAdapter.js:79:19)
    at runTestInternal (C:\Users\neuroshell\Documents\src\trapp\node_modules\jest-runner\build\runTest.js:367:16)
    at runTest (C:\Users\neuroshell\Documents\src\trapp\node_modules\jest-runner\build\runTest.js:444:34)
    at Object.worker (C:\Users\neuroshell\Documents\src\trapp\node_modules\jest-runner\build\testWorker.js:106:12)</failure>
    </testcase>
    <testcase classname="Accessibility Tests LogRunningForm Accessibility" name="should use alert role for error messages" time="0.004" file="__tests__\accessibility.test.tsx">
    </testcase>
    <testcase classname="Accessibility Tests LogRunningForm Accessibility" name="should have form role on container" time="0.002" file="__tests__\accessibility.test.tsx">
    </testcase>
    <testcase classname="Accessibility Tests LogRunningForm Accessibility" name="should announce pace changes to screen readers" time="0.115" file="__tests__\accessibility.test.tsx">
    </testcase>
    <testcase classname="Accessibility Tests LogStrengthForm Accessibility" name="should have accessible labels on all inputs" time="0.001" file="__tests__\accessibility.test.tsx">
    </testcase>
    <testcase classname="Accessibility Tests LogStrengthForm Accessibility" name="should have exercise-specific accessibility hints" time="0.001" file="__tests__\accessibility.test.tsx">
    </testcase>
    <testcase classname="Accessibility Tests LogStrengthForm Accessibility" name="should mark invalid inputs with accessibilityInvalid" time="0.002" file="__tests__\accessibility.test.tsx">
      <failure>Error: expect(received).toBe(expected) // Object.is equality

Expected: true
Received: undefined
    at Object.toBe (C:\Users\neuroshell\Documents\src\trapp\__tests__\accessibility.test.tsx:180:52)
    at Promise.then.completed (C:\Users\neuroshell\Documents\src\trapp\node_modules\jest-circus\build\utils.js:298:28)
    at new Promise (&lt;anonymous&gt;)
    at callAsyncCircusFn (C:\Users\neuroshell\Documents\src\trapp\node_modules\jest-circus\build\utils.js:231:10)
    at _callCircusTest (C:\Users\neuroshell\Documents\src\trapp\node_modules\jest-circus\build\run.js:316:40)
    at _runTest (C:\Users\neuroshell\Documents\src\trapp\node_modules\jest-circus\build\run.js:252:3)
    at _runTestsForDescribeBlock (C:\Users\neuroshell\Documents\src\trapp\node_modules\jest-circus\build\run.js:126:9)
    at _runTestsForDescribeBlock (C:\Users\neuroshell\Documents\src\trapp\node_modules\jest-circus\build\run.js:121:9)
    at _runTestsForDescribeBlock (C:\Users\neuroshell\Documents\src\trapp\node_modules\jest-circus\build\run.js:121:9)
    at run (C:\Users\neuroshell\Documents\src\trapp\node_modules\jest-circus\build\run.js:71:3)
    at runAndTransformResultsToJestFormat (C:\Users\neuroshell\Documents\src\trapp\node_modules\jest-circus\build\legacy-code-todo-rewrite\jestAdapterInit.js:122:21)
    at jestAdapter (C:\Users\neuroshell\Documents\src\trapp\node_modules\jest-circus\build\legacy-code-todo-rewrite\jestAdapter.js:79:19)
    at runTestInternal (C:\Users\neuroshell\Documents\src\trapp\node_modules\jest-runner\build\runTest.js:367:16)
    at runTest (C:\Users\neuroshell\Documents\src\trapp\node_modules\jest-runner\build\runTest.js:444:34)
    at Object.worker (C:\Users\neuroshell\Documents\src\trapp\node_modules\jest-runner\build\testWorker.js:106:12)</failure>
    </testcase>
    <testcase classname="Accessibility Tests LogStrengthForm Accessibility" name="should use alert role for error messages" time="0.001" file="__tests__\accessibility.test.tsx">
    </testcase>
    <testcase classname="Accessibility Tests DeleteConfirmationDialog Accessibility" name="should have alertdialog role" time="0.005" file="__tests__\accessibility.test.tsx">
    </testcase>
    <testcase classname="Accessibility Tests DeleteConfirmationDialog Accessibility" name="should have accessible labels on buttons" time="0.001" file="__tests__\accessibility.test.tsx">
    </testcase>
    <testcase classname="Accessibility Tests DeleteConfirmationDialog Accessibility" name="should have accessibility hints on buttons" time="0.002" file="__tests__\accessibility.test.tsx">
    </testcase>
    <testcase classname="Accessibility Tests DeleteConfirmationDialog Accessibility" name="should have header role on title" time="0.001" file="__tests__\accessibility.test.tsx">
    </testcase>
    <testcase classname="Accessibility Tests QuickLogButton Accessibility" name="should have button role" time="0.001" file="__tests__\accessibility.test.tsx">
    </testcase>
    <testcase classname="Accessibility Tests QuickLogButton Accessibility" name="should have accessible label" time="0.001" file="__tests__\accessibility.test.tsx">
    </testcase>
    <testcase classname="Accessibility Tests QuickLogButton Accessibility" name="should have accessibility hint" time="0" file="__tests__\accessibility.test.tsx">
    </testcase>
    <testcase classname="Accessibility Tests QuickLogButton Accessibility" name="should have minimum touch target of 44x44" time="0.001" file="__tests__\accessibility.test.tsx">
    </testcase>
    <testcase classname="Accessibility Tests Touch Target Sizes" name="should have 48px minimum height for inputs" time="0.001" file="__tests__\accessibility.test.tsx">
    </testcase>
    <testcase classname="Accessibility Tests Touch Target Sizes" name="should have proper touch targets for buttons" time="0.001" file="__tests__\accessibility.test.tsx">
    </testcase>
  </testsuite>
  <testsuite name="Performance Tests - Quick Log" errors="0" failures="1" skipped="3" timestamp="2026-03-16T15:35:57" time="1.644" tests="4">
    <testcase classname="Performance Tests - Quick Log" name="should complete quick log flow in under 10 seconds (CRITICAL)" time="0" file="__tests__\performance.test.tsx">
      <skipped/>
    </testcase>
    <testcase classname="Performance Tests - Quick Log" name="should save workout to storage in under 500ms" time="0" file="__tests__\performance.test.tsx">
      <skipped/>
    </testcase>
    <testcase classname="Performance Tests - Quick Log" name="should maintain UI responsiveness during save" time="0" file="__tests__\performance.test.tsx">
      <skipped/>
    </testcase>
    <testcase classname="Performance Tests - Quick Log" name="should complete strength workout log in under 10 seconds" time="0.546" file="__tests__\performance.test.tsx">
      <failure>Error: Unable to find an element with testID: save-workout-button

&lt;RCTSafeAreaView&gt;
  &lt;Text&gt;
    Log Workout
  &lt;/Text&gt;
  &lt;RCTScrollView
    testID=&quot;workouts-list&quot;
  &gt;
    &lt;View&gt;
      &lt;View&gt;
        &lt;View&gt;
          &lt;View
            testID=&quot;workout-type-selector&quot;
          &gt;
            &lt;Text&gt;
              Workout Type
            &lt;/Text&gt;
            &lt;View&gt;
              &lt;View
                accessibilityHint=&quot;Select running workout&quot;
                accessibilityLabel=&quot;Running&quot;
                accessibilityRole=&quot;button&quot;
                accessibilityState={
                  {
                    &quot;disabled&quot;: false,
                  }
                }
                accessible={true}
                testID=&quot;type-running&quot;
              &gt;
                &lt;Text&gt;
                  &lt;View&gt;
                    &lt;View /&gt;
                    &lt;Text&gt;
                      Running
                    &lt;/Text&gt;
                  &lt;/View&gt;
                &lt;/Text&gt;
              &lt;/View&gt;
              &lt;View
                accessibilityHint=&quot;Select squats workout&quot;
                accessibilityLabel=&quot;Squats&quot;
                accessibilityRole=&quot;button&quot;
                accessibilityState={
                  {
                    &quot;disabled&quot;: false,
                  }
                }
                accessible={true}
                testID=&quot;type-squats&quot;
              &gt;
                &lt;Text&gt;
                  &lt;View&gt;
                    &lt;View /&gt;
                    &lt;Text&gt;
                      Squats
                    &lt;/Text&gt;
                  &lt;/View&gt;
                &lt;/Text&gt;
              &lt;/View&gt;
              &lt;View
                accessibilityHint=&quot;Select push-ups workout&quot;
                accessibilityLabel=&quot;Push-ups&quot;
                accessibilityRole=&quot;button&quot;
                accessibilityState={
                  {
                    &quot;disabled&quot;: false,
                  }
                }
                accessible={true}
                testID=&quot;type-pushups&quot;
              &gt;
                &lt;Text&gt;
                  &lt;View&gt;
                    &lt;View /&gt;
                    &lt;Text&gt;
                      Push-ups
                    &lt;/Text&gt;
                  &lt;/View&gt;
                &lt;/Text&gt;
              &lt;/View&gt;
              &lt;View
                accessibilityHint=&quot;Select pull-ups workout&quot;
                accessibilityLabel=&quot;Pull-ups&quot;
                accessibilityRole=&quot;button&quot;
                accessibilityState={
                  {
                    &quot;disabled&quot;: false,
                  }
                }
                accessible={true}
                testID=&quot;type-pullups&quot;
              &gt;
                &lt;Text&gt;
                  &lt;View&gt;
                    &lt;View /&gt;
                    &lt;Text&gt;
                      Pull-ups
                    &lt;/Text&gt;
                  &lt;/View&gt;
                &lt;/Text&gt;
              &lt;/View&gt;
              &lt;View
                accessibilityHint=&quot;Select other workout&quot;
                accessibilityLabel=&quot;Other&quot;
                accessibilityRole=&quot;button&quot;
                accessibilityState={
                  {
                    &quot;disabled&quot;: false,
                  }
                }
                accessible={true}
                testID=&quot;type-other&quot;
              &gt;
                &lt;Text&gt;
                  &lt;View&gt;
                    &lt;View /&gt;
                    &lt;Text&gt;
                      Other
                    &lt;/Text&gt;
                  &lt;/View&gt;
                &lt;/Text&gt;
              &lt;/View&gt;
            &lt;/View&gt;
          &lt;/View&gt;
          &lt;View&gt;
            &lt;View
              testID=&quot;datetime-field&quot;
            &gt;
              &lt;Text&gt;
                Date &amp; Time
              &lt;/Text&gt;
              &lt;View
                accessible={true}
                testID=&quot;datetime-picker&quot;
              &gt;
                &lt;Text&gt;
                  Mar 16, 2026 · 11:35 AM
                &lt;/Text&gt;
                &lt;View /&gt;
              &lt;/View&gt;
            &lt;/View&gt;
          &lt;/View&gt;
          &lt;View&gt;
            &lt;View
              accessibilityRole=&quot;none&quot;
            &gt;
              &lt;View&gt;
                &lt;Text&gt;
                  Reps
                &lt;/Text&gt;
                &lt;TextInput
                  accessibilityHint=&quot;Enter number of squats repetitions&quot;
                  accessibilityLabel=&quot;Repetitions&quot;
                  placeholder=&quot;e.g., 20&quot;
                  testID=&quot;reps-input&quot;
                  value=&quot;20&quot;
                /&gt;
              &lt;/View&gt;
              &lt;View&gt;
                &lt;Text&gt;
                  Sets
                &lt;/Text&gt;
                &lt;TextInput
                  accessibilityHint=&quot;Enter number of squats sets&quot;
                  accessibilityLabel=&quot;Sets&quot;
                  placeholder=&quot;e.g., 3&quot;
                  testID=&quot;sets-input&quot;
                  value=&quot;3&quot;
                /&gt;
              &lt;/View&gt;
              &lt;View&gt;
                &lt;Text&gt;
                  Weight (kg) - Optional
                &lt;/Text&gt;
                &lt;TextInput
                  accessibilityHint=&quot;Enter weight in kilograms (optional)&quot;
                  accessibilityLabel=&quot;Weight&quot;
                  placeholder=&quot;e.g., 50 (optional)&quot;
                  testID=&quot;weight-input&quot;
                  value=&quot;&quot;
                /&gt;
                &lt;Text&gt;
                  Leave empty for bodyweight exercises
                &lt;/Text&gt;
              &lt;/View&gt;
              &lt;View
                accessibilityRole=&quot;summary&quot;
              &gt;
                &lt;Text&gt;
                  Total Volume
                &lt;/Text&gt;
                &lt;Text
                  testID=&quot;volume-display&quot;
                &gt;
                  60
                   reps
                &lt;/Text&gt;
              &lt;/View&gt;
            &lt;/View&gt;
          &lt;/View&gt;
          &lt;View&gt;
            &lt;Text&gt;
              Notes (optional)
            &lt;/Text&gt;
            &lt;TextInput
              accessibilityHint=&quot;Optional notes about your workout&quot;
              accessibilityLabel=&quot;Notes&quot;
              placeholder=&quot;Add any additional details...&quot;
              testID=&quot;notes-input&quot;
              value=&quot;&quot;
            /&gt;
          &lt;/View&gt;
          &lt;View
            accessibilityHint=&quot;Save your workout to history&quot;
            accessibilityLabel=&quot;Save workout&quot;
            accessibilityRole=&quot;button&quot;
            accessibilityState={
              {
                &quot;disabled&quot;: false,
              }
            }
            accessible={true}
            testID=&quot;save-button&quot;
          &gt;
            &lt;Text&gt;
              Save Workout
            &lt;/Text&gt;
          &lt;/View&gt;
        &lt;/View&gt;
      &lt;/View&gt;
      &lt;View&gt;
        &lt;View /&gt;
        &lt;Text&gt;
          No workouts yet
        &lt;/Text&gt;
        &lt;Text&gt;
          Log your first workout to get started!
        &lt;/Text&gt;
      &lt;/View&gt;
    &lt;/View&gt;
  &lt;/RCTScrollView&gt;
&lt;/RCTSafeAreaView&gt;
    at Object.getByTestId (C:\Users\neuroshell\Documents\src\trapp\__tests__\performance.test.tsx:184:30)
    at Generator.next (&lt;anonymous&gt;)
    at asyncGeneratorStep (C:\Users\neuroshell\Documents\src\trapp\node_modules\@babel\runtime\helpers\asyncToGenerator.js:3:17)
    at _next (C:\Users\neuroshell\Documents\src\trapp\node_modules\@babel\runtime\helpers\asyncToGenerator.js:17:9)</failure>
    </testcase>
  </testsuite>
  <testsuite name="LoginScreen" errors="0" failures="1" skipped="0" timestamp="2026-03-16T15:35:57" time="2.047" tests="22">
    <testcase classname="LoginScreen" name="renders login form with email and password fields" time="0.417" file="__tests__\LoginScreen.test.tsx">
    </testcase>
    <testcase classname="LoginScreen" name="renders sign in button" time="0.004" file="__tests__\LoginScreen.test.tsx">
    </testcase>
    <testcase classname="LoginScreen" name="displays email validation error for invalid email" time="0.067" file="__tests__\LoginScreen.test.tsx">
    </testcase>
    <testcase classname="LoginScreen" name="displays email required error when empty" time="0.062" file="__tests__\LoginScreen.test.tsx">
    </testcase>
    <testcase classname="LoginScreen" name="displays password required error when empty" time="0.064" file="__tests__\LoginScreen.test.tsx">
    </testcase>
    <testcase classname="LoginScreen" name="submits form with valid credentials" time="0.08" file="__tests__\LoginScreen.test.tsx">
    </testcase>
    <testcase classname="LoginScreen" name="shows loading state during sign in" time="0.064" file="__tests__\LoginScreen.test.tsx">
      <failure>Error: expect(received).toBe(expected) // Object.is equality

Expected: true
Received: undefined
    at Object.toBe (C:\Users\neuroshell\Documents\src\trapp\__tests__\LoginScreen.test.tsx:175:35)
    at Generator.next (&lt;anonymous&gt;)
    at asyncGeneratorStep (C:\Users\neuroshell\Documents\src\trapp\node_modules\@babel\runtime\helpers\asyncToGenerator.js:3:17)
    at _next (C:\Users\neuroshell\Documents\src\trapp\node_modules\@babel\runtime\helpers\asyncToGenerator.js:17:9)</failure>
    </testcase>
    <testcase classname="LoginScreen" name="has accessible error messages with alert role" time="0.058" file="__tests__\LoginScreen.test.tsx">
    </testcase>
    <testcase classname="LoginScreen" name="clears error when user starts typing" time="0.062" file="__tests__\LoginScreen.test.tsx">
    </testcase>
    <testcase classname="LoginScreen" name="has proper accessibility labels on inputs" time="0.004" file="__tests__\LoginScreen.test.tsx">
    </testcase>
    <testcase classname="LoginScreen" name="has proper accessibility hints on inputs" time="0.003" file="__tests__\LoginScreen.test.tsx">
    </testcase>
    <testcase classname="LoginScreen" name="uses email-address keyboard type for email input" time="0.003" file="__tests__\LoginScreen.test.tsx">
    </testcase>
    <testcase classname="LoginScreen" name="uses secureTextEntry for password input" time="0.003" file="__tests__\LoginScreen.test.tsx">
    </testcase>
    <testcase classname="LoginScreen" name="has minimum 48px height for inputs" time="0.005" file="__tests__\LoginScreen.test.tsx">
    </testcase>
    <testcase classname="LoginScreen" name="renders register link" time="0.003" file="__tests__\LoginScreen.test.tsx">
    </testcase>
    <testcase classname="LoginScreen" name="navigates to register screen when register link is pressed" time="0.003" file="__tests__\LoginScreen.test.tsx">
    </testcase>
    <testcase classname="LoginScreen" name="has accessibility role link on register button" time="0.005" file="__tests__\LoginScreen.test.tsx">
    </testcase>
    <testcase classname="LoginScreen" name="displays generic error for invalid credentials" time="0.066" file="__tests__\LoginScreen.test.tsx">
    </testcase>
    <testcase classname="LoginScreen" name="has proper touch target for sign in button" time="0.003" file="__tests__\LoginScreen.test.tsx">
    </testcase>
    <testcase classname="LoginScreen" name="auto-capitalizes none for email input" time="0.003" file="__tests__\LoginScreen.test.tsx">
    </testcase>
    <testcase classname="LoginScreen" name="disables auto-correct for email input" time="0.003" file="__tests__\LoginScreen.test.tsx">
    </testcase>
    <testcase classname="LoginScreen" name="renders support text" time="0.003" file="__tests__\LoginScreen.test.tsx">
    </testcase>
  </testsuite>
  <testsuite name="LogScreen Integration Tests" errors="0" failures="0" skipped="1" timestamp="2026-03-16T15:35:57" time="2.044" tests="12">
    <testcase classname="LogScreen Integration Tests" name="should render LogScreen with workout type selector" time="0.427" file="__tests__\integration.test.tsx">
    </testcase>
    <testcase classname="LogScreen Integration Tests" name="should show running form fields when running type selected" time="0.019" file="__tests__\integration.test.tsx">
    </testcase>
    <testcase classname="LogScreen Integration Tests" name="should show strength form fields when squats type selected" time="0.02" file="__tests__\integration.test.tsx">
    </testcase>
    <testcase classname="LogScreen Integration Tests" name="should validate running form and show errors for invalid data" time="0.018" file="__tests__\integration.test.tsx">
    </testcase>
    <testcase classname="LogScreen Integration Tests" name="should save running workout with valid data" time="0.075" file="__tests__\integration.test.tsx">
    </testcase>
    <testcase classname="LogScreen Integration Tests" name="should save strength workout with valid data" time="0.094" file="__tests__\integration.test.tsx">
    </testcase>
    <testcase classname="LogScreen Integration Tests" name="should show delete confirmation dialog when delete button pressed" time="0.072" file="__tests__\integration.test.tsx">
    </testcase>
    <testcase classname="LogScreen Integration Tests" name="should delete workout when confirmed" time="0.082" file="__tests__\integration.test.tsx">
    </testcase>
    <testcase classname="LogScreen Integration Tests" name="should cancel delete when cancel button pressed" time="0.079" file="__tests__\integration.test.tsx">
    </testcase>
    <testcase classname="LogScreen Integration Tests" name="should pre-fill form with last workout values" time="0.011" file="__tests__\integration.test.tsx">
    </testcase>
    <testcase classname="LogScreen Integration Tests" name="should show workout list after saving" time="0.072" file="__tests__\integration.test.tsx">
    </testcase>
    <testcase classname="LogScreen Integration Tests" name="should show empty state when no workouts" time="0" file="__tests__\integration.test.tsx">
      <skipped/>
    </testcase>
  </testsuite>
  <testsuite name="RegisterScreen" errors="0" failures="10" skipped="0" timestamp="2026-03-16T15:35:57" time="2.222" tests="29">
    <testcase classname="RegisterScreen" name="renders registration form with all required fields" time="0.403" file="__tests__\RegisterScreen.test.tsx">
      <failure>Error: Found multiple elements with text: /Create Account/
    at Object.getByText (C:\Users\neuroshell\Documents\src\trapp\__tests__\RegisterScreen.test.tsx:48:12)
    at Promise.then.completed (C:\Users\neuroshell\Documents\src\trapp\node_modules\jest-circus\build\utils.js:298:28)
    at new Promise (&lt;anonymous&gt;)
    at callAsyncCircusFn (C:\Users\neuroshell\Documents\src\trapp\node_modules\jest-circus\build\utils.js:231:10)
    at _callCircusTest (C:\Users\neuroshell\Documents\src\trapp\node_modules\jest-circus\build\run.js:316:40)
    at processTicksAndRejections (node:internal/process/task_queues:104:5)
    at _runTest (C:\Users\neuroshell\Documents\src\trapp\node_modules\jest-circus\build\run.js:252:3)
    at _runTestsForDescribeBlock (C:\Users\neuroshell\Documents\src\trapp\node_modules\jest-circus\build\run.js:126:9)
    at _runTestsForDescribeBlock (C:\Users\neuroshell\Documents\src\trapp\node_modules\jest-circus\build\run.js:121:9)
    at run (C:\Users\neuroshell\Documents\src\trapp\node_modules\jest-circus\build\run.js:71:3)
    at runAndTransformResultsToJestFormat (C:\Users\neuroshell\Documents\src\trapp\node_modules\jest-circus\build\legacy-code-todo-rewrite\jestAdapterInit.js:122:21)
    at jestAdapter (C:\Users\neuroshell\Documents\src\trapp\node_modules\jest-circus\build\legacy-code-todo-rewrite\jestAdapter.js:79:19)
    at runTestInternal (C:\Users\neuroshell\Documents\src\trapp\node_modules\jest-runner\build\runTest.js:367:16)
    at runTest (C:\Users\neuroshell\Documents\src\trapp\node_modules\jest-runner\build\runTest.js:444:34)
    at Object.worker (C:\Users\neuroshell\Documents\src\trapp\node_modules\jest-runner\build\testWorker.js:106:12)</failure>
    </testcase>
    <testcase classname="RegisterScreen" name="renders terms acceptance checkbox" time="0.006" file="__tests__\RegisterScreen.test.tsx">
    </testcase>
    <testcase classname="RegisterScreen" name="renders login link" time="0.006" file="__tests__\RegisterScreen.test.tsx">
    </testcase>
    <testcase classname="RegisterScreen" name="calls onNavigateToLogin when login link is pressed" time="0.011" file="__tests__\RegisterScreen.test.tsx">
      <failure>Error: expect(jest.fn()).toHaveBeenCalled()

Expected number of calls: &gt;= 1
Received number of calls:    0
    at Object.toHaveBeenCalled (C:\Users\neuroshell\Documents\src\trapp\__tests__\RegisterScreen.test.tsx:76:31)
    at Promise.then.completed (C:\Users\neuroshell\Documents\src\trapp\node_modules\jest-circus\build\utils.js:298:28)
    at new Promise (&lt;anonymous&gt;)
    at callAsyncCircusFn (C:\Users\neuroshell\Documents\src\trapp\node_modules\jest-circus\build\utils.js:231:10)
    at _callCircusTest (C:\Users\neuroshell\Documents\src\trapp\node_modules\jest-circus\build\run.js:316:40)
    at _runTest (C:\Users\neuroshell\Documents\src\trapp\node_modules\jest-circus\build\run.js:252:3)
    at _runTestsForDescribeBlock (C:\Users\neuroshell\Documents\src\trapp\node_modules\jest-circus\build\run.js:126:9)
    at _runTestsForDescribeBlock (C:\Users\neuroshell\Documents\src\trapp\node_modules\jest-circus\build\run.js:121:9)
    at run (C:\Users\neuroshell\Documents\src\trapp\node_modules\jest-circus\build\run.js:71:3)
    at runAndTransformResultsToJestFormat (C:\Users\neuroshell\Documents\src\trapp\node_modules\jest-circus\build\legacy-code-todo-rewrite\jestAdapterInit.js:122:21)
    at jestAdapter (C:\Users\neuroshell\Documents\src\trapp\node_modules\jest-circus\build\legacy-code-todo-rewrite\jestAdapter.js:79:19)
    at runTestInternal (C:\Users\neuroshell\Documents\src\trapp\node_modules\jest-runner\build\runTest.js:367:16)
    at runTest (C:\Users\neuroshell\Documents\src\trapp\node_modules\jest-runner\build\runTest.js:444:34)
    at Object.worker (C:\Users\neuroshell\Documents\src\trapp\node_modules\jest-runner\build\testWorker.js:106:12)</failure>
    </testcase>
    <testcase classname="RegisterScreen" name="displays email validation error for invalid email" time="0.077" file="__tests__\RegisterScreen.test.tsx">
    </testcase>
    <testcase classname="RegisterScreen" name="displays password length error for short password" time="0.079" file="__tests__\RegisterScreen.test.tsx">
    </testcase>
    <testcase classname="RegisterScreen" name="displays password number requirement error" time="0.079" file="__tests__\RegisterScreen.test.tsx">
    </testcase>
    <testcase classname="RegisterScreen" name="displays password mismatch error" time="0.081" file="__tests__\RegisterScreen.test.tsx">
    </testcase>
    <testcase classname="RegisterScreen" name="displays terms acceptance error when not checked" time="0.078" file="__tests__\RegisterScreen.test.tsx">
    </testcase>
    <testcase classname="RegisterScreen" name="submits form with valid data" time="0.012" file="__tests__\RegisterScreen.test.tsx">
      <failure>Error: Found multiple elements with text: Create Account
    at Object.getByText (C:\Users\neuroshell\Documents\src\trapp\__tests__\RegisterScreen.test.tsx:224:28)
    at Generator.next (&lt;anonymous&gt;)
    at asyncGeneratorStep (C:\Users\neuroshell\Documents\src\trapp\node_modules\@babel\runtime\helpers\asyncToGenerator.js:3:17)
    at _next (C:\Users\neuroshell\Documents\src\trapp\node_modules\@babel\runtime\helpers\asyncToGenerator.js:17:9)
    at C:\Users\neuroshell\Documents\src\trapp\node_modules\@babel\runtime\helpers\asyncToGenerator.js:22:7
    at new Promise (&lt;anonymous&gt;)
    at Object.&lt;anonymous&gt; (C:\Users\neuroshell\Documents\src\trapp\node_modules\@babel\runtime\helpers\asyncToGenerator.js:14:12)
    at Promise.then.completed (C:\Users\neuroshell\Documents\src\trapp\node_modules\jest-circus\build\utils.js:298:28)
    at new Promise (&lt;anonymous&gt;)
    at callAsyncCircusFn (C:\Users\neuroshell\Documents\src\trapp\node_modules\jest-circus\build\utils.js:231:10)
    at _callCircusTest (C:\Users\neuroshell\Documents\src\trapp\node_modules\jest-circus\build\run.js:316:40)
    at _runTest (C:\Users\neuroshell\Documents\src\trapp\node_modules\jest-circus\build\run.js:252:3)
    at _runTestsForDescribeBlock (C:\Users\neuroshell\Documents\src\trapp\node_modules\jest-circus\build\run.js:126:9)
    at _runTestsForDescribeBlock (C:\Users\neuroshell\Documents\src\trapp\node_modules\jest-circus\build\run.js:121:9)
    at run (C:\Users\neuroshell\Documents\src\trapp\node_modules\jest-circus\build\run.js:71:3)
    at runAndTransformResultsToJestFormat (C:\Users\neuroshell\Documents\src\trapp\node_modules\jest-circus\build\legacy-code-todo-rewrite\jestAdapterInit.js:122:21)
    at jestAdapter (C:\Users\neuroshell\Documents\src\trapp\node_modules\jest-circus\build\legacy-code-todo-rewrite\jestAdapter.js:79:19)
    at runTestInternal (C:\Users\neuroshell\Documents\src\trapp\node_modules\jest-runner\build\runTest.js:367:16)
    at runTest (C:\Users\neuroshell\Documents\src\trapp\node_modules\jest-runner\build\runTest.js:444:34)
    at Object.worker (C:\Users\neuroshell\Documents\src\trapp\node_modules\jest-runner\build\testWorker.js:106:12)</failure>
    </testcase>
    <testcase classname="RegisterScreen" name="shows password strength indicator" time="0.19" file="__tests__\RegisterScreen.test.tsx">
    </testcase>
    <testcase classname="RegisterScreen" name="shows loading state during registration" time="0.013" file="__tests__\RegisterScreen.test.tsx">
      <failure>Error: Found multiple elements with text: Create Account
    at Object.getByText (C:\Users\neuroshell\Documents\src\trapp\__tests__\RegisterScreen.test.tsx:276:28)
    at Generator.next (&lt;anonymous&gt;)
    at asyncGeneratorStep (C:\Users\neuroshell\Documents\src\trapp\node_modules\@babel\runtime\helpers\asyncToGenerator.js:3:17)
    at _next (C:\Users\neuroshell\Documents\src\trapp\node_modules\@babel\runtime\helpers\asyncToGenerator.js:17:9)
    at C:\Users\neuroshell\Documents\src\trapp\node_modules\@babel\runtime\helpers\asyncToGenerator.js:22:7
    at new Promise (&lt;anonymous&gt;)
    at Object.&lt;anonymous&gt; (C:\Users\neuroshell\Documents\src\trapp\node_modules\@babel\runtime\helpers\asyncToGenerator.js:14:12)
    at Promise.then.completed (C:\Users\neuroshell\Documents\src\trapp\node_modules\jest-circus\build\utils.js:298:28)
    at new Promise (&lt;anonymous&gt;)
    at callAsyncCircusFn (C:\Users\neuroshell\Documents\src\trapp\node_modules\jest-circus\build\utils.js:231:10)
    at _callCircusTest (C:\Users\neuroshell\Documents\src\trapp\node_modules\jest-circus\build\run.js:316:40)
    at _runTest (C:\Users\neuroshell\Documents\src\trapp\node_modules\jest-circus\build\run.js:252:3)
    at _runTestsForDescribeBlock (C:\Users\neuroshell\Documents\src\trapp\node_modules\jest-circus\build\run.js:126:9)
    at _runTestsForDescribeBlock (C:\Users\neuroshell\Documents\src\trapp\node_modules\jest-circus\build\run.js:121:9)
    at run (C:\Users\neuroshell\Documents\src\trapp\node_modules\jest-circus\build\run.js:71:3)
    at runAndTransformResultsToJestFormat (C:\Users\neuroshell\Documents\src\trapp\node_modules\jest-circus\build\legacy-code-todo-rewrite\jestAdapterInit.js:122:21)
    at jestAdapter (C:\Users\neuroshell\Documents\src\trapp\node_modules\jest-circus\build\legacy-code-todo-rewrite\jestAdapter.js:79:19)
    at runTestInternal (C:\Users\neuroshell\Documents\src\trapp\node_modules\jest-runner\build\runTest.js:367:16)
    at runTest (C:\Users\neuroshell\Documents\src\trapp\node_modules\jest-runner\build\runTest.js:444:34)
    at Object.worker (C:\Users\neuroshell\Documents\src\trapp\node_modules\jest-runner\build\testWorker.js:106:12)</failure>
    </testcase>
    <testcase classname="RegisterScreen" name="has accessible error messages with alert role" time="0.015" file="__tests__\RegisterScreen.test.tsx">
      <failure>Error: Found multiple elements with text: Create Account
    at Object.getByText (C:\Users\neuroshell\Documents\src\trapp\__tests__\RegisterScreen.test.tsx:302:28)
    at Generator.next (&lt;anonymous&gt;)
    at asyncGeneratorStep (C:\Users\neuroshell\Documents\src\trapp\node_modules\@babel\runtime\helpers\asyncToGenerator.js:3:17)
    at _next (C:\Users\neuroshell\Documents\src\trapp\node_modules\@babel\runtime\helpers\asyncToGenerator.js:17:9)
    at C:\Users\neuroshell\Documents\src\trapp\node_modules\@babel\runtime\helpers\asyncToGenerator.js:22:7
    at new Promise (&lt;anonymous&gt;)
    at Object.&lt;anonymous&gt; (C:\Users\neuroshell\Documents\src\trapp\node_modules\@babel\runtime\helpers\asyncToGenerator.js:14:12)
    at Promise.then.completed (C:\Users\neuroshell\Documents\src\trapp\node_modules\jest-circus\build\utils.js:298:28)
    at new Promise (&lt;anonymous&gt;)
    at callAsyncCircusFn (C:\Users\neuroshell\Documents\src\trapp\node_modules\jest-circus\build\utils.js:231:10)
    at _callCircusTest (C:\Users\neuroshell\Documents\src\trapp\node_modules\jest-circus\build\run.js:316:40)
    at _runTest (C:\Users\neuroshell\Documents\src\trapp\node_modules\jest-circus\build\run.js:252:3)
    at _runTestsForDescribeBlock (C:\Users\neuroshell\Documents\src\trapp\node_modules\jest-circus\build\run.js:126:9)
    at _runTestsForDescribeBlock (C:\Users\neuroshell\Documents\src\trapp\node_modules\jest-circus\build\run.js:121:9)
    at run (C:\Users\neuroshell\Documents\src\trapp\node_modules\jest-circus\build\run.js:71:3)
    at runAndTransformResultsToJestFormat (C:\Users\neuroshell\Documents\src\trapp\node_modules\jest-circus\build\legacy-code-todo-rewrite\jestAdapterInit.js:122:21)
    at jestAdapter (C:\Users\neuroshell\Documents\src\trapp\node_modules\jest-circus\build\legacy-code-todo-rewrite\jestAdapter.js:79:19)
    at runTestInternal (C:\Users\neuroshell\Documents\src\trapp\node_modules\jest-runner\build\runTest.js:367:16)
    at runTest (C:\Users\neuroshell\Documents\src\trapp\node_modules\jest-runner\build\runTest.js:444:34)
    at Object.worker (C:\Users\neuroshell\Documents\src\trapp\node_modules\jest-runner\build\testWorker.js:106:12)</failure>
    </testcase>
    <testcase classname="RegisterScreen" name="clears field errors when user starts typing" time="0.012" file="__tests__\RegisterScreen.test.tsx">
      <failure>Error: Found multiple elements with text: Create Account
    at Object.getByText (C:\Users\neuroshell\Documents\src\trapp\__tests__\RegisterScreen.test.tsx:329:28)
    at Generator.next (&lt;anonymous&gt;)
    at asyncGeneratorStep (C:\Users\neuroshell\Documents\src\trapp\node_modules\@babel\runtime\helpers\asyncToGenerator.js:3:17)
    at _next (C:\Users\neuroshell\Documents\src\trapp\node_modules\@babel\runtime\helpers\asyncToGenerator.js:17:9)
    at C:\Users\neuroshell\Documents\src\trapp\node_modules\@babel\runtime\helpers\asyncToGenerator.js:22:7
    at new Promise (&lt;anonymous&gt;)
    at Object.&lt;anonymous&gt; (C:\Users\neuroshell\Documents\src\trapp\node_modules\@babel\runtime\helpers\asyncToGenerator.js:14:12)
    at Promise.then.completed (C:\Users\neuroshell\Documents\src\trapp\node_modules\jest-circus\build\utils.js:298:28)
    at new Promise (&lt;anonymous&gt;)
    at callAsyncCircusFn (C:\Users\neuroshell\Documents\src\trapp\node_modules\jest-circus\build\utils.js:231:10)
    at _callCircusTest (C:\Users\neuroshell\Documents\src\trapp\node_modules\jest-circus\build\run.js:316:40)
    at _runTest (C:\Users\neuroshell\Documents\src\trapp\node_modules\jest-circus\build\run.js:252:3)
    at _runTestsForDescribeBlock (C:\Users\neuroshell\Documents\src\trapp\node_modules\jest-circus\build\run.js:126:9)
    at _runTestsForDescribeBlock (C:\Users\neuroshell\Documents\src\trapp\node_modules\jest-circus\build\run.js:121:9)
    at run (C:\Users\neuroshell\Documents\src\trapp\node_modules\jest-circus\build\run.js:71:3)
    at runAndTransformResultsToJestFormat (C:\Users\neuroshell\Documents\src\trapp\node_modules\jest-circus\build\legacy-code-todo-rewrite\jestAdapterInit.js:122:21)
    at jestAdapter (C:\Users\neuroshell\Documents\src\trapp\node_modules\jest-circus\build\legacy-code-todo-rewrite\jestAdapter.js:79:19)
    at runTestInternal (C:\Users\neuroshell\Documents\src\trapp\node_modules\jest-runner\build\runTest.js:367:16)
    at runTest (C:\Users\neuroshell\Documents\src\trapp\node_modules\jest-runner\build\runTest.js:444:34)
    at Object.worker (C:\Users\neuroshell\Documents\src\trapp\node_modules\jest-runner\build\testWorker.js:106:12)</failure>
    </testcase>
    <testcase classname="RegisterScreen" name="has proper accessibility labels on all inputs" time="0.004" file="__tests__\RegisterScreen.test.tsx">
    </testcase>
    <testcase classname="RegisterScreen" name="has proper accessibility hints on inputs" time="0.005" file="__tests__\RegisterScreen.test.tsx">
    </testcase>
    <testcase classname="RegisterScreen" name="uses email-address keyboard type for email input" time="0.004" file="__tests__\RegisterScreen.test.tsx">
    </testcase>
    <testcase classname="RegisterScreen" name="uses secureTextEntry for password inputs" time="0.004" file="__tests__\RegisterScreen.test.tsx">
    </testcase>
    <testcase classname="RegisterScreen" name="has minimum 48px height for inputs" time="0.004" file="__tests__\RegisterScreen.test.tsx">
    </testcase>
    <testcase classname="RegisterScreen" name="has checkbox with proper accessibility state" time="0.004" file="__tests__\RegisterScreen.test.tsx">
    </testcase>
    <testcase classname="RegisterScreen" name="toggles checkbox when pressed" time="0.007" file="__tests__\RegisterScreen.test.tsx">
    </testcase>
    <testcase classname="RegisterScreen" name="displays duplicate email error" time="0.014" file="__tests__\RegisterScreen.test.tsx">
      <failure>Error: Found multiple elements with text: Create Account
    at Object.getByText (C:\Users\neuroshell\Documents\src\trapp\__tests__\RegisterScreen.test.tsx:466:28)
    at Generator.next (&lt;anonymous&gt;)
    at asyncGeneratorStep (C:\Users\neuroshell\Documents\src\trapp\node_modules\@babel\runtime\helpers\asyncToGenerator.js:3:17)
    at _next (C:\Users\neuroshell\Documents\src\trapp\node_modules\@babel\runtime\helpers\asyncToGenerator.js:17:9)
    at C:\Users\neuroshell\Documents\src\trapp\node_modules\@babel\runtime\helpers\asyncToGenerator.js:22:7
    at new Promise (&lt;anonymous&gt;)
    at Object.&lt;anonymous&gt; (C:\Users\neuroshell\Documents\src\trapp\node_modules\@babel\runtime\helpers\asyncToGenerator.js:14:12)
    at Promise.then.completed (C:\Users\neuroshell\Documents\src\trapp\node_modules\jest-circus\build\utils.js:298:28)
    at new Promise (&lt;anonymous&gt;)
    at callAsyncCircusFn (C:\Users\neuroshell\Documents\src\trapp\node_modules\jest-circus\build\utils.js:231:10)
    at _callCircusTest (C:\Users\neuroshell\Documents\src\trapp\node_modules\jest-circus\build\run.js:316:40)
    at _runTest (C:\Users\neuroshell\Documents\src\trapp\node_modules\jest-circus\build\run.js:252:3)
    at _runTestsForDescribeBlock (C:\Users\neuroshell\Documents\src\trapp\node_modules\jest-circus\build\run.js:126:9)
    at _runTestsForDescribeBlock (C:\Users\neuroshell\Documents\src\trapp\node_modules\jest-circus\build\run.js:121:9)
    at run (C:\Users\neuroshell\Documents\src\trapp\node_modules\jest-circus\build\run.js:71:3)
    at runAndTransformResultsToJestFormat (C:\Users\neuroshell\Documents\src\trapp\node_modules\jest-circus\build\legacy-code-todo-rewrite\jestAdapterInit.js:122:21)
    at jestAdapter (C:\Users\neuroshell\Documents\src\trapp\node_modules\jest-circus\build\legacy-code-todo-rewrite\jestAdapter.js:79:19)
    at runTestInternal (C:\Users\neuroshell\Documents\src\trapp\node_modules\jest-runner\build\runTest.js:367:16)
    at runTest (C:\Users\neuroshell\Documents\src\trapp\node_modules\jest-runner\build\runTest.js:444:34)
    at Object.worker (C:\Users\neuroshell\Documents\src\trapp\node_modules\jest-runner\build\testWorker.js:106:12)</failure>
    </testcase>
    <testcase classname="RegisterScreen" name="has proper touch target for register button" time="0.004" file="__tests__\RegisterScreen.test.tsx">
      <failure>Error: Found multiple elements with text: Create Account
    at Object.getByText (C:\Users\neuroshell\Documents\src\trapp\__tests__\RegisterScreen.test.tsx:478:28)
    at Promise.then.completed (C:\Users\neuroshell\Documents\src\trapp\node_modules\jest-circus\build\utils.js:298:28)
    at new Promise (&lt;anonymous&gt;)
    at callAsyncCircusFn (C:\Users\neuroshell\Documents\src\trapp\node_modules\jest-circus\build\utils.js:231:10)
    at _callCircusTest (C:\Users\neuroshell\Documents\src\trapp\node_modules\jest-circus\build\run.js:316:40)
    at _runTest (C:\Users\neuroshell\Documents\src\trapp\node_modules\jest-circus\build\run.js:252:3)
    at _runTestsForDescribeBlock (C:\Users\neuroshell\Documents\src\trapp\node_modules\jest-circus\build\run.js:126:9)
    at _runTestsForDescribeBlock (C:\Users\neuroshell\Documents\src\trapp\node_modules\jest-circus\build\run.js:121:9)
    at run (C:\Users\neuroshell\Documents\src\trapp\node_modules\jest-circus\build\run.js:71:3)
    at runAndTransformResultsToJestFormat (C:\Users\neuroshell\Documents\src\trapp\node_modules\jest-circus\build\legacy-code-todo-rewrite\jestAdapterInit.js:122:21)
    at jestAdapter (C:\Users\neuroshell\Documents\src\trapp\node_modules\jest-circus\build\legacy-code-todo-rewrite\jestAdapter.js:79:19)
    at runTestInternal (C:\Users\neuroshell\Documents\src\trapp\node_modules\jest-runner\build\runTest.js:367:16)
    at runTest (C:\Users\neuroshell\Documents\src\trapp\node_modules\jest-runner\build\runTest.js:444:34)
    at Object.worker (C:\Users\neuroshell\Documents\src\trapp\node_modules\jest-runner\build\testWorker.js:106:12)</failure>
    </testcase>
    <testcase classname="RegisterScreen" name="auto-capitalizes none for email input" time="0.004" file="__tests__\RegisterScreen.test.tsx">
    </testcase>
    <testcase classname="RegisterScreen" name="disables auto-correct for email input" time="0.004" file="__tests__\RegisterScreen.test.tsx">
    </testcase>
    <testcase classname="RegisterScreen" name="renders support text" time="0.004" file="__tests__\RegisterScreen.test.tsx">
    </testcase>
    <testcase classname="RegisterScreen" name="renders title" time="0.004" file="__tests__\RegisterScreen.test.tsx">
      <failure>Error: Found multiple elements with text: /Create Account/
    at Object.getByText (C:\Users\neuroshell\Documents\src\trapp\__tests__\RegisterScreen.test.tsx:520:12)
    at Promise.then.completed (C:\Users\neuroshell\Documents\src\trapp\node_modules\jest-circus\build\utils.js:298:28)
    at new Promise (&lt;anonymous&gt;)
    at callAsyncCircusFn (C:\Users\neuroshell\Documents\src\trapp\node_modules\jest-circus\build\utils.js:231:10)
    at _callCircusTest (C:\Users\neuroshell\Documents\src\trapp\node_modules\jest-circus\build\run.js:316:40)
    at _runTest (C:\Users\neuroshell\Documents\src\trapp\node_modules\jest-circus\build\run.js:252:3)
    at _runTestsForDescribeBlock (C:\Users\neuroshell\Documents\src\trapp\node_modules\jest-circus\build\run.js:126:9)
    at _runTestsForDescribeBlock (C:\Users\neuroshell\Documents\src\trapp\node_modules\jest-circus\build\run.js:121:9)
    at run (C:\Users\neuroshell\Documents\src\trapp\node_modules\jest-circus\build\run.js:71:3)
    at runAndTransformResultsToJestFormat (C:\Users\neuroshell\Documents\src\trapp\node_modules\jest-circus\build\legacy-code-todo-rewrite\jestAdapterInit.js:122:21)
    at jestAdapter (C:\Users\neuroshell\Documents\src\trapp\node_modules\jest-circus\build\legacy-code-todo-rewrite\jestAdapter.js:79:19)
    at runTestInternal (C:\Users\neuroshell\Documents\src\trapp\node_modules\jest-runner\build\runTest.js:367:16)
    at runTest (C:\Users\neuroshell\Documents\src\trapp\node_modules\jest-runner\build\runTest.js:444:34)
    at Object.worker (C:\Users\neuroshell\Documents\src\trapp\node_modules\jest-runner\build\testWorker.js:106:12)</failure>
    </testcase>
    <testcase classname="RegisterScreen" name="has terms link with proper styling" time="0.004" file="__tests__\RegisterScreen.test.tsx">
    </testcase>
    <testcase classname="RegisterScreen" name="validates confirm password is required" time="0.01" file="__tests__\RegisterScreen.test.tsx">
      <failure>Error: Found multiple elements with text: Create Account
    at Object.getByText (C:\Users\neuroshell\Documents\src\trapp\__tests__\RegisterScreen.test.tsx:547:28)
    at Generator.next (&lt;anonymous&gt;)
    at asyncGeneratorStep (C:\Users\neuroshell\Documents\src\trapp\node_modules\@babel\runtime\helpers\asyncToGenerator.js:3:17)
    at _next (C:\Users\neuroshell\Documents\src\trapp\node_modules\@babel\runtime\helpers\asyncToGenerator.js:17:9)
    at C:\Users\neuroshell\Documents\src\trapp\node_modules\@babel\runtime\helpers\asyncToGenerator.js:22:7
    at new Promise (&lt;anonymous&gt;)
    at Object.&lt;anonymous&gt; (C:\Users\neuroshell\Documents\src\trapp\node_modules\@babel\runtime\helpers\asyncToGenerator.js:14:12)
    at Promise.then.completed (C:\Users\neuroshell\Documents\src\trapp\node_modules\jest-circus\build\utils.js:298:28)
    at new Promise (&lt;anonymous&gt;)
    at callAsyncCircusFn (C:\Users\neuroshell\Documents\src\trapp\node_modules\jest-circus\build\utils.js:231:10)
    at _callCircusTest (C:\Users\neuroshell\Documents\src\trapp\node_modules\jest-circus\build\run.js:316:40)
    at _runTest (C:\Users\neuroshell\Documents\src\trapp\node_modules\jest-circus\build\run.js:252:3)
    at _runTestsForDescribeBlock (C:\Users\neuroshell\Documents\src\trapp\node_modules\jest-circus\build\run.js:126:9)
    at _runTestsForDescribeBlock (C:\Users\neuroshell\Documents\src\trapp\node_modules\jest-circus\build\run.js:121:9)
    at run (C:\Users\neuroshell\Documents\src\trapp\node_modules\jest-circus\build\run.js:71:3)
    at runAndTransformResultsToJestFormat (C:\Users\neuroshell\Documents\src\trapp\node_modules\jest-circus\build\legacy-code-todo-rewrite\jestAdapterInit.js:122:21)
    at jestAdapter (C:\Users\neuroshell\Documents\src\trapp\node_modules\jest-circus\build\legacy-code-todo-rewrite\jestAdapter.js:79:19)
    at runTestInternal (C:\Users\neuroshell\Documents\src\trapp\node_modules\jest-runner\build\runTest.js:367:16)
    at runTest (C:\Users\neuroshell\Documents\src\trapp\node_modules\jest-runner\build\runTest.js:444:34)
    at Object.worker (C:\Users\neuroshell\Documents\src\trapp\node_modules\jest-runner\build\testWorker.js:106:12)</failure>
    </testcase>
  </testsuite>
  <testsuite name="AuthContext" errors="0" failures="0" skipped="0" timestamp="2026-03-16T15:35:57" time="2.493" tests="37">
    <testcase classname="AuthContext validation functions validateEmail" name="returns true for valid emails" time="0.004" file="__tests__\AuthContext.test.tsx">
    </testcase>
    <testcase classname="AuthContext validation functions validateEmail" name="returns false for invalid emails" time="0.003" file="__tests__\AuthContext.test.tsx">
    </testcase>
    <testcase classname="AuthContext validation functions validatePassword" name="rejects passwords shorter than 8 characters" time="0" file="__tests__\AuthContext.test.tsx">
    </testcase>
    <testcase classname="AuthContext validation functions validatePassword" name="rejects passwords without numbers" time="0.001" file="__tests__\AuthContext.test.tsx">
    </testcase>
    <testcase classname="AuthContext validation functions validatePassword" name="accepts valid passwords" time="0" file="__tests__\AuthContext.test.tsx">
    </testcase>
    <testcase classname="AuthContext initial state" name="provides initial auth state with loading true" time="0.477" file="__tests__\AuthContext.test.tsx">
    </testcase>
    <testcase classname="AuthContext initial state" name="provides user as null when not signed in" time="0.001" file="__tests__\AuthContext.test.tsx">
    </testcase>
    <testcase classname="AuthContext initial state" name="provides error as null initially" time="0.001" file="__tests__\AuthContext.test.tsx">
    </testcase>
    <testcase classname="AuthContext initial state" name="sets loading to false after initialization" time="0.057" file="__tests__\AuthContext.test.tsx">
    </testcase>
    <testcase classname="AuthContext session restoration" name="loads auth state from AsyncStorage on mount" time="0.063" file="__tests__\AuthContext.test.tsx">
    </testcase>
    <testcase classname="AuthContext session restoration" name="handles empty auth state from AsyncStorage" time="0.064" file="__tests__\AuthContext.test.tsx">
    </testcase>
    <testcase classname="AuthContext session restoration" name="handles invalid auth state from AsyncStorage" time="0.063" file="__tests__\AuthContext.test.tsx">
    </testcase>
    <testcase classname="AuthContext signIn" name="signs in with valid email and password" time="0.063" file="__tests__\AuthContext.test.tsx">
    </testcase>
    <testcase classname="AuthContext signIn" name="rejects invalid email format" time="0.062" file="__tests__\AuthContext.test.tsx">
    </testcase>
    <testcase classname="AuthContext signIn" name="rejects password shorter than 8 characters" time="0.063" file="__tests__\AuthContext.test.tsx">
    </testcase>
    <testcase classname="AuthContext signIn" name="shows generic error for non-existent user" time="0.063" file="__tests__\AuthContext.test.tsx">
    </testcase>
    <testcase classname="AuthContext signIn" name="shows generic error for wrong password" time="0.063" file="__tests__\AuthContext.test.tsx">
    </testcase>
    <testcase classname="AuthContext signIn" name="hashes password during sign in" time="0.002" file="__tests__\AuthContext.test.tsx">
    </testcase>
    <testcase classname="AuthContext signIn" name="normalizes email to lowercase" time="0.062" file="__tests__\AuthContext.test.tsx">
    </testcase>
    <testcase classname="AuthContext signUp" name="creates new user with valid email and password" time="0.063" file="__tests__\AuthContext.test.tsx">
    </testcase>
    <testcase classname="AuthContext signUp" name="rejects invalid email format" time="0.063" file="__tests__\AuthContext.test.tsx">
    </testcase>
    <testcase classname="AuthContext signUp" name="rejects password shorter than 8 characters" time="0.063" file="__tests__\AuthContext.test.tsx">
    </testcase>
    <testcase classname="AuthContext signUp" name="rejects password without numbers" time="0.063" file="__tests__\AuthContext.test.tsx">
    </testcase>
    <testcase classname="AuthContext signUp" name="rejects duplicate email registration" time="0.063" file="__tests__\AuthContext.test.tsx">
    </testcase>
    <testcase classname="AuthContext signUp" name="normalizes email to lowercase" time="0.063" file="__tests__\AuthContext.test.tsx">
    </testcase>
    <testcase classname="AuthContext signUp" name="generates unique user id" time="0.063" file="__tests__\AuthContext.test.tsx">
    </testcase>
    <testcase classname="AuthContext signUp" name="sets createdAt timestamp" time="0.065" file="__tests__\AuthContext.test.tsx">
    </testcase>
    <testcase classname="AuthContext signOut" name="signs out and clears state" time="0.128" file="__tests__\AuthContext.test.tsx">
    </testcase>
    <testcase classname="AuthContext signOut" name="clears error on sign out" time="0.001" file="__tests__\AuthContext.test.tsx">
    </testcase>
    <testcase classname="AuthContext clearError" name="clears error state" time="0.001" file="__tests__\AuthContext.test.tsx">
    </testcase>
    <testcase classname="AuthContext context API" name="throws error when useAuth used outside AuthProvider" time="0.015" file="__tests__\AuthContext.test.tsx">
    </testcase>
    <testcase classname="AuthContext context API" name="provides signIn function" time="0" file="__tests__\AuthContext.test.tsx">
    </testcase>
    <testcase classname="AuthContext context API" name="provides signUp function" time="0.001" file="__tests__\AuthContext.test.tsx">
    </testcase>
    <testcase classname="AuthContext context API" name="provides signOut function" time="0" file="__tests__\AuthContext.test.tsx">
    </testcase>
    <testcase classname="AuthContext context API" name="provides clearError function" time="0.001" file="__tests__\AuthContext.test.tsx">
    </testcase>
    <testcase classname="AuthContext context API" name="provides loading state" time="0" file="__tests__\AuthContext.test.tsx">
    </testcase>
    <testcase classname="AuthContext context API" name="provides error state" time="0.001" file="__tests__\AuthContext.test.tsx">
    </testcase>
  </testsuite>
  <testsuite name="HomeScreen" errors="0" failures="0" skipped="0" timestamp="2026-03-16T15:35:57" time="2.551" tests="17">
    <testcase classname="HomeScreen" name="renders title" time="0.482" file="__tests__\HomeScreen.test.tsx">
    </testcase>
    <testcase classname="HomeScreen" name="renders subtitle" time="0.06" file="__tests__\HomeScreen.test.tsx">
    </testcase>
    <testcase classname="HomeScreen" name="renders Quick Actions section" time="0.064" file="__tests__\HomeScreen.test.tsx">
    </testcase>
    <testcase classname="HomeScreen" name="renders Latest Activity section" time="0.064" file="__tests__\HomeScreen.test.tsx">
    </testcase>
    <testcase classname="HomeScreen" name="renders stats card with streak" time="0.064" file="__tests__\HomeScreen.test.tsx">
    </testcase>
    <testcase classname="HomeScreen" name="renders stats card with weekly goal" time="0.063" file="__tests__\HomeScreen.test.tsx">
    </testcase>
    <testcase classname="HomeScreen" name="renders Run button" time="0.063" file="__tests__\HomeScreen.test.tsx">
    </testcase>
    <testcase classname="HomeScreen" name="renders Push-up button" time="0.062" file="__tests__\HomeScreen.test.tsx">
    </testcase>
    <testcase classname="HomeScreen" name="renders Squats button" time="0.064" file="__tests__\HomeScreen.test.tsx">
    </testcase>
    <testcase classname="HomeScreen" name="renders Pull-up button" time="0.064" file="__tests__\HomeScreen.test.tsx">
    </testcase>
    <testcase classname="HomeScreen" name="navigates to Log screen when Run is pressed" time="0.063" file="__tests__\HomeScreen.test.tsx">
    </testcase>
    <testcase classname="HomeScreen" name="navigates to Log screen when Push-up is pressed" time="0.062" file="__tests__\HomeScreen.test.tsx">
    </testcase>
    <testcase classname="HomeScreen" name="navigates to Log screen when Squats is pressed" time="0.064" file="__tests__\HomeScreen.test.tsx">
    </testcase>
    <testcase classname="HomeScreen" name="navigates to Log screen when Pull-up is pressed" time="0.066" file="__tests__\HomeScreen.test.tsx">
    </testcase>
    <testcase classname="HomeScreen" name="renders placeholder message for empty activity list" time="0.065" file="__tests__\HomeScreen.test.tsx">
    </testcase>
    <testcase classname="HomeScreen" name="renders SafeAreaView wrapper" time="0.062" file="__tests__\HomeScreen.test.tsx">
    </testcase>
    <testcase classname="HomeScreen" name="handles multiple navigation calls" time="0.065" file="__tests__\HomeScreen.test.tsx">
    </testcase>
  </testsuite>
  <testsuite name="LogScreen" errors="0" failures="0" skipped="0" timestamp="2026-03-16T15:35:56" time="2.659" tests="15">
    <testcase classname="LogScreen" name="renders Log Workout title" time="0.484" file="__tests__\LogScreen.test.tsx">
    </testcase>
    <testcase classname="LogScreen" name="renders workout type selector" time="0.076" file="__tests__\LogScreen.test.tsx">
    </testcase>
    <testcase classname="LogScreen" name="renders all workout type options" time="0.067" file="__tests__\LogScreen.test.tsx">
    </testcase>
    <testcase classname="LogScreen" name="renders Date &amp; Time field" time="0.076" file="__tests__\LogScreen.test.tsx">
    </testcase>
    <testcase classname="LogScreen" name="renders notes input" time="0.064" file="__tests__\LogScreen.test.tsx">
    </testcase>
    <testcase classname="LogScreen" name="renders save button" time="0.063" file="__tests__\LogScreen.test.tsx">
    </testcase>
    <testcase classname="LogScreen" name="shows empty state when no workouts exist" time="0.063" file="__tests__\LogScreen.test.tsx">
    </testcase>
    <testcase classname="LogScreen" name="allows selecting workout type" time="0.123" file="__tests__\LogScreen.test.tsx">
    </testcase>
    <testcase classname="LogScreen" name="allows entering reps for strength workout" time="0.13" file="__tests__\LogScreen.test.tsx">
    </testcase>
    <testcase classname="LogScreen" name="allows entering distance for running workout" time="0.127" file="__tests__\LogScreen.test.tsx">
    </testcase>
    <testcase classname="LogScreen" name="allows entering notes" time="0.066" file="__tests__\LogScreen.test.tsx">
    </testcase>
    <testcase classname="LogScreen" name="has proper label for workout type" time="0.063" file="__tests__\LogScreen.test.tsx">
    </testcase>
    <testcase classname="LogScreen" name="has proper label for Date &amp; Time" time="0.063" file="__tests__\LogScreen.test.tsx">
    </testcase>
    <testcase classname="LogScreen" name="renders notes input as multiline" time="0.063" file="__tests__\LogScreen.test.tsx">
    </testcase>
    <testcase classname="LogScreen" name="displays current date in Date &amp; Time field" time="0.069" file="__tests__\LogScreen.test.tsx">
    </testcase>
  </testsuite>
</testsuites>