<?xml version="1.0" encoding="UTF-8"?>
<coverage generated="1773613632015" clover="3.2.0">
  <project timestamp="1773613632015" name="All files">
    <metrics statements="107" coveredstatements="67" conditionals="45" coveredconditionals="21" methods="40" coveredmethods="26" elements="192" coveredelements="114" complexity="0" loc="107" ncloc="107" packages="3" files="8" classes="8"/>
    <package name="src">
      <metrics statements="43" coveredstatements="14" conditionals="6" coveredconditionals="1" methods="9" coveredmethods="2"/>
      <file name="storage.ts" path="C:\Users\neuroshell\Documents\src\trapp\src\storage.ts">
        <metrics statements="39" coveredstatements="10" conditionals="6" coveredconditionals="1" methods="9" coveredmethods="2"/>
        <line num="5" count="1" type="stmt"/>
        <line num="6" count="1" type="stmt"/>
        <line num="7" count="1" type="stmt"/>
        <line num="10" count="1" type="stmt"/>
        <line num="11" count="1" type="stmt"/>
        <line num="12" count="1" type="cond" truecount="1" falsecount="1"/>
        <line num="13" count="1" type="stmt"/>
        <line num="14" count="1" type="stmt"/>
        <line num="16" count="0" type="stmt"/>
        <line num="17" count="0" type="stmt"/>
        <line num="22" count="3" type="stmt"/>
        <line num="23" count="3" type="stmt"/>
        <line num="25" count="0" type="stmt"/>
        <line num="30" count="0" type="stmt"/>
        <line num="31" count="0" type="stmt"/>
        <line num="33" count="0" type="stmt"/>
        <line num="38" count="0" type="stmt"/>
        <line num="39" count="0" type="stmt"/>
        <line num="40" count="0" type="cond" truecount="0" falsecount="2"/>
        <line num="42" count="0" type="stmt"/>
        <line num="43" count="0" type="stmt"/>
        <line num="44" count="0" type="stmt"/>
        <line num="46" count="0" type="stmt"/>
        <line num="47" count="0" type="stmt"/>
        <line num="59" count="0" type="stmt"/>
        <line num="60" count="0" type="stmt"/>
        <line num="61" count="0" type="cond" truecount="0" falsecount="2"/>
        <line num="62" count="0" type="stmt"/>
        <line num="64" count="0" type="stmt"/>
        <line num="65" count="0" type="stmt"/>
        <line num="70" count="0" type="stmt"/>
        <line num="71" count="0" type="stmt"/>
        <line num="73" count="0" type="stmt"/>
        <line num="78" count="0" type="stmt"/>
        <line num="79" count="0" type="stmt"/>
        <line num="81" count="0" type="stmt"/>
        <line num="86" count="0" type="stmt"/>
        <line num="87" count="0" type="stmt"/>
        <line num="90" count="0" type="stmt"/>
      </file>
      <file name="theme.ts" path="C:\Users\neuroshell\Documents\src\trapp\src\theme.ts">
        <metrics statements="4" coveredstatements="4" conditionals="0" coveredconditionals="0" methods="0" coveredmethods="0"/>
        <line num="1" count="2" type="stmt"/>
        <line num="15" count="2" type="stmt"/>
        <line num="23" count="2" type="stmt"/>
        <line num="30" count="2" type="stmt"/>
      </file>
    </package>
    <package name="src.components">
      <metrics statements="23" coveredstatements="16" conditionals="26" coveredconditionals="12" methods="11" coveredmethods="7"/>
      <file name="Card.tsx" path="C:\Users\neuroshell\Documents\src\trapp\src\components\Card.tsx">
        <metrics statements="2" coveredstatements="2" conditionals="2" coveredconditionals="1" methods="1" coveredmethods="1"/>
        <line num="12" count="7" type="stmt"/>
        <line num="19" count="2" type="stmt"/>
      </file>
      <file name="DateTimeField.tsx" path="C:\Users\neuroshell\Documents\src\trapp\src\components\DateTimeField.tsx">
        <metrics statements="15" coveredstatements="8" conditionals="8" coveredconditionals="2" methods="6" coveredmethods="2"/>
        <line num="15" count="4" type="stmt"/>
        <line num="20" count="4" type="stmt"/>
        <line num="21" count="4" type="stmt"/>
        <line num="25" count="4" type="stmt"/>
        <line num="27" count="4" type="stmt"/>
        <line num="28" count="0" type="stmt"/>
        <line num="29" count="0" type="stmt"/>
        <line num="32" count="4" type="stmt"/>
        <line num="33" count="0" type="cond" truecount="0" falsecount="2"/>
        <line num="34" count="0" type="stmt"/>
        <line num="36" count="0" type="stmt"/>
        <line num="39" count="4" type="stmt"/>
        <line num="42" count="0" type="stmt"/>
        <line num="62" count="0" type="stmt"/>
        <line num="71" count="1" type="stmt"/>
      </file>
      <file name="IconButton.tsx" path="C:\Users\neuroshell\Documents\src\trapp\src\components\IconButton.tsx">
        <metrics statements="3" coveredstatements="3" conditionals="8" coveredconditionals="4" methods="2" coveredmethods="2"/>
        <line num="15" count="4" type="stmt"/>
        <line num="18" count="4" type="stmt"/>
        <line num="35" count="1" type="stmt"/>
      </file>
      <file name="PrimaryButton.tsx" path="C:\Users\neuroshell\Documents\src\trapp\src\components\PrimaryButton.tsx">
        <metrics statements="3" coveredstatements="3" conditionals="8" coveredconditionals="5" methods="2" coveredmethods="2"/>
        <line num="14" count="24" type="stmt"/>
        <line num="17" count="24" type="stmt"/>
        <line num="31" count="1" type="stmt"/>
      </file>
    </package>
    <package name="src.screens">
      <metrics statements="41" coveredstatements="37" conditionals="13" coveredconditionals="8" methods="20" coveredmethods="17"/>
      <file name="HomeScreen.tsx" path="C:\Users\neuroshell\Documents\src\trapp\src\screens\HomeScreen.tsx">
        <metrics statements="6" coveredstatements="6" conditionals="0" coveredconditionals="0" methods="5" coveredmethods="5"/>
        <line num="12" count="1" type="stmt"/>
        <line num="37" count="1" type="stmt"/>
        <line num="42" count="1" type="stmt"/>
        <line num="49" count="1" type="stmt"/>
        <line num="54" count="1" type="stmt"/>
        <line num="69" count="1" type="stmt"/>
      </file>
      <file name="LogScreen.tsx" path="C:\Users\neuroshell\Documents\src\trapp\src\screens\LogScreen.tsx">
        <metrics statements="35" coveredstatements="31" conditionals="13" coveredconditionals="8" methods="15" coveredmethods="12"/>
        <line num="18" count="1" type="stmt"/>
        <line num="27" count="0" type="stmt"/>
        <line num="31" count="1" type="stmt"/>
        <line num="35" count="4" type="stmt"/>
        <line num="36" count="4" type="stmt"/>
        <line num="37" count="4" type="stmt"/>
        <line num="38" count="4" type="stmt"/>
        <line num="39" count="4" type="stmt"/>
        <line num="41" count="4" type="stmt"/>
        <line num="42" count="1" type="stmt"/>
        <line num="43" count="1" type="stmt"/>
        <line num="44" count="1" type="cond" truecount="1" falsecount="1"/>
        <line num="48" count="4" type="stmt"/>
        <line num="49" count="3" type="stmt"/>
        <line num="52" count="4" type="stmt"/>
        <line num="53" count="3" type="cond" truecount="0" falsecount="2"/>
        <line num="56" count="4" type="stmt"/>
        <line num="57" count="1" type="stmt"/>
        <line num="58" count="1" type="cond" truecount="4" falsecount="1"/>
        <line num="59" count="0" type="stmt"/>
        <line num="60" count="0" type="stmt"/>
        <line num="63" count="1" type="stmt"/>
        <line num="73" count="1" type="stmt"/>
        <line num="74" count="1" type="stmt"/>
        <line num="75" count="1" type="stmt"/>
        <line num="78" count="4" type="stmt"/>
        <line num="79" count="1" type="stmt"/>
        <line num="80" count="1" type="stmt"/>
        <line num="89" count="4" type="stmt"/>
        <line num="90" count="1" type="stmt"/>
        <line num="102" count="4" type="stmt"/>
        <line num="110" count="20" type="stmt"/>
        <line num="112" count="0" type="stmt"/>
        <line num="156" count="2" type="stmt"/>
        <line num="165" count="1" type="stmt"/>
      </file>
    </package>
  </project>
</coverage>
