<?xml version="1.0" ?>
<!DOCTYPE coverage SYSTEM "http://cobertura.sourceforge.net/xml/coverage-04.dtd">
<coverage lines-valid="224" lines-covered="211" line-rate="0.9419" branches-valid="92" branches-covered="76" branch-rate="0.826" timestamp="1773618798556" complexity="0" version="0.1">
  <sources>
    <source>C:\Users\neuroshell\Documents\src\trapp</source>
  </sources>
  <packages>
    <package name="src" line-rate="0.9534" branch-rate="1">
      <classes>
        <class name="storage.ts" filename="src\storage.ts" line-rate="0.9487000000000001" branch-rate="1">
          <methods>
            <method name="loadAppState" hits="71" signature="()V">
              <lines>
                <line number="10" hits="71"/>
              </lines>
            </method>
            <method name="saveAppState" hits="90" signature="()V">
              <lines>
                <line number="22" hits="90"/>
              </lines>
            </method>
            <method name="clearAppState" hits="2" signature="()V">
              <lines>
                <line number="30" hits="2"/>
              </lines>
            </method>
            <method name="getDeviceId" hits="6" signature="()V">
              <lines>
                <line number="38" hits="6"/>
              </lines>
            </method>
            <method name="loadAuthState" hits="31" signature="()V">
              <lines>
                <line number="59" hits="31"/>
              </lines>
            </method>
            <method name="saveAuthState" hits="12" signature="()V">
              <lines>
                <line number="70" hits="12"/>
              </lines>
            </method>
            <method name="clearAuthState" hits="6" signature="()V">
              <lines>
                <line number="78" hits="6"/>
              </lines>
            </method>
            <method name="useAppStorage" hits="2" signature="()V">
              <lines>
                <line number="86" hits="2"/>
              </lines>
            </method>
            <method name="(anonymous_8)" hits="0" signature="()V">
              <lines>
                <line number="87" hits="0"/>
              </lines>
            </method>
          </methods>
          <lines>
            <line number="6" hits="5" branch="false"/>
            <line number="7" hits="5" branch="false"/>
            <line number="8" hits="5" branch="false"/>
            <line number="11" hits="71" branch="false"/>
            <line number="12" hits="71" branch="false"/>
            <line number="13" hits="70" branch="true" condition-coverage="100% (2/2)"/>
            <line number="14" hits="68" branch="false"/>
            <line number="15" hits="67" branch="false"/>
            <line number="17" hits="2" branch="false"/>
            <line number="18" hits="2" branch="false"/>
            <line number="23" hits="90" branch="false"/>
            <line number="24" hits="90" branch="false"/>
            <line number="26" hits="1" branch="false"/>
            <line number="31" hits="2" branch="false"/>
            <line number="32" hits="2" branch="false"/>
            <line number="34" hits="1" branch="false"/>
            <line number="39" hits="6" branch="false"/>
            <line number="40" hits="6" branch="false"/>
            <line number="41" hits="5" branch="true" condition-coverage="100% (2/2)"/>
            <line number="43" hits="4" branch="false"/>
            <line number="44" hits="4" branch="false"/>
            <line number="45" hits="4" branch="false"/>
            <line number="47" hits="1" branch="false"/>
            <line number="48" hits="1" branch="false"/>
            <line number="60" hits="31" branch="false"/>
            <line number="61" hits="31" branch="false"/>
            <line number="62" hits="30" branch="true" condition-coverage="100% (2/2)"/>
            <line number="63" hits="12" branch="false"/>
            <line number="65" hits="2" branch="false"/>
            <line number="66" hits="2" branch="false"/>
            <line number="71" hits="12" branch="false"/>
            <line number="72" hits="12" branch="false"/>
            <line number="74" hits="1" branch="false"/>
            <line number="79" hits="6" branch="false"/>
            <line number="80" hits="6" branch="false"/>
            <line number="82" hits="1" branch="false"/>
            <line number="87" hits="2" branch="false"/>
            <line number="88" hits="0" branch="false"/>
            <line number="91" hits="0" branch="false"/>
          </lines>
        </class>
        <class name="theme.ts" filename="src\theme.ts" line-rate="1" branch-rate="1">
          <methods>
          </methods>
          <lines>
            <line number="1" hits="9" branch="false"/>
            <line number="15" hits="9" branch="false"/>
            <line number="23" hits="9" branch="false"/>
            <line number="30" hits="9" branch="false"/>
          </lines>
        </class>
      </classes>
    </package>
    <package name="src.auth" line-rate="1" branch-rate="1">
      <classes>
        <class name="AuthContext.tsx" filename="src\auth\AuthContext.tsx" line-rate="1" branch-rate="1">
          <methods>
            <method name="AuthProvider" hits="62" signature="()V">
              <lines>
                <line number="31" hits="62"/>
              </lines>
            </method>
            <method name="(anonymous_1)" hits="25" signature="()V">
              <lines>
                <line number="35" hits="25"/>
              </lines>
            </method>
            <method name="(anonymous_2)" hits="25" signature="()V">
              <lines>
                <line number="36" hits="25"/>
              </lines>
            </method>
            <method name="(anonymous_3)" hits="7" signature="()V">
              <lines>
                <line number="48" hits="7"/>
              </lines>
            </method>
            <method name="(anonymous_4)" hits="7" signature="()V">
              <lines>
                <line number="51" hits="7"/>
              </lines>
            </method>
            <method name="(anonymous_5)" hits="4" signature="()V">
              <lines>
                <line number="63" hits="4"/>
              </lines>
            </method>
            <method name="(anonymous_6)" hits="61" signature="()V">
              <lines>
                <line number="69" hits="61"/>
              </lines>
            </method>
            <method name="useAuth" hits="65" signature="()V">
              <lines>
                <line number="82" hits="65"/>
              </lines>
            </method>
          </methods>
          <lines>
            <line number="29" hits="1" branch="false"/>
            <line number="32" hits="62" branch="false"/>
            <line number="33" hits="62" branch="false"/>
            <line number="35" hits="62" branch="false"/>
            <line number="36" hits="25" branch="false"/>
            <line number="37" hits="25" branch="false"/>
            <line number="39" hits="25" branch="true" condition-coverage="100% (4/4)"/>
            <line number="40" hits="8" branch="false"/>
            <line number="42" hits="17" branch="false"/>
            <line number="44" hits="25" branch="false"/>
            <line number="48" hits="62" branch="false"/>
            <line number="49" hits="7" branch="false"/>
            <line number="51" hits="62" branch="false"/>
            <line number="52" hits="7" branch="false"/>
            <line number="54" hits="7" branch="false"/>
            <line number="59" hits="7" branch="false"/>
            <line number="60" hits="7" branch="false"/>
            <line number="63" hits="62" branch="false"/>
            <line number="64" hits="4" branch="false"/>
            <line number="65" hits="4" branch="false"/>
            <line number="68" hits="62" branch="false"/>
            <line number="69" hits="61" branch="false"/>
            <line number="79" hits="62" branch="false"/>
            <line number="83" hits="65" branch="false"/>
            <line number="84" hits="64" branch="true" condition-coverage="100% (2/2)"/>
            <line number="85" hits="62" branch="false"/>
          </lines>
        </class>
      </classes>
    </package>
    <package name="src.components" line-rate="0.7391" branch-rate="0.7306999999999999">
      <classes>
        <class name="Card.tsx" filename="src\components\Card.tsx" line-rate="1" branch-rate="1">
          <methods>
            <method name="Card" hits="212" signature="()V">
              <lines>
                <line number="12" hits="212"/>
              </lines>
            </method>
          </methods>
          <lines>
            <line number="13" hits="212" branch="false"/>
            <line number="20" hits="3" branch="false"/>
          </lines>
        </class>
        <class name="DateTimeField.tsx" filename="src\components\DateTimeField.tsx" line-rate="0.6" branch-rate="0.375">
          <methods>
            <method name="formatDateTime" hits="129" signature="()V">
              <lines>
                <line number="15" hits="129"/>
              </lines>
            </method>
            <method name="DateTimeField" hits="129" signature="()V">
              <lines>
                <line number="28" hits="129"/>
              </lines>
            </method>
            <method name="(anonymous_2)" hits="0" signature="()V">
              <lines>
                <line number="31" hits="0"/>
              </lines>
            </method>
            <method name="(anonymous_3)" hits="0" signature="()V">
              <lines>
                <line number="36" hits="0"/>
              </lines>
            </method>
            <method name="(anonymous_4)" hits="1" signature="()V">
              <lines>
                <line number="46" hits="1"/>
              </lines>
            </method>
            <method name="(anonymous_5)" hits="0" signature="()V">
              <lines>
                <line number="70" hits="0"/>
              </lines>
            </method>
          </methods>
          <lines>
            <line number="16" hits="129" branch="false"/>
            <line number="21" hits="129" branch="false"/>
            <line number="25" hits="129" branch="false"/>
            <line number="29" hits="129" branch="false"/>
            <line number="31" hits="129" branch="false"/>
            <line number="32" hits="0" branch="false"/>
            <line number="33" hits="0" branch="false"/>
            <line number="36" hits="129" branch="false"/>
            <line number="37" hits="0" branch="true" condition-coverage="0% (0/2)"/>
            <line number="38" hits="0" branch="false"/>
            <line number="40" hits="0" branch="false"/>
            <line number="43" hits="129" branch="false"/>
            <line number="46" hits="1" branch="false"/>
            <line number="70" hits="0" branch="false"/>
            <line number="79" hits="2" branch="false"/>
          </lines>
        </class>
        <class name="IconButton.tsx" filename="src\components\IconButton.tsx" line-rate="1" branch-rate="0.875">
          <methods>
            <method name="IconButton" hits="155" signature="()V">
              <lines>
                <line number="15" hits="155"/>
              </lines>
            </method>
            <method name="(anonymous_1)" hits="155" signature="()V">
              <lines>
                <line number="19" hits="155"/>
              </lines>
            </method>
          </methods>
          <lines>
            <line number="16" hits="155" branch="false"/>
            <line number="19" hits="155" branch="false"/>
            <line number="43" hits="2" branch="false"/>
          </lines>
        </class>
        <class name="PrimaryButton.tsx" filename="src\components\PrimaryButton.tsx" line-rate="1" branch-rate="0.875">
          <methods>
            <method name="PrimaryButton" hits="617" signature="()V">
              <lines>
                <line number="14" hits="617"/>
              </lines>
            </method>
            <method name="(anonymous_1)" hits="617" signature="()V">
              <lines>
                <line number="24" hits="617"/>
              </lines>
            </method>
          </methods>
          <lines>
            <line number="21" hits="617" branch="false"/>
            <line number="24" hits="617" branch="false"/>
            <line number="40" hits="2" branch="false"/>
          </lines>
        </class>
      </classes>
    </package>
    <package name="src.screens" line-rate="0.9621" branch-rate="0.8332999999999999">
      <classes>
        <class name="AchievementsScreen.tsx" filename="src\screens\AchievementsScreen.tsx" line-rate="1" branch-rate="0.9444">
          <methods>
            <method name="normalizeDay" hits="265" signature="()V">
              <lines>
                <line number="10" hits="265"/>
              </lines>
            </method>
            <method name="AchievementsScreen" hits="24" signature="()V">
              <lines>
                <line number="14" hits="24"/>
              </lines>
            </method>
            <method name="(anonymous_2)" hits="12" signature="()V">
              <lines>
                <line number="17" hits="12"/>
              </lines>
            </method>
            <method name="(anonymous_3)" hits="12" signature="()V">
              <lines>
                <line number="18" hits="12"/>
              </lines>
            </method>
            <method name="(anonymous_4)" hits="24" signature="()V">
              <lines>
                <line number="24" hits="24"/>
              </lines>
            </method>
            <method name="(anonymous_5)" hits="15" signature="()V">
              <lines>
                <line number="26" hits="15"/>
              </lines>
            </method>
            <method name="(anonymous_6)" hits="24" signature="()V">
              <lines>
                <line number="35" hits="24"/>
              </lines>
            </method>
            <method name="(anonymous_7)" hits="24" signature="()V">
              <lines>
                <line number="49" hits="24"/>
              </lines>
            </method>
          </methods>
          <lines>
            <line number="8" hits="1" branch="false"/>
            <line number="11" hits="265" branch="false"/>
            <line number="15" hits="24" branch="false"/>
            <line number="17" hits="24" branch="false"/>
            <line number="18" hits="12" branch="false"/>
            <line number="19" hits="12" branch="false"/>
            <line number="20" hits="12" branch="true" condition-coverage="50% (1/2)"/>
            <line number="24" hits="24" branch="false"/>
            <line number="25" hits="24" branch="false"/>
            <line number="26" hits="24" branch="false"/>
            <line number="27" hits="15" branch="false"/>
            <line number="28" hits="15" branch="false"/>
            <line number="30" hits="24" branch="false"/>
            <line number="33" hits="24" branch="false"/>
            <line number="35" hits="24" branch="false"/>
            <line number="36" hits="24" branch="false"/>
            <line number="37" hits="24" branch="false"/>
            <line number="38" hits="24" branch="false"/>
            <line number="39" hits="34" branch="false"/>
            <line number="40" hits="34" branch="true" condition-coverage="100% (2/2)"/>
            <line number="41" hits="10" branch="false"/>
            <line number="43" hits="24" branch="false"/>
            <line number="46" hits="24" branch="false"/>
            <line number="49" hits="24" branch="false"/>
            <line number="50" hits="24" branch="false"/>
            <line number="51" hits="24" branch="false"/>
            <line number="52" hits="24" branch="false"/>
            <line number="54" hits="24" branch="false"/>
            <line number="55" hits="24" branch="false"/>
            <line number="56" hits="168" branch="false"/>
            <line number="57" hits="168" branch="true" condition-coverage="100% (2/2)"/>
            <line number="58" hits="15" branch="false"/>
            <line number="61" hits="24" branch="false"/>
            <line number="64" hits="24" branch="false"/>
            <line number="102" hits="1" branch="false"/>
          </lines>
        </class>
        <class name="CalendarScreen.tsx" filename="src\screens\CalendarScreen.tsx" line-rate="0.9433" branch-rate="0.7826000000000001">
          <methods>
            <method name="getMonthMatrix" hits="21" signature="()V">
              <lines>
                <line number="18" hits="21"/>
              </lines>
            </method>
            <method name="CalendarScreen" hits="36" signature="()V">
              <lines>
                <line number="46" hits="36"/>
              </lines>
            </method>
            <method name="(anonymous_2)" hits="15" signature="()V">
              <lines>
                <line number="50" hits="15"/>
              </lines>
            </method>
            <method name="(anonymous_3)" hits="15" signature="()V">
              <lines>
                <line number="51" hits="15"/>
              </lines>
            </method>
            <method name="(anonymous_4)" hits="21" signature="()V">
              <lines>
                <line number="57" hits="21"/>
              </lines>
            </method>
            <method name="(anonymous_5)" hits="36" signature="()V">
              <lines>
                <line number="59" hits="36"/>
              </lines>
            </method>
            <method name="(anonymous_6)" hits="4" signature="()V">
              <lines>
                <line number="64" hits="4"/>
              </lines>
            </method>
            <method name="(anonymous_7)" hits="2" signature="()V">
              <lines>
                <line number="79" hits="2"/>
              </lines>
            </method>
            <method name="(anonymous_8)" hits="2" signature="()V">
              <lines>
                <line number="81" hits="2"/>
              </lines>
            </method>
            <method name="(anonymous_9)" hits="4" signature="()V">
              <lines>
                <line number="85" hits="4"/>
              </lines>
            </method>
            <method name="(anonymous_10)" hits="4" signature="()V">
              <lines>
                <line number="87" hits="4"/>
              </lines>
            </method>
            <method name="(anonymous_11)" hits="1" signature="()V">
              <lines>
                <line number="91" hits="1"/>
              </lines>
            </method>
            <method name="(anonymous_12)" hits="1" signature="()V">
              <lines>
                <line number="92" hits="1"/>
              </lines>
            </method>
            <method name="(anonymous_13)" hits="0" signature="()V">
              <lines>
                <line number="105" hits="0"/>
              </lines>
            </method>
            <method name="(anonymous_14)" hits="252" signature="()V">
              <lines>
                <line number="127" hits="252"/>
              </lines>
            </method>
            <method name="(anonymous_15)" hits="181" signature="()V">
              <lines>
                <line number="133" hits="181"/>
              </lines>
            </method>
            <method name="(anonymous_16)" hits="1267" signature="()V">
              <lines>
                <line number="135" hits="1267"/>
              </lines>
            </method>
            <method name="(anonymous_17)" hits="1" signature="()V">
              <lines>
                <line number="142" hits="1"/>
              </lines>
            </method>
          </methods>
          <lines>
            <line number="16" hits="1" branch="false"/>
            <line number="19" hits="21" branch="false"/>
            <line number="20" hits="21" branch="false"/>
            <line number="22" hits="21" branch="false"/>
            <line number="23" hits="21" branch="false"/>
            <line number="26" hits="21" branch="false"/>
            <line number="27" hits="12" branch="false"/>
            <line number="30" hits="21" branch="false"/>
            <line number="31" hits="642" branch="false"/>
            <line number="32" hits="642" branch="true" condition-coverage="100% (2/2)"/>
            <line number="33" hits="85" branch="false"/>
            <line number="34" hits="85" branch="false"/>
            <line number="38" hits="21" branch="false"/>
            <line number="39" hits="88" branch="false"/>
            <line number="42" hits="21" branch="false"/>
            <line number="43" hits="21" branch="false"/>
            <line number="47" hits="36" branch="false"/>
            <line number="48" hits="36" branch="false"/>
            <line number="50" hits="36" branch="false"/>
            <line number="51" hits="15" branch="false"/>
            <line number="52" hits="15" branch="false"/>
            <line number="53" hits="15" branch="true" condition-coverage="50% (1/2)"/>
            <line number="57" hits="36" branch="false"/>
            <line number="59" hits="36" branch="false"/>
            <line number="60" hits="36" branch="false"/>
            <line number="61" hits="36" branch="false"/>
            <line number="62" hits="36" branch="false"/>
            <line number="64" hits="36" branch="false"/>
            <line number="65" hits="4" branch="false"/>
            <line number="66" hits="4" branch="true" condition-coverage="75% (3/4)"/>
            <line number="67" hits="4" branch="false"/>
            <line number="71" hits="36" branch="false"/>
            <line number="74" hits="36" branch="false"/>
            <line number="79" hits="36" branch="false"/>
            <line number="80" hits="2" branch="false"/>
            <line number="81" hits="2" branch="false"/>
            <line number="85" hits="36" branch="false"/>
            <line number="86" hits="4" branch="false"/>
            <line number="87" hits="4" branch="false"/>
            <line number="91" hits="36" branch="false"/>
            <line number="92" hits="1" branch="false"/>
            <line number="93" hits="1" branch="false"/>
            <line number="94" hits="1" branch="false"/>
            <line number="101" hits="1" branch="true" condition-coverage="50% (1/2)"/>
            <line number="103" hits="0" branch="false"/>
            <line number="106" hits="0" branch="true" condition-coverage="0% (0/2)"/>
            <line number="110" hits="0" branch="false"/>
            <line number="113" hits="36" branch="false"/>
            <line number="128" hits="252" branch="false"/>
            <line number="134" hits="181" branch="false"/>
            <line number="136" hits="1267" branch="false"/>
            <line number="142" hits="1" branch="true" condition-coverage="100% (2/2)"/>
            <line number="156" hits="1" branch="false"/>
          </lines>
        </class>
        <class name="DashboardScreen.tsx" filename="src\screens\DashboardScreen.tsx" line-rate="1" branch-rate="1">
          <methods>
            <method name="DashboardScreen" hits="17" signature="()V">
              <lines>
                <line number="4" hits="17"/>
              </lines>
            </method>
          </methods>
          <lines>
            <line number="5" hits="17" branch="false"/>
            <line number="22" hits="1" branch="false"/>
          </lines>
        </class>
        <class name="HomeScreen.tsx" filename="src\screens\HomeScreen.tsx" line-rate="1" branch-rate="1">
          <methods>
            <method name="HomeScreen" hits="33" signature="()V">
              <lines>
                <line number="19" hits="33"/>
              </lines>
            </method>
            <method name="(anonymous_1)" hits="2" signature="()V">
              <lines>
                <line number="47" hits="2"/>
              </lines>
            </method>
            <method name="(anonymous_2)" hits="2" signature="()V">
              <lines>
                <line number="52" hits="2"/>
              </lines>
            </method>
            <method name="(anonymous_3)" hits="2" signature="()V">
              <lines>
                <line number="59" hits="2"/>
              </lines>
            </method>
            <method name="(anonymous_4)" hits="2" signature="()V">
              <lines>
                <line number="64" hits="2"/>
              </lines>
            </method>
          </methods>
          <lines>
            <line number="20" hits="33" branch="false"/>
            <line number="47" hits="2" branch="false"/>
            <line number="52" hits="2" branch="false"/>
            <line number="59" hits="2" branch="false"/>
            <line number="64" hits="2" branch="false"/>
            <line number="80" hits="1" branch="false"/>
          </lines>
        </class>
        <class name="LogScreen.tsx" filename="src\screens\LogScreen.tsx" line-rate="0.9411" branch-rate="0.7692">
          <methods>
            <method name="uuid" hits="9" signature="()V">
              <lines>
                <line number="27" hits="9"/>
              </lines>
            </method>
            <method name="LogScreen" hits="99" signature="()V">
              <lines>
                <line number="31" hits="99"/>
              </lines>
            </method>
            <method name="(anonymous_2)" hits="37" signature="()V">
              <lines>
                <line number="38" hits="37"/>
              </lines>
            </method>
            <method name="(anonymous_3)" hits="37" signature="()V">
              <lines>
                <line number="39" hits="37"/>
              </lines>
            </method>
            <method name="(anonymous_4)" hits="83" signature="()V">
              <lines>
                <line number="45" hits="83"/>
              </lines>
            </method>
            <method name="(anonymous_5)" hits="83" signature="()V">
              <lines>
                <line number="49" hits="83"/>
              </lines>
            </method>
            <method name="(anonymous_6)" hits="1" signature="()V">
              <lines>
                <line number="50" hits="1"/>
              </lines>
            </method>
            <method name="(anonymous_7)" hits="9" signature="()V">
              <lines>
                <line number="53" hits="9"/>
              </lines>
            </method>
            <method name="(anonymous_8)" hits="9" signature="()V">
              <lines>
                <line number="70" hits="9"/>
              </lines>
            </method>
            <method name="(anonymous_9)" hits="15" signature="()V">
              <lines>
                <line number="75" hits="15"/>
              </lines>
            </method>
            <method name="(anonymous_10)" hits="15" signature="()V">
              <lines>
                <line number="86" hits="15"/>
              </lines>
            </method>
            <method name="(anonymous_11)" hits="495" signature="()V">
              <lines>
                <line number="108" hits="495"/>
              </lines>
            </method>
            <method name="(anonymous_12)" hits="2" signature="()V">
              <lines>
                <line number="111" hits="2"/>
              </lines>
            </method>
            <method name="(anonymous_13)" hits="28" signature="()V">
              <lines>
                <line number="155" hits="28"/>
              </lines>
            </method>
          </methods>
          <lines>
            <line number="19" hits="1" branch="false"/>
            <line number="28" hits="9" branch="false"/>
            <line number="32" hits="99" branch="false"/>
            <line number="33" hits="99" branch="false"/>
            <line number="34" hits="99" branch="false"/>
            <line number="35" hits="99" branch="false"/>
            <line number="36" hits="99" branch="false"/>
            <line number="38" hits="99" branch="false"/>
            <line number="39" hits="37" branch="false"/>
            <line number="40" hits="37" branch="false"/>
            <line number="41" hits="37" branch="true" condition-coverage="50% (1/2)"/>
            <line number="45" hits="99" branch="false"/>
            <line number="46" hits="83" branch="false"/>
            <line number="49" hits="99" branch="false"/>
            <line number="50" hits="83" branch="true" condition-coverage="50% (1/2)"/>
            <line number="53" hits="99" branch="false"/>
            <line number="54" hits="9" branch="false"/>
            <line number="55" hits="9" branch="true" condition-coverage="80% (4/5)"/>
            <line number="56" hits="0" branch="false"/>
            <line number="57" hits="0" branch="false"/>
            <line number="60" hits="9" branch="false"/>
            <line number="70" hits="9" branch="false"/>
            <line number="71" hits="9" branch="false"/>
            <line number="72" hits="9" branch="false"/>
            <line number="75" hits="99" branch="false"/>
            <line number="76" hits="15" branch="false"/>
            <line number="77" hits="15" branch="false"/>
            <line number="86" hits="99" branch="false"/>
            <line number="87" hits="15" branch="false"/>
            <line number="101" hits="99" branch="false"/>
            <line number="109" hits="495" branch="false"/>
            <line number="111" hits="2" branch="false"/>
            <line number="155" hits="28" branch="false"/>
            <line number="164" hits="1" branch="false"/>
          </lines>
        </class>
        <class name="SplashScreen.tsx" filename="src\screens\SplashScreen.tsx" line-rate="1" branch-rate="1">
          <methods>
            <method name="SplashScreen" hits="15" signature="()V">
              <lines>
                <line number="12" hits="15"/>
              </lines>
            </method>
          </methods>
          <lines>
            <line number="13" hits="15" branch="false"/>
            <line number="28" hits="1" branch="false"/>
          </lines>
        </class>
      </classes>
    </package>
  </packages>
</coverage>
