{
  "C:\\Users\\neuroshell\\Documents\\src\\trapp\\src\\storage.ts": {
    "path": "C:\\Users\\neuroshell\\Documents\\src\\trapp\\src\\storage.ts",
    "statementMap": {
      "0": {
        "start": { "line": 5, "column": 20 },
        "end": { "line": 5, "column": 44 }
      },
      "1": {
        "start": { "line": 6, "column": 22 },
        "end": { "line": 6, "column": 47 }
      },
      "2": {
        "start": { "line": 7, "column": 17 },
        "end": { "line": 7, "column": 40 }
      },
      "3": {
        "start": { "line": 10, "column": 2 },
        "end": { "line": 18, "column": 3 }
      },
      "4": {
        "start": { "line": 11, "column": 17 },
        "end": { "line": 11, "column": 56 }
      },
      "5": {
        "start": { "line": 12, "column": 4 },
        "end": { "line": 12, "column": 38 }
      },
      "6": {
        "start": { "line": 12, "column": 15 },
        "end": { "line": 12, "column": 38 }
      },
      "7": {
        "start": { "line": 13, "column": 19 },
        "end": { "line": 13, "column": 47 }
      },
      "8": {
        "start": { "line": 14, "column": 4 },
        "end": { "line": 14, "column": 18 }
      },
      "9": {
        "start": { "line": 16, "column": 4 },
        "end": { "line": 16, "column": 52 }
      },
      "10": {
        "start": { "line": 17, "column": 4 },
        "end": { "line": 17, "column": 27 }
      },
      "11": {
        "start": { "line": 22, "column": 2 },
        "end": { "line": 26, "column": 3 }
      },
      "12": {
        "start": { "line": 23, "column": 4 },
        "end": { "line": 23, "column": 67 }
      },
      "13": {
        "start": { "line": 25, "column": 4 },
        "end": { "line": 25, "column": 52 }
      },
      "14": {
        "start": { "line": 30, "column": 2 },
        "end": { "line": 34, "column": 3 }
      },
      "15": {
        "start": { "line": 31, "column": 4 },
        "end": { "line": 31, "column": 47 }
      },
      "16": {
        "start": { "line": 33, "column": 4 },
        "end": { "line": 33, "column": 53 }
      },
      "17": {
        "start": { "line": 38, "column": 2 },
        "end": { "line": 48, "column": 3 }
      },
      "18": {
        "start": { "line": 39, "column": 21 },
        "end": { "line": 39, "column": 62 }
      },
      "19": {
        "start": { "line": 40, "column": 4 },
        "end": { "line": 40, "column": 34 }
      },
      "20": {
        "start": { "line": 40, "column": 18 },
        "end": { "line": 40, "column": 34 }
      },
      "21": {
        "start": { "line": 42, "column": 22 },
        "end": { "line": 42, "column": 76 }
      },
      "22": {
        "start": { "line": 43, "column": 4 },
        "end": { "line": 43, "column": 57 }
      },
      "23": {
        "start": { "line": 44, "column": 4 },
        "end": { "line": 44, "column": 21 }
      },
      "24": {
        "start": { "line": 46, "column": 4 },
        "end": { "line": 46, "column": 51 }
      },
      "25": {
        "start": { "line": 47, "column": 4 },
        "end": { "line": 47, "column": 21 }
      },
      "26": {
        "start": { "line": 59, "column": 2 },
        "end": { "line": 66, "column": 3 }
      },
      "27": {
        "start": { "line": 60, "column": 17 },
        "end": { "line": 60, "column": 53 }
      },
      "28": {
        "start": { "line": 61, "column": 4 },
        "end": { "line": 61, "column": 25 }
      },
      "29": {
        "start": { "line": 61, "column": 15 },
        "end": { "line": 61, "column": 25 }
      },
      "30": {
        "start": { "line": 62, "column": 4 },
        "end": { "line": 62, "column": 41 }
      },
      "31": {
        "start": { "line": 64, "column": 4 },
        "end": { "line": 64, "column": 53 }
      },
      "32": {
        "start": { "line": 65, "column": 4 },
        "end": { "line": 65, "column": 14 }
      },
      "33": {
        "start": { "line": 70, "column": 2 },
        "end": { "line": 74, "column": 3 }
      },
      "34": {
        "start": { "line": 71, "column": 4 },
        "end": { "line": 71, "column": 64 }
      },
      "35": {
        "start": { "line": 73, "column": 4 },
        "end": { "line": 73, "column": 53 }
      },
      "36": {
        "start": { "line": 78, "column": 2 },
        "end": { "line": 82, "column": 3 }
      },
      "37": {
        "start": { "line": 79, "column": 4 },
        "end": { "line": 79, "column": 44 }
      },
      "38": {
        "start": { "line": 81, "column": 4 },
        "end": { "line": 81, "column": 54 }
      },
      "39": {
        "start": { "line": 86, "column": 19 },
        "end": { "line": 88, "column": 8 }
      },
      "40": {
        "start": { "line": 87, "column": 4 },
        "end": { "line": 87, "column": 26 }
      },
      "41": {
        "start": { "line": 90, "column": 2 },
        "end": { "line": 90, "column": 22 }
      }
    },
    "fnMap": {
      "0": {
        "name": "loadAppState",
        "decl": {
          "start": { "line": 9, "column": 22 },
          "end": { "line": 9, "column": 34 }
        },
        "loc": {
          "start": { "line": 9, "column": 56 },
          "end": { "line": 19, "column": 1 }
        },
        "line": 9
      },
      "1": {
        "name": "saveAppState",
        "decl": {
          "start": { "line": 21, "column": 22 },
          "end": { "line": 21, "column": 34 }
        },
        "loc": {
          "start": { "line": 21, "column": 67 },
          "end": { "line": 27, "column": 1 }
        },
        "line": 21
      },
      "2": {
        "name": "clearAppState",
        "decl": {
          "start": { "line": 29, "column": 22 },
          "end": { "line": 29, "column": 35 }
        },
        "loc": {
          "start": { "line": 29, "column": 53 },
          "end": { "line": 35, "column": 1 }
        },
        "line": 29
      },
      "3": {
        "name": "getDeviceId",
        "decl": {
          "start": { "line": 37, "column": 22 },
          "end": { "line": 37, "column": 33 }
        },
        "loc": {
          "start": { "line": 37, "column": 53 },
          "end": { "line": 49, "column": 1 }
        },
        "line": 37
      },
      "4": {
        "name": "loadAuthState",
        "decl": {
          "start": { "line": 58, "column": 22 },
          "end": { "line": 58, "column": 35 }
        },
        "loc": {
          "start": { "line": 58, "column": 58 },
          "end": { "line": 67, "column": 1 }
        },
        "line": 58
      },
      "5": {
        "name": "saveAuthState",
        "decl": {
          "start": { "line": 69, "column": 22 },
          "end": { "line": 69, "column": 35 }
        },
        "loc": {
          "start": { "line": 69, "column": 69 },
          "end": { "line": 75, "column": 1 }
        },
        "line": 69
      },
      "6": {
        "name": "clearAuthState",
        "decl": {
          "start": { "line": 77, "column": 22 },
          "end": { "line": 77, "column": 36 }
        },
        "loc": {
          "start": { "line": 77, "column": 54 },
          "end": { "line": 83, "column": 1 }
        },
        "line": 77
      },
      "7": {
        "name": "useAppStorage",
        "decl": {
          "start": { "line": 85, "column": 16 },
          "end": { "line": 85, "column": 29 }
        },
        "loc": {
          "start": { "line": 85, "column": 32 },
          "end": { "line": 91, "column": 1 }
        },
        "line": 85
      },
      "8": {
        "name": "(anonymous_8)",
        "decl": {
          "start": { "line": 86, "column": 37 },
          "end": { "line": 86, "column": 38 }
        },
        "loc": {
          "start": { "line": 86, "column": 49 },
          "end": { "line": 88, "column": 3 }
        },
        "line": 86
      }
    },
    "branchMap": {
      "0": {
        "loc": {
          "start": { "line": 12, "column": 4 },
          "end": { "line": 12, "column": 38 }
        },
        "type": "if",
        "locations": [
          {
            "start": { "line": 12, "column": 4 },
            "end": { "line": 12, "column": 38 }
          },
          { "start": {}, "end": {} }
        ],
        "line": 12
      },
      "1": {
        "loc": {
          "start": { "line": 40, "column": 4 },
          "end": { "line": 40, "column": 34 }
        },
        "type": "if",
        "locations": [
          {
            "start": { "line": 40, "column": 4 },
            "end": { "line": 40, "column": 34 }
          },
          { "start": {}, "end": {} }
        ],
        "line": 40
      },
      "2": {
        "loc": {
          "start": { "line": 61, "column": 4 },
          "end": { "line": 61, "column": 25 }
        },
        "type": "if",
        "locations": [
          {
            "start": { "line": 61, "column": 4 },
            "end": { "line": 61, "column": 25 }
          },
          { "start": {}, "end": {} }
        ],
        "line": 61
      }
    },
    "s": {
      "0": 1,
      "1": 1,
      "2": 1,
      "3": 1,
      "4": 1,
      "5": 1,
      "6": 0,
      "7": 1,
      "8": 1,
      "9": 0,
      "10": 0,
      "11": 3,
      "12": 3,
      "13": 0,
      "14": 0,
      "15": 0,
      "16": 0,
      "17": 0,
      "18": 0,
      "19": 0,
      "20": 0,
      "21": 0,
      "22": 0,
      "23": 0,
      "24": 0,
      "25": 0,
      "26": 0,
      "27": 0,
      "28": 0,
      "29": 0,
      "30": 0,
      "31": 0,
      "32": 0,
      "33": 0,
      "34": 0,
      "35": 0,
      "36": 0,
      "37": 0,
      "38": 0,
      "39": 0,
      "40": 0,
      "41": 0
    },
    "f": {
      "0": 1,
      "1": 3,
      "2": 0,
      "3": 0,
      "4": 0,
      "5": 0,
      "6": 0,
      "7": 0,
      "8": 0
    },
    "b": { "0": [0, 1], "1": [0, 0], "2": [0, 0] },
    "_coverageSchema": "1a1c01bbd47fc00a2c39e90264f33305004495a9",
    "hash": "bc0ac43d1cc47dee7395bdb8794af819e0061f05"
  },
  "C:\\Users\\neuroshell\\Documents\\src\\trapp\\src\\theme.ts": {
    "path": "C:\\Users\\neuroshell\\Documents\\src\\trapp\\src\\theme.ts",
    "statementMap": {
      "0": {
        "start": { "line": 1, "column": 22 },
        "end": { "line": 13, "column": 1 }
      },
      "1": {
        "start": { "line": 15, "column": 23 },
        "end": { "line": 21, "column": 1 }
      },
      "2": {
        "start": { "line": 23, "column": 26 },
        "end": { "line": 28, "column": 1 }
      },
      "3": {
        "start": { "line": 30, "column": 23 },
        "end": { "line": 38, "column": 1 }
      }
    },
    "fnMap": {},
    "branchMap": {},
    "s": { "0": 2, "1": 2, "2": 2, "3": 2 },
    "f": {},
    "b": {},
    "_coverageSchema": "1a1c01bbd47fc00a2c39e90264f33305004495a9",
    "hash": "f056cb32337712c566da1b58127489528fb5fd8a"
  },
  "C:\\Users\\neuroshell\\Documents\\src\\trapp\\src\\components\\Card.tsx": {
    "path": "C:\\Users\\neuroshell\\Documents\\src\\trapp\\src\\components\\Card.tsx",
    "statementMap": {
      "0": {
        "start": { "line": 12, "column": 2 },
        "end": { "line": 16, "column": 4 }
      },
      "1": {
        "start": { "line": 19, "column": 15 },
        "end": { "line": 32, "column": 2 }
      }
    },
    "fnMap": {
      "0": {
        "name": "Card",
        "decl": {
          "start": { "line": 11, "column": 16 },
          "end": { "line": 11, "column": 20 }
        },
        "loc": {
          "start": { "line": 11, "column": 61 },
          "end": { "line": 17, "column": 1 }
        },
        "line": 11
      }
    },
    "branchMap": {
      "0": {
        "loc": {
          "start": { "line": 13, "column": 36 },
          "end": { "line": 13, "column": 67 }
        },
        "type": "binary-expr",
        "locations": [
          {
            "start": { "line": 13, "column": 36 },
            "end": { "line": 13, "column": 46 }
          },
          {
            "start": { "line": 13, "column": 50 },
            "end": { "line": 13, "column": 67 }
          }
        ],
        "line": 13
      }
    },
    "s": { "0": 7, "1": 2 },
    "f": { "0": 7 },
    "b": { "0": [7, 0] },
    "_coverageSchema": "1a1c01bbd47fc00a2c39e90264f33305004495a9",
    "hash": "8b5018fefc78c44114a5d06520f84fcd333bae47"
  },
  "C:\\Users\\neuroshell\\Documents\\src\\trapp\\src\\components\\DateTimeField.tsx": {
    "path": "C:\\Users\\neuroshell\\Documents\\src\\trapp\\src\\components\\DateTimeField.tsx",
    "statementMap": {
      "0": {
        "start": { "line": 15, "column": 15 },
        "end": { "line": 19, "column": 4 }
      },
      "1": {
        "start": { "line": 20, "column": 15 },
        "end": { "line": 20, "column": 90 }
      },
      "2": {
        "start": { "line": 21, "column": 2 },
        "end": { "line": 21, "column": 29 }
      },
      "3": {
        "start": { "line": 25, "column": 26 },
        "end": { "line": 25, "column": 41 }
      },
      "4": {
        "start": { "line": 27, "column": 24 },
        "end": { "line": 30, "column": 3 }
      },
      "5": {
        "start": { "line": 28, "column": 4 },
        "end": { "line": 28, "column": 19 }
      },
      "6": {
        "start": { "line": 29, "column": 4 },
        "end": { "line": 29, "column": 19 }
      },
      "7": {
        "start": { "line": 32, "column": 23 },
        "end": { "line": 37, "column": 3 }
      },
      "8": {
        "start": { "line": 33, "column": 4 },
        "end": { "line": 35, "column": 5 }
      },
      "9": {
        "start": { "line": 34, "column": 6 },
        "end": { "line": 34, "column": 29 }
      },
      "10": {
        "start": { "line": 36, "column": 4 },
        "end": { "line": 36, "column": 19 }
      },
      "11": {
        "start": { "line": 39, "column": 2 },
        "end": { "line": 68, "column": 4 }
      },
      "12": {
        "start": { "line": 42, "column": 54 },
        "end": { "line": 42, "column": 67 }
      },
      "13": {
        "start": { "line": 62, "column": 26 },
        "end": { "line": 62, "column": 40 }
      },
      "14": {
        "start": { "line": 71, "column": 15 },
        "end": { "line": 95, "column": 2 }
      }
    },
    "fnMap": {
      "0": {
        "name": "formatDateTime",
        "decl": {
          "start": { "line": 14, "column": 9 },
          "end": { "line": 14, "column": 23 }
        },
        "loc": {
          "start": { "line": 14, "column": 37 },
          "end": { "line": 22, "column": 1 }
        },
        "line": 14
      },
      "1": {
        "name": "DateTimeField",
        "decl": {
          "start": { "line": 24, "column": 16 },
          "end": { "line": 24, "column": 29 }
        },
        "loc": {
          "start": { "line": 24, "column": 65 },
          "end": { "line": 69, "column": 1 }
        },
        "line": 24
      },
      "2": {
        "name": "(anonymous_2)",
        "decl": {
          "start": { "line": 27, "column": 24 },
          "end": { "line": 27, "column": 25 }
        },
        "loc": {
          "start": { "line": 27, "column": 40 },
          "end": { "line": 30, "column": 3 }
        },
        "line": 27
      },
      "3": {
        "name": "(anonymous_3)",
        "decl": {
          "start": { "line": 32, "column": 23 },
          "end": { "line": 32, "column": 24 }
        },
        "loc": {
          "start": { "line": 32, "column": 60 },
          "end": { "line": 37, "column": 3 }
        },
        "line": 32
      },
      "4": {
        "name": "(anonymous_4)",
        "decl": {
          "start": { "line": 42, "column": 48 },
          "end": { "line": 42, "column": 49 }
        },
        "loc": {
          "start": { "line": 42, "column": 54 },
          "end": { "line": 42, "column": 67 }
        },
        "line": 42
      },
      "5": {
        "name": "(anonymous_5)",
        "decl": {
          "start": { "line": 62, "column": 20 },
          "end": { "line": 62, "column": 21 }
        },
        "loc": {
          "start": { "line": 62, "column": 26 },
          "end": { "line": 62, "column": 40 }
        },
        "line": 62
      }
    },
    "branchMap": {
      "0": {
        "loc": {
          "start": { "line": 33, "column": 4 },
          "end": { "line": 35, "column": 5 }
        },
        "type": "if",
        "locations": [
          {
            "start": { "line": 33, "column": 4 },
            "end": { "line": 35, "column": 5 }
          },
          { "start": {}, "end": {} }
        ],
        "line": 33
      },
      "1": {
        "loc": {
          "start": { "line": 41, "column": 7 },
          "end": { "line": 41, "column": 63 }
        },
        "type": "cond-expr",
        "locations": [
          {
            "start": { "line": 41, "column": 15 },
            "end": { "line": 41, "column": 56 }
          },
          {
            "start": { "line": 41, "column": 59 },
            "end": { "line": 41, "column": 63 }
          }
        ],
        "line": 41
      },
      "2": {
        "loc": {
          "start": { "line": 47, "column": 7 },
          "end": { "line": 66, "column": 7 }
        },
        "type": "cond-expr",
        "locations": [
          {
            "start": { "line": 48, "column": 8 },
            "end": { "line": 55, "column": 9 }
          },
          {
            "start": { "line": 57, "column": 8 },
            "end": { "line": 65, "column": 10 }
          }
        ],
        "line": 47
      },
      "3": {
        "loc": {
          "start": { "line": 48, "column": 8 },
          "end": { "line": 55, "column": 9 }
        },
        "type": "binary-expr",
        "locations": [
          {
            "start": { "line": 48, "column": 8 },
            "end": { "line": 48, "column": 12 }
          },
          {
            "start": { "line": 49, "column": 10 },
            "end": { "line": 54, "column": 12 }
          }
        ],
        "line": 48
      }
    },
    "s": {
      "0": 4,
      "1": 4,
      "2": 4,
      "3": 4,
      "4": 4,
      "5": 0,
      "6": 0,
      "7": 4,
      "8": 0,
      "9": 0,
      "10": 0,
      "11": 4,
      "12": 0,
      "13": 0,
      "14": 1
    },
    "f": { "0": 4, "1": 4, "2": 0, "3": 0, "4": 0, "5": 0 },
    "b": { "0": [0, 0], "1": [4, 0], "2": [0, 4], "3": [0, 0] },
    "_coverageSchema": "1a1c01bbd47fc00a2c39e90264f33305004495a9",
    "hash": "63cbf1983858a48ea4867f3f4e6c39a433fad85a"
  },
  "C:\\Users\\neuroshell\\Documents\\src\\trapp\\src\\components\\IconButton.tsx": {
    "path": "C:\\Users\\neuroshell\\Documents\\src\\trapp\\src\\components\\IconButton.tsx",
    "statementMap": {
      "0": {
        "start": { "line": 15, "column": 2 },
        "end": { "line": 32, "column": 4 }
      },
      "1": {
        "start": { "line": 18, "column": 30 },
        "end": { "line": 23, "column": 7 }
      },
      "2": {
        "start": { "line": 35, "column": 15 },
        "end": { "line": 63, "column": 2 }
      }
    },
    "fnMap": {
      "0": {
        "name": "IconButton",
        "decl": {
          "start": { "line": 14, "column": 16 },
          "end": { "line": 14, "column": 26 }
        },
        "loc": {
          "start": { "line": 14, "column": 75 },
          "end": { "line": 33, "column": 1 }
        },
        "line": 14
      },
      "1": {
        "name": "(anonymous_1)",
        "decl": {
          "start": { "line": 18, "column": 13 },
          "end": { "line": 18, "column": 14 }
        },
        "loc": {
          "start": { "line": 18, "column": 30 },
          "end": { "line": 23, "column": 7 }
        },
        "line": 18
      }
    },
    "branchMap": {
      "0": {
        "loc": {
          "start": { "line": 20, "column": 8 },
          "end": { "line": 20, "column": 31 }
        },
        "type": "binary-expr",
        "locations": [
          {
            "start": { "line": 20, "column": 8 },
            "end": { "line": 20, "column": 14 }
          },
          {
            "start": { "line": 20, "column": 18 },
            "end": { "line": 20, "column": 31 }
          }
        ],
        "line": 20
      },
      "1": {
        "loc": {
          "start": { "line": 21, "column": 8 },
          "end": { "line": 21, "column": 33 }
        },
        "type": "binary-expr",
        "locations": [
          {
            "start": { "line": 21, "column": 8 },
            "end": { "line": 21, "column": 15 }
          },
          {
            "start": { "line": 21, "column": 19 },
            "end": { "line": 21, "column": 33 }
          }
        ],
        "line": 21
      },
      "2": {
        "loc": {
          "start": { "line": 26, "column": 61 },
          "end": { "line": 26, "column": 93 }
        },
        "type": "cond-expr",
        "locations": [
          {
            "start": { "line": 26, "column": 70 },
            "end": { "line": 26, "column": 76 }
          },
          {
            "start": { "line": 26, "column": 79 },
            "end": { "line": 26, "column": 93 }
          }
        ],
        "line": 26
      },
      "3": {
        "loc": {
          "start": { "line": 28, "column": 34 },
          "end": { "line": 28, "column": 62 }
        },
        "type": "binary-expr",
        "locations": [
          {
            "start": { "line": 28, "column": 34 },
            "end": { "line": 28, "column": 40 }
          },
          {
            "start": { "line": 28, "column": 44 },
            "end": { "line": 28, "column": 62 }
          }
        ],
        "line": 28
      }
    },
    "s": { "0": 4, "1": 4, "2": 1 },
    "f": { "0": 4, "1": 4 },
    "b": { "0": [4, 0], "1": [4, 0], "2": [0, 4], "3": [4, 0] },
    "_coverageSchema": "1a1c01bbd47fc00a2c39e90264f33305004495a9",
    "hash": "0165ba02c55500da30a82ca2dc0d8f5c03225559"
  },
  "C:\\Users\\neuroshell\\Documents\\src\\trapp\\src\\components\\PrimaryButton.tsx": {
    "path": "C:\\Users\\neuroshell\\Documents\\src\\trapp\\src\\components\\PrimaryButton.tsx",
    "statementMap": {
      "0": {
        "start": { "line": 14, "column": 2 },
        "end": { "line": 28, "column": 4 }
      },
      "1": {
        "start": { "line": 17, "column": 30 },
        "end": { "line": 23, "column": 7 }
      },
      "2": {
        "start": { "line": 31, "column": 15 },
        "end": { "line": 57, "column": 2 }
      }
    },
    "fnMap": {
      "0": {
        "name": "PrimaryButton",
        "decl": {
          "start": { "line": 13, "column": 16 },
          "end": { "line": 13, "column": 29 }
        },
        "loc": {
          "start": { "line": 13, "column": 85 },
          "end": { "line": 29, "column": 1 }
        },
        "line": 13
      },
      "1": {
        "name": "(anonymous_1)",
        "decl": {
          "start": { "line": 17, "column": 13 },
          "end": { "line": 17, "column": 14 }
        },
        "loc": {
          "start": { "line": 17, "column": 30 },
          "end": { "line": 23, "column": 7 }
        },
        "line": 17
      }
    },
    "branchMap": {
      "0": {
        "loc": {
          "start": { "line": 19, "column": 8 },
          "end": { "line": 19, "column": 39 }
        },
        "type": "binary-expr",
        "locations": [
          {
            "start": { "line": 19, "column": 8 },
            "end": { "line": 19, "column": 15 }
          },
          {
            "start": { "line": 19, "column": 19 },
            "end": { "line": 19, "column": 39 }
          }
        ],
        "line": 19
      },
      "1": {
        "loc": {
          "start": { "line": 20, "column": 8 },
          "end": { "line": 20, "column": 37 }
        },
        "type": "binary-expr",
        "locations": [
          {
            "start": { "line": 20, "column": 8 },
            "end": { "line": 20, "column": 14 }
          },
          {
            "start": { "line": 20, "column": 18 },
            "end": { "line": 20, "column": 37 }
          }
        ],
        "line": 20
      },
      "2": {
        "loc": {
          "start": { "line": 21, "column": 8 },
          "end": { "line": 21, "column": 41 }
        },
        "type": "binary-expr",
        "locations": [
          {
            "start": { "line": 21, "column": 8 },
            "end": { "line": 21, "column": 16 }
          },
          {
            "start": { "line": 21, "column": 20 },
            "end": { "line": 21, "column": 41 }
          }
        ],
        "line": 21
      },
      "3": {
        "loc": {
          "start": { "line": 26, "column": 33 },
          "end": { "line": 26, "column": 64 }
        },
        "type": "binary-expr",
        "locations": [
          {
            "start": { "line": 26, "column": 33 },
            "end": { "line": 26, "column": 41 }
          },
          {
            "start": { "line": 26, "column": 45 },
            "end": { "line": 26, "column": 64 }
          }
        ],
        "line": 26
      }
    },
    "s": { "0": 24, "1": 24, "2": 1 },
    "f": { "0": 24, "1": 24 },
    "b": { "0": [24, 0], "1": [24, 4], "2": [24, 0], "3": [24, 0] },
    "_coverageSchema": "1a1c01bbd47fc00a2c39e90264f33305004495a9",
    "hash": "422bad28973d86b77c1a7ac435b7df88c2f423ab"
  },
  "C:\\Users\\neuroshell\\Documents\\src\\trapp\\src\\screens\\HomeScreen.tsx": {
    "path": "C:\\Users\\neuroshell\\Documents\\src\\trapp\\src\\screens\\HomeScreen.tsx",
    "statementMap": {
      "0": {
        "start": { "line": 12, "column": 2 },
        "end": { "line": 66, "column": 4 }
      },
      "1": {
        "start": { "line": 37, "column": 27 },
        "end": { "line": 37, "column": 53 }
      },
      "2": {
        "start": { "line": 42, "column": 27 },
        "end": { "line": 42, "column": 53 }
      },
      "3": {
        "start": { "line": 49, "column": 27 },
        "end": { "line": 49, "column": 53 }
      },
      "4": {
        "start": { "line": 54, "column": 27 },
        "end": { "line": 54, "column": 53 }
      },
      "5": {
        "start": { "line": 69, "column": 15 },
        "end": { "line": 128, "column": 2 }
      }
    },
    "fnMap": {
      "0": {
        "name": "HomeScreen",
        "decl": {
          "start": { "line": 11, "column": 16 },
          "end": { "line": 11, "column": 26 }
        },
        "loc": {
          "start": { "line": 11, "column": 50 },
          "end": { "line": 67, "column": 1 }
        },
        "line": 11
      },
      "1": {
        "name": "(anonymous_1)",
        "decl": {
          "start": { "line": 37, "column": 21 },
          "end": { "line": 37, "column": 22 }
        },
        "loc": {
          "start": { "line": 37, "column": 27 },
          "end": { "line": 37, "column": 53 }
        },
        "line": 37
      },
      "2": {
        "name": "(anonymous_2)",
        "decl": {
          "start": { "line": 42, "column": 21 },
          "end": { "line": 42, "column": 22 }
        },
        "loc": {
          "start": { "line": 42, "column": 27 },
          "end": { "line": 42, "column": 53 }
        },
        "line": 42
      },
      "3": {
        "name": "(anonymous_3)",
        "decl": {
          "start": { "line": 49, "column": 21 },
          "end": { "line": 49, "column": 22 }
        },
        "loc": {
          "start": { "line": 49, "column": 27 },
          "end": { "line": 49, "column": 53 }
        },
        "line": 49
      },
      "4": {
        "name": "(anonymous_4)",
        "decl": {
          "start": { "line": 54, "column": 21 },
          "end": { "line": 54, "column": 22 }
        },
        "loc": {
          "start": { "line": 54, "column": 27 },
          "end": { "line": 54, "column": 53 }
        },
        "line": 54
      }
    },
    "branchMap": {},
    "s": { "0": 1, "1": 1, "2": 1, "3": 1, "4": 1, "5": 1 },
    "f": { "0": 1, "1": 1, "2": 1, "3": 1, "4": 1 },
    "b": {},
    "_coverageSchema": "1a1c01bbd47fc00a2c39e90264f33305004495a9",
    "hash": "3f75a5d161d495f3879833a824d55f81745463de"
  },
  "C:\\Users\\neuroshell\\Documents\\src\\trapp\\src\\screens\\LogScreen.tsx": {
    "path": "C:\\Users\\neuroshell\\Documents\\src\\trapp\\src\\screens\\LogScreen.tsx",
    "statementMap": {
      "0": {
        "start": { "line": 18, "column": 64 },
        "end": { "line": 24, "column": 1 }
      },
      "1": {
        "start": { "line": 27, "column": 2 },
        "end": { "line": 27, "column": 42 }
      },
      "2": {
        "start": { "line": 31, "column": 2 },
        "end": { "line": 31, "column": 64 }
      },
      "3": {
        "start": { "line": 35, "column": 32 },
        "end": { "line": 35, "column": 61 }
      },
      "4": {
        "start": { "line": 36, "column": 26 },
        "end": { "line": 36, "column": 59 }
      },
      "5": {
        "start": { "line": 37, "column": 34 },
        "end": { "line": 37, "column": 54 }
      },
      "6": {
        "start": { "line": 38, "column": 26 },
        "end": { "line": 38, "column": 52 }
      },
      "7": {
        "start": { "line": 39, "column": 28 },
        "end": { "line": 39, "column": 48 }
      },
      "8": {
        "start": { "line": 41, "column": 2 },
        "end": { "line": 46, "column": 9 }
      },
      "9": {
        "start": { "line": 42, "column": 4 },
        "end": { "line": 45, "column": 9 }
      },
      "10": {
        "start": { "line": 43, "column": 20 },
        "end": { "line": 43, "column": 40 }
      },
      "11": {
        "start": { "line": 44, "column": 6 },
        "end": { "line": 44, "column": 38 }
      },
      "12": {
        "start": { "line": 48, "column": 2 },
        "end": { "line": 50, "column": 16 }
      },
      "13": {
        "start": { "line": 49, "column": 4 },
        "end": { "line": 49, "column": 30 }
      },
      "14": {
        "start": { "line": 52, "column": 24 },
        "end": { "line": 54, "column": 15 }
      },
      "15": {
        "start": { "line": 53, "column": 4 },
        "end": { "line": 53, "column": 67 }
      },
      "16": {
        "start": { "line": 53, "column": 40 },
        "end": { "line": 53, "column": 64 }
      },
      "17": {
        "start": { "line": 56, "column": 19 },
        "end": { "line": 76, "column": 3 }
      },
      "18": {
        "start": { "line": 57, "column": 20 },
        "end": { "line": 57, "column": 36 }
      },
      "19": {
        "start": { "line": 58, "column": 4 },
        "end": { "line": 61, "column": 5 }
      },
      "20": {
        "start": { "line": 59, "column": 6 },
        "end": { "line": 59, "column": 73 }
      },
      "21": {
        "start": { "line": 60, "column": 6 },
        "end": { "line": 60, "column": 13 }
      },
      "22": {
        "start": { "line": 63, "column": 36 },
        "end": { "line": 71, "column": 5 }
      },
      "23": {
        "start": { "line": 73, "column": 4 },
        "end": { "line": 73, "column": 52 }
      },
      "24": {
        "start": { "line": 73, "column": 28 },
        "end": { "line": 73, "column": 50 }
      },
      "25": {
        "start": { "line": 74, "column": 4 },
        "end": { "line": 74, "column": 20 }
      },
      "26": {
        "start": { "line": 75, "column": 4 },
        "end": { "line": 75, "column": 17 }
      },
      "27": {
        "start": { "line": 78, "column": 26 },
        "end": { "line": 87, "column": 3 }
      },
      "28": {
        "start": { "line": 79, "column": 15 },
        "end": { "line": 79, "column": 28 }
      },
      "29": {
        "start": { "line": 80, "column": 4 },
        "end": { "line": 86, "column": 7 }
      },
      "30": {
        "start": { "line": 89, "column": 21 },
        "end": { "line": 100, "column": 3 }
      },
      "31": {
        "start": { "line": 90, "column": 4 },
        "end": { "line": 99, "column": 6 }
      },
      "32": {
        "start": { "line": 102, "column": 2 },
        "end": { "line": 162, "column": 4 }
      },
      "33": {
        "start": { "line": 110, "column": 14 },
        "end": { "line": 117, "column": 30 }
      },
      "34": {
        "start": { "line": 112, "column": 31 },
        "end": { "line": 112, "column": 52 }
      },
      "35": {
        "start": { "line": 156, "column": 32 },
        "end": { "line": 156, "column": 39 }
      },
      "36": {
        "start": { "line": 165, "column": 15 },
        "end": { "line": 251, "column": 2 }
      }
    },
    "fnMap": {
      "0": {
        "name": "formatDate",
        "decl": {
          "start": { "line": 26, "column": 9 },
          "end": { "line": 26, "column": 19 }
        },
        "loc": {
          "start": { "line": 26, "column": 32 },
          "end": { "line": 28, "column": 1 }
        },
        "line": 26
      },
      "1": {
        "name": "uuid",
        "decl": {
          "start": { "line": 30, "column": 9 },
          "end": { "line": 30, "column": 13 }
        },
        "loc": {
          "start": { "line": 30, "column": 16 },
          "end": { "line": 32, "column": 1 }
        },
        "line": 30
      },
      "2": {
        "name": "LogScreen",
        "decl": {
          "start": { "line": 34, "column": 16 },
          "end": { "line": 34, "column": 25 }
        },
        "loc": {
          "start": { "line": 34, "column": 28 },
          "end": { "line": 163, "column": 1 }
        },
        "line": 34
      },
      "3": {
        "name": "(anonymous_3)",
        "decl": {
          "start": { "line": 41, "column": 12 },
          "end": { "line": 41, "column": 13 }
        },
        "loc": {
          "start": { "line": 41, "column": 18 },
          "end": { "line": 46, "column": 3 }
        },
        "line": 41
      },
      "4": {
        "name": "(anonymous_4)",
        "decl": {
          "start": { "line": 42, "column": 5 },
          "end": { "line": 42, "column": 6 }
        },
        "loc": {
          "start": { "line": 42, "column": 17 },
          "end": { "line": 45, "column": 5 }
        },
        "line": 42
      },
      "5": {
        "name": "(anonymous_5)",
        "decl": {
          "start": { "line": 48, "column": 12 },
          "end": { "line": 48, "column": 13 }
        },
        "loc": {
          "start": { "line": 48, "column": 18 },
          "end": { "line": 50, "column": 3 }
        },
        "line": 48
      },
      "6": {
        "name": "(anonymous_6)",
        "decl": {
          "start": { "line": 52, "column": 32 },
          "end": { "line": 52, "column": 33 }
        },
        "loc": {
          "start": { "line": 52, "column": 38 },
          "end": { "line": 54, "column": 3 }
        },
        "line": 52
      },
      "7": {
        "name": "(anonymous_7)",
        "decl": {
          "start": { "line": 53, "column": 29 },
          "end": { "line": 53, "column": 30 }
        },
        "loc": {
          "start": { "line": 53, "column": 40 },
          "end": { "line": 53, "column": 64 }
        },
        "line": 53
      },
      "8": {
        "name": "(anonymous_8)",
        "decl": {
          "start": { "line": 56, "column": 19 },
          "end": { "line": 56, "column": 20 }
        },
        "loc": {
          "start": { "line": 56, "column": 25 },
          "end": { "line": 76, "column": 3 }
        },
        "line": 56
      },
      "9": {
        "name": "(anonymous_9)",
        "decl": {
          "start": { "line": 73, "column": 15 },
          "end": { "line": 73, "column": 16 }
        },
        "loc": {
          "start": { "line": 73, "column": 28 },
          "end": { "line": 73, "column": 50 }
        },
        "line": 73
      },
      "10": {
        "name": "(anonymous_10)",
        "decl": {
          "start": { "line": 78, "column": 26 },
          "end": { "line": 78, "column": 27 }
        },
        "loc": {
          "start": { "line": 78, "column": 43 },
          "end": { "line": 87, "column": 3 }
        },
        "line": 78
      },
      "11": {
        "name": "(anonymous_11)",
        "decl": {
          "start": { "line": 89, "column": 21 },
          "end": { "line": 89, "column": 22 }
        },
        "loc": {
          "start": { "line": 89, "column": 60 },
          "end": { "line": 100, "column": 3 }
        },
        "line": 89
      },
      "12": {
        "name": "(anonymous_12)",
        "decl": {
          "start": { "line": 109, "column": 31 },
          "end": { "line": 109, "column": 32 }
        },
        "loc": {
          "start": { "line": 110, "column": 14 },
          "end": { "line": 117, "column": 30 }
        },
        "line": 110
      },
      "13": {
        "name": "(anonymous_13)",
        "decl": {
          "start": { "line": 112, "column": 25 },
          "end": { "line": 112, "column": 26 }
        },
        "loc": {
          "start": { "line": 112, "column": 31 },
          "end": { "line": 112, "column": 52 }
        },
        "line": 112
      },
      "14": {
        "name": "(anonymous_14)",
        "decl": {
          "start": { "line": 156, "column": 22 },
          "end": { "line": 156, "column": 23 }
        },
        "loc": {
          "start": { "line": 156, "column": 32 },
          "end": { "line": 156, "column": 39 }
        },
        "line": 156
      }
    },
    "branchMap": {
      "0": {
        "loc": {
          "start": { "line": 44, "column": 17 },
          "end": { "line": 44, "column": 36 }
        },
        "type": "binary-expr",
        "locations": [
          {
            "start": { "line": 44, "column": 17 },
            "end": { "line": 44, "column": 30 }
          },
          {
            "start": { "line": 44, "column": 34 },
            "end": { "line": 44, "column": 36 }
          }
        ],
        "line": 44
      },
      "1": {
        "loc": {
          "start": { "line": 53, "column": 40 },
          "end": { "line": 53, "column": 64 }
        },
        "type": "cond-expr",
        "locations": [
          {
            "start": { "line": 53, "column": 58 },
            "end": { "line": 53, "column": 59 }
          },
          {
            "start": { "line": 53, "column": 62 },
            "end": { "line": 53, "column": 64 }
          }
        ],
        "line": 53
      },
      "2": {
        "loc": {
          "start": { "line": 58, "column": 4 },
          "end": { "line": 61, "column": 5 }
        },
        "type": "if",
        "locations": [
          {
            "start": { "line": 58, "column": 4 },
            "end": { "line": 61, "column": 5 }
          },
          { "start": {}, "end": {} }
        ],
        "line": 58
      },
      "3": {
        "loc": {
          "start": { "line": 58, "column": 8 },
          "end": { "line": 58, "column": 58 }
        },
        "type": "binary-expr",
        "locations": [
          {
            "start": { "line": 58, "column": 8 },
            "end": { "line": 58, "column": 17 }
          },
          {
            "start": { "line": 58, "column": 21 },
            "end": { "line": 58, "column": 42 }
          },
          {
            "start": { "line": 58, "column": 46 },
            "end": { "line": 58, "column": 58 }
          }
        ],
        "line": 58
      },
      "4": {
        "loc": {
          "start": { "line": 68, "column": 13 },
          "end": { "line": 68, "column": 38 }
        },
        "type": "binary-expr",
        "locations": [
          {
            "start": { "line": 68, "column": 13 },
            "end": { "line": 68, "column": 25 }
          },
          {
            "start": { "line": 68, "column": 29 },
            "end": { "line": 68, "column": 38 }
          }
        ],
        "line": 68
      },
      "5": {
        "loc": {
          "start": { "line": 97, "column": 9 },
          "end": { "line": 97, "column": 80 }
        },
        "type": "cond-expr",
        "locations": [
          {
            "start": { "line": 97, "column": 22 },
            "end": { "line": 97, "column": 73 }
          },
          {
            "start": { "line": 97, "column": 76 },
            "end": { "line": 97, "column": 80 }
          }
        ],
        "line": 97
      }
    },
    "s": {
      "0": 1,
      "1": 0,
      "2": 1,
      "3": 4,
      "4": 4,
      "5": 4,
      "6": 4,
      "7": 4,
      "8": 4,
      "9": 1,
      "10": 1,
      "11": 1,
      "12": 4,
      "13": 3,
      "14": 4,
      "15": 3,
      "16": 0,
      "17": 4,
      "18": 1,
      "19": 1,
      "20": 0,
      "21": 0,
      "22": 1,
      "23": 1,
      "24": 1,
      "25": 1,
      "26": 1,
      "27": 4,
      "28": 1,
      "29": 1,
      "30": 4,
      "31": 1,
      "32": 4,
      "33": 20,
      "34": 0,
      "35": 2,
      "36": 1
    },
    "f": {
      "0": 0,
      "1": 1,
      "2": 4,
      "3": 1,
      "4": 1,
      "5": 3,
      "6": 3,
      "7": 0,
      "8": 1,
      "9": 1,
      "10": 1,
      "11": 1,
      "12": 20,
      "13": 0,
      "14": 2
    },
    "b": {
      "0": [1, 0],
      "1": [0, 0],
      "2": [0, 1],
      "3": [1, 1, 1],
      "4": [1, 1],
      "5": [0, 1]
    },
    "_coverageSchema": "1a1c01bbd47fc00a2c39e90264f33305004495a9",
    "hash": "cf6b00ac25c513065419e7ce2a5427d35129828b"
  }
}
