TN:
SF:src\storage.ts
FN:22,loadAppState
FN:34,saveAppState
FN:42,clearAppState
FN:50,getDeviceId
FN:69,loadUsers
FN:80,saveUser
FN:83,(anonymous_6)
FN:95,findUserByEmail
FN:99,(anonymous_8)
FN:102,loadAuthState
FN:113,saveAuthState
FN:121,clearAuthState
FN:129,useAppStorage
FN:130,(anonymous_13)
FN:138,loadWorkouts
FN:149,saveWorkout
FN:160,deleteWorkout
FN:163,(anonymous_17)
FN:171,getWorkouts
FN:175,getLastWorkoutValues
FN:180,(anonymous_20)
FN:188,(anonymous_21)
FN:199,getDefaultValues
FN:216,updateWorkout
FN:222,(anonymous_24)
FN:238,clearWorkouts
FN:252,getWorkoutsByDateRange
FN:264,(anonymous_27)
FN:278,getWorkoutsForHistory
FN:283,(anonymous_29)
FN:297,loadAchievements
FN:311,saveAchievement
FN:316,(anonymous_32)
FN:334,saveAchievements
FN:341,(anonymous_34)
FN:343,(anonymous_35)
FN:361,getUnlockedAchievementIds
FN:364,(anonymous_37)
FN:374,clearAchievements
FN:387,loadPersonalRecords
FN:401,savePersonalRecords
FN:414,updatePersonalRecord
FN:419,(anonymous_42)
FN:436,clearPersonalRecords
FNF:44
FNH:20
FNDA:0,loadAppState
FNDA:0,saveAppState
FNDA:0,clearAppState
FNDA:0,getDeviceId
FNDA:0,loadUsers
FNDA:0,saveUser
FNDA:0,(anonymous_6)
FNDA:0,findUserByEmail
FNDA:0,(anonymous_8)
FNDA:0,loadAuthState
FNDA:0,saveAuthState
FNDA:0,clearAuthState
FNDA:0,useAppStorage
FNDA:0,(anonymous_13)
FNDA:61,loadWorkouts
FNDA:18,saveWorkout
FNDA:2,deleteWorkout
FNDA:3,(anonymous_17)
FNDA:25,getWorkouts
FNDA:4,getLastWorkoutValues
FNDA:6,(anonymous_20)
FNDA:1,(anonymous_21)
FNDA:7,getDefaultValues
FNDA:3,updateWorkout
FNDA:2,(anonymous_24)
FNDA:1,clearWorkouts
FNDA:4,getWorkoutsByDateRange
FNDA:7,(anonymous_27)
FNDA:3,getWorkoutsForHistory
FNDA:4,(anonymous_29)
FNDA:6,loadAchievements
FNDA:0,saveAchievement
FNDA:0,(anonymous_32)
FNDA:3,saveAchievements
FNDA:3,(anonymous_34)
FNDA:0,(anonymous_35)
FNDA:3,getUnlockedAchievementIds
FNDA:0,(anonymous_37)
FNDA:0,clearAchievements
FNDA:0,loadPersonalRecords
FNDA:0,savePersonalRecords
FNDA:0,updatePersonalRecord
FNDA:0,(anonymous_42)
FNDA:0,clearPersonalRecords
DA:14,5
DA:15,5
DA:16,5
DA:17,5
DA:18,5
DA:19,5
DA:20,5
DA:23,0
DA:24,0
DA:25,0
DA:26,0
DA:27,0
DA:29,0
DA:30,0
DA:35,0
DA:36,0
DA:38,0
DA:43,0
DA:44,0
DA:46,0
DA:51,0
DA:52,0
DA:53,0
DA:55,0
DA:56,0
DA:57,0
DA:59,0
DA:60,0
DA:70,0
DA:71,0
DA:72,0
DA:73,0
DA:75,0
DA:76,0
DA:81,0
DA:82,0
DA:83,0
DA:84,0
DA:85,0
DA:87,0
DA:89,0
DA:91,0
DA:98,0
DA:99,0
DA:103,0
DA:104,0
DA:105,0
DA:106,0
DA:108,0
DA:109,0
DA:114,0
DA:115,0
DA:117,0
DA:122,0
DA:123,0
DA:125,0
DA:130,0
DA:131,0
DA:134,0
DA:139,61
DA:140,61
DA:141,61
DA:142,26
DA:144,0
DA:145,0
DA:150,18
DA:151,18
DA:152,18
DA:153,18
DA:155,0
DA:156,0
DA:161,2
DA:162,2
DA:163,3
DA:164,2
DA:166,0
DA:167,0
DA:172,25
DA:178,4
DA:179,4
DA:180,6
DA:182,4
DA:183,1
DA:187,3
DA:189,1
DA:192,3
DA:194,0
DA:195,0
DA:202,7
DA:204,3
DA:206,1
DA:208,1
DA:210,1
DA:212,1
DA:220,3
DA:221,3
DA:222,3
DA:223,3
DA:224,1
DA:226,2
DA:231,2
DA:233,1
DA:234,1
DA:239,1
DA:240,1
DA:242,0
DA:256,4
DA:257,4
DA:258,4
DA:259,4
DA:262,4
DA:264,4
DA:265,7
DA:266,7
DA:269,0
DA:270,0
DA:279,3
DA:280,3
DA:282,3
DA:284,4
DA:287,0
DA:288,0
DA:298,6
DA:299,6
DA:300,6
DA:301,0
DA:303,0
DA:304,0
DA:312,0
DA:313,0
DA:315,0
DA:316,0
DA:318,0
DA:320,0
DA:323,0
DA:325,0
DA:327,0
DA:337,3
DA:338,3
DA:339,3
DA:341,3
DA:342,3
DA:343,0
DA:345,3
DA:346,0
DA:348,3
DA:352,3
DA:354,0
DA:362,3
DA:363,3
DA:364,3
DA:366,0
DA:367,0
DA:375,0
DA:376,0
DA:378,0
DA:388,0
DA:389,0
DA:390,0
DA:391,0
DA:393,0
DA:394,0
DA:404,0
DA:405,0
DA:407,0
DA:417,0
DA:418,0
DA:419,0
DA:421,0
DA:422,0
DA:424,0
DA:427,0
DA:429,0
DA:437,0
DA:438,0
DA:440,0
LF:176
LH:71
BRDA:25,0,0,0
BRDA:25,0,1,0
BRDA:53,1,0,0
BRDA:53,1,1,0
BRDA:72,2,0,0
BRDA:72,2,1,0
BRDA:84,3,0,0
BRDA:84,3,1,0
BRDA:105,4,0,0
BRDA:105,4,1,0
BRDA:141,5,0,35
BRDA:141,5,1,26
BRDA:182,6,0,1
BRDA:182,6,1,3
BRDA:202,7,0,3
BRDA:202,7,1,1
BRDA:202,7,2,1
BRDA:202,7,3,1
BRDA:202,7,4,1
BRDA:223,8,0,1
BRDA:223,8,1,2
BRDA:266,9,0,7
BRDA:266,9,1,6
BRDA:300,10,0,6
BRDA:300,10,1,0
BRDA:318,11,0,0
BRDA:318,11,1,0
BRDA:345,12,0,0
BRDA:345,12,1,3
BRDA:390,13,0,0
BRDA:390,13,1,0
BRDA:421,14,0,0
BRDA:421,14,1,0
BRF:33
BRH:15
end_of_record
TN:
SF:src\theme.ts
FNF:0
FNH:0
DA:1,10
DA:15,10
DA:23,10
DA:30,10
LF:4
LH:4
BRF:0
BRH:0
end_of_record
TN:
SF:src\validation.ts
FN:8,validateRunningForm
FN:38,validateStrengthForm
FN:76,validateTimestamp
FN:98,calculatePace
FN:110,formatPace
FN:128,isOutlier
FNF:6
FNH:6
FNDA:10,validateRunningForm
FNDA:9,validateStrengthForm
FNDA:7,validateTimestamp
FNDA:8,calculatePace
FNDA:17,formatPace
FNDA:14,isOutlier
DA:9,10
DA:10,10
DA:11,10
DA:14,10
DA:15,2
DA:16,8
DA:17,2
DA:21,10
DA:22,2
DA:23,8
DA:24,1
DA:27,10
DA:39,9
DA:40,9
DA:41,9
DA:42,9
DA:45,9
DA:46,1
DA:47,8
DA:48,1
DA:52,9
DA:53,1
DA:54,8
DA:55,1
DA:59,9
DA:60,3
DA:61,2
DA:65,9
DA:77,7
DA:78,7
DA:79,7
DA:82,7
DA:83,1
DA:86,7
DA:99,8
DA:100,2
DA:102,6
DA:111,17
DA:112,2
DA:115,15
DA:116,15
DA:117,15
DA:119,15
DA:129,14
DA:137,14
DA:138,14
LF:46
LH:46
BRDA:14,0,0,2
BRDA:14,0,1,8
BRDA:14,1,0,10
BRDA:14,1,1,8
BRDA:16,2,0,2
BRDA:16,2,1,6
BRDA:16,3,0,8
BRDA:16,3,1,8
BRDA:16,3,2,7
BRDA:21,4,0,2
BRDA:21,4,1,8
BRDA:21,5,0,10
BRDA:21,5,1,8
BRDA:23,6,0,1
BRDA:23,6,1,7
BRDA:23,7,0,8
BRDA:23,7,1,8
BRDA:23,7,2,8
BRDA:42,8,0,3
BRDA:42,8,1,6
BRDA:45,9,0,1
BRDA:45,9,1,8
BRDA:45,10,0,9
BRDA:45,10,1,8
BRDA:47,11,0,1
BRDA:47,11,1,7
BRDA:47,12,0,8
BRDA:47,12,1,8
BRDA:47,12,2,8
BRDA:52,13,0,1
BRDA:52,13,1,8
BRDA:52,14,0,9
BRDA:52,14,1,8
BRDA:54,15,0,1
BRDA:54,15,1,7
BRDA:54,16,0,8
BRDA:54,16,1,8
BRDA:54,16,2,8
BRDA:59,17,0,3
BRDA:59,17,1,6
BRDA:59,18,0,9
BRDA:59,18,1,3
BRDA:60,19,0,2
BRDA:60,19,1,1
BRDA:60,20,0,3
BRDA:60,20,1,3
BRDA:60,20,2,2
BRDA:82,21,0,1
BRDA:82,21,1,6
BRDA:99,22,0,2
BRDA:99,22,1,6
BRDA:99,23,0,8
BRDA:99,23,1,7
BRDA:111,24,0,2
BRDA:111,24,1,15
BRDA:117,25,0,13
BRDA:117,25,1,2
BRDA:138,26,0,14
BRDA:138,26,1,0
BRF:59
BRH:58
end_of_record
TN:
SF:src\auth\AuthContext.tsx
FN:39,validateEmail
FN:43,validatePassword
FN:62,AuthProvider
FN:70,(anonymous_3)
FN:79,(anonymous_4)
FN:88,(anonymous_5)
FN:89,(anonymous_6)
FN:109,(anonymous_7)
FN:112,(anonymous_8)
FN:155,(anonymous_9)
FN:194,(anonymous_10)
FN:200,(anonymous_11)
FN:205,(anonymous_12)
FN:221,useAuth
FNF:14
FNH:2
FNDA:8,validateEmail
FNDA:5,validatePassword
FNDA:0,AuthProvider
FNDA:0,(anonymous_3)
FNDA:0,(anonymous_4)
FNDA:0,(anonymous_5)
FNDA:0,(anonymous_6)
FNDA:0,(anonymous_7)
FNDA:0,(anonymous_8)
FNDA:0,(anonymous_9)
FNDA:0,(anonymous_10)
FNDA:0,(anonymous_11)
FNDA:0,(anonymous_12)
FNDA:0,useAuth
DA:32,1
DA:37,1
DA:40,8
DA:47,5
DA:48,2
DA:53,3
DA:54,1
DA:59,2
DA:63,0
DA:64,0
DA:67,0
DA:68,0
DA:70,0
DA:75,0
DA:76,0
DA:78,0
DA:79,0
DA:80,0
DA:85,0
DA:88,0
DA:89,0
DA:90,0
DA:91,0
DA:92,0
DA:93,0
DA:94,0
DA:96,0
DA:97,0
DA:100,0
DA:101,0
DA:102,0
DA:104,0
DA:109,0
DA:110,0
DA:112,0
DA:113,0
DA:116,0
DA:117,0
DA:118,0
DA:122,0
DA:123,0
DA:124,0
DA:125,0
DA:128,0
DA:129,0
DA:131,0
DA:133,0
DA:134,0
DA:137,0
DA:138,0
DA:139,0
DA:142,0
DA:150,0
DA:151,0
DA:152,0
DA:155,0
DA:156,0
DA:159,0
DA:160,0
DA:161,0
DA:165,0
DA:166,0
DA:167,0
DA:168,0
DA:171,0
DA:172,0
DA:174,0
DA:175,0
DA:176,0
DA:179,0
DA:180,0
DA:188,0
DA:189,0
DA:190,0
DA:191,0
DA:194,0
DA:195,0
DA:196,0
DA:197,0
DA:200,0
DA:201,0
DA:204,0
DA:205,0
DA:218,0
DA:222,0
DA:223,0
DA:224,0
LF:87
LH:8
BRDA:47,0,0,2
BRDA:47,0,1,3
BRDA:53,1,0,1
BRDA:53,1,1,2
BRDA:75,2,0,0
BRDA:75,2,1,0
BRDA:92,3,0,0
BRDA:92,3,1,0
BRDA:116,4,0,0
BRDA:116,4,1,0
BRDA:123,5,0,0
BRDA:123,5,1,0
BRDA:124,6,0,0
BRDA:124,6,1,0
BRDA:131,7,0,0
BRDA:131,7,1,0
BRDA:137,8,0,0
BRDA:137,8,1,0
BRDA:159,9,0,0
BRDA:159,9,1,0
BRDA:166,10,0,0
BRDA:166,10,1,0
BRDA:167,11,0,0
BRDA:167,11,1,0
BRDA:174,12,0,0
BRDA:174,12,1,0
BRDA:223,13,0,0
BRDA:223,13,1,0
BRF:28
BRH:4
end_of_record
TN:
SF:src\components\AchievementCelebrationModal.tsx
FN:54,AchievementCelebrationModal
FN:65,(anonymous_1)
FN:77,(anonymous_2)
FN:91,(anonymous_3)
FN:96,(anonymous_4)
FN:111,(anonymous_5)
FN:137,(anonymous_6)
FN:175,(anonymous_7)
FN:206,(anonymous_8)
FNF:9
FNH:9
FNDA:6,AchievementCelebrationModal
FNDA:120,(anonymous_1)
FNDA:3,(anonymous_2)
FNDA:3,(anonymous_3)
FNDA:60,(anonymous_4)
FNDA:3,(anonymous_5)
FNDA:60,(anonymous_6)
FNDA:6,(anonymous_7)
FNDA:60,(anonymous_8)
DA:62,6
DA:63,6
DA:64,6
DA:65,120
DA:72,6
DA:77,6
DA:78,3
DA:80,3
DA:81,3
DA:91,6
DA:92,3
DA:93,3
DA:94,3
DA:96,60
DA:106,3
DA:111,6
DA:112,3
DA:114,3
DA:115,3
DA:121,3
DA:129,3
DA:137,3
DA:138,60
DA:139,60
DA:141,0
DA:164,0
DA:165,0
DA:169,6
DA:171,6
DA:172,6
DA:175,6
DA:176,6
DA:177,6
DA:186,6
DA:207,60
DA:208,60
DA:210,60
DA:334,2
LF:38
LH:35
BRDA:59,0,0,0
BRDA:78,1,0,0
BRDA:78,1,1,3
BRDA:92,2,0,3
BRDA:92,2,1,0
BRDA:92,3,0,3
BRDA:92,3,1,3
BRDA:112,4,0,3
BRDA:112,4,1,0
BRDA:114,5,0,3
BRDA:114,5,1,0
BRDA:139,6,0,60
BRDA:139,6,1,0
BRDA:169,7,0,0
BRDA:169,7,1,6
BRDA:208,8,0,0
BRDA:208,8,1,60
BRDA:285,9,0,0
BRDA:285,9,1,6
BRDA:285,10,0,6
BRDA:285,10,1,0
BRDA:307,11,0,0
BRDA:307,11,1,0
BRF:23
BRH:11
end_of_record
TN:
SF:src\components\CalendarDay.tsx
FN:21,CalendarDay
FN:35,(anonymous_1)
FN:40,(anonymous_2)
FNF:3
FNH:3
FNDA:535,CalendarDay
FNDA:1,(anonymous_1)
FNDA:469,(anonymous_2)
DA:30,535
DA:32,66
DA:35,469
DA:36,1
DA:40,469
DA:41,469
DA:42,466
DA:45,3
DA:46,1
DA:50,2
DA:62,469
DA:64,469
DA:68,469
DA:103,2
LF:14
LH:14
BRDA:30,0,0,66
BRDA:30,0,1,469
BRDA:41,1,0,466
BRDA:41,1,1,3
BRDA:45,2,0,1
BRDA:45,2,1,2
BRDA:54,3,0,2
BRDA:54,3,1,1
BRDA:62,4,0,469
BRDA:62,4,1,7
BRDA:64,5,0,3
BRDA:64,5,1,466
BRDA:65,6,0,2
BRDA:65,6,1,1
BRDA:72,7,0,469
BRDA:72,7,1,14
BRDA:73,8,0,469
BRDA:73,8,1,0
BRDA:74,9,0,469
BRDA:74,9,1,1
BRDA:86,10,0,14
BRDA:86,10,1,455
BRDA:91,11,0,469
BRDA:91,11,1,1
BRDA:92,12,0,469
BRDA:92,12,1,14
BRDA:93,13,0,469
BRDA:93,13,1,0
BRF:28
BRH:26
end_of_record
TN:
SF:src\components\Card.tsx
FN:13,Card
FNF:1
FNH:1
FNDA:204,Card
DA:14,204
DA:24,3
LF:2
LH:2
BRDA:16,0,0,204
BRDA:16,0,1,0
BRF:2
BRH:1
end_of_record
TN:
SF:src\components\DateTimeField.tsx
FN:15,formatDateTime
FN:28,DateTimeField
FN:31,(anonymous_2)
FN:36,(anonymous_3)
FN:48,(anonymous_4)
FN:74,(anonymous_5)
FNF:6
FNH:2
FNDA:108,formatDateTime
FNDA:108,DateTimeField
FNDA:0,(anonymous_2)
FNDA:0,(anonymous_3)
FNDA:0,(anonymous_4)
FNDA:0,(anonymous_5)
DA:16,108
DA:21,108
DA:25,108
DA:29,108
DA:31,108
DA:32,0
DA:33,0
DA:36,108
DA:37,0
DA:38,0
DA:40,0
DA:43,108
DA:48,0
DA:74,0
DA:83,2
LF:15
LH:8
BRDA:37,0,0,0
BRDA:37,0,1,0
BRDA:45,1,0,108
BRDA:45,1,1,0
BRDA:59,2,0,0
BRDA:59,2,1,108
BRDA:60,3,0,0
BRDA:60,3,1,0
BRF:8
BRH:2
end_of_record
TN:
SF:src\components\DayDetailModal.tsx
FN:27,DayDetailModal
FN:38,(anonymous_1)
FN:47,(anonymous_2)
FN:55,(anonymous_3)
FN:65,(anonymous_4)
FN:76,(anonymous_5)
FN:134,(anonymous_6)
FNF:7
FNH:1
FNDA:15,DayDetailModal
FNDA:0,(anonymous_1)
FNDA:0,(anonymous_2)
FNDA:0,(anonymous_3)
FNDA:0,(anonymous_4)
FNDA:0,(anonymous_5)
FNDA:0,(anonymous_6)
DA:34,15
DA:35,15
DA:38,0
DA:39,0
DA:47,0
DA:48,0
DA:49,0
DA:55,0
DA:56,0
DA:57,0
DA:58,0
DA:60,0
DA:61,0
DA:65,0
DA:66,0
DA:73,0
DA:76,0
DA:77,0
DA:84,0
DA:87,0
DA:89,0
DA:135,0
DA:136,0
DA:138,0
DA:230,1
LF:25
LH:3
BRDA:34,0,0,15
BRDA:34,0,1,0
BRDA:57,1,0,0
BRDA:57,1,1,0
BRDA:61,2,0,0
BRDA:61,2,1,0
BRDA:73,3,0,0
BRDA:73,3,1,0
BRDA:84,4,0,0
BRDA:84,4,1,0
BRDA:106,5,0,0
BRDA:106,5,1,0
BRDA:107,6,0,0
BRDA:107,6,1,0
BRDA:128,7,0,0
BRDA:128,7,1,0
BRDA:166,8,0,0
BRDA:166,8,1,0
BRDA:202,9,0,0
BRDA:202,9,1,0
BRDA:213,10,0,0
BRDA:213,10,1,0
BRDA:218,11,0,0
BRDA:218,11,1,0
BRF:24
BRH:1
end_of_record
TN:
SF:src\components\DeleteConfirmationDialog.tsx
FN:21,DeleteConfirmationDialog
FN:29,(anonymous_1)
FNF:2
FNH:2
FNDA:17,DeleteConfirmationDialog
FNDA:17,(anonymous_1)
DA:29,17
DA:30,17
DA:31,16
DA:37,17
DA:105,4
LF:5
LH:5
BRDA:30,0,0,16
BRDA:30,0,1,1
BRF:2
BRH:2
end_of_record
TN:
SF:src\components\LogRunningForm.tsx
FN:21,LogRunningForm
FN:29,(anonymous_1)
FN:39,(anonymous_2)
FNF:3
FNH:3
FNDA:110,LogRunningForm
FNDA:49,(anonymous_1)
FNDA:46,(anonymous_2)
DA:29,110
DA:30,49
DA:31,49
DA:32,49
DA:33,5
DA:35,44
DA:39,110
DA:40,46
DA:41,5
DA:45,110
DA:110,4
LF:11
LH:11
BRDA:26,0,0,12
BRDA:32,1,0,5
BRDA:32,1,1,44
BRDA:32,2,0,49
BRDA:32,2,1,8
BRDA:32,2,2,5
BRDA:32,2,3,5
BRDA:40,3,0,5
BRDA:40,3,1,41
BRDA:51,4,0,110
BRDA:51,4,1,4
BRDA:61,5,0,4
BRDA:61,5,1,106
BRDA:76,6,0,110
BRDA:76,6,1,2
BRDA:86,7,0,2
BRDA:86,7,1,108
BRDA:98,8,0,110
BRDA:98,8,1,7
BRF:19
BRH:19
end_of_record
TN:
SF:src\components\LogStrengthForm.tsx
FN:18,LogStrengthForm
FN:29,(anonymous_1)
FNF:2
FNH:2
FNDA:28,LogStrengthForm
FNDA:17,(anonymous_1)
DA:29,28
DA:30,17
DA:32,14
DA:34,3
DA:36,0
DA:38,0
DA:42,28
DA:137,4
LF:8
LH:6
BRDA:26,0,0,12
BRDA:30,1,0,14
BRDA:30,1,1,3
BRDA:30,1,2,0
BRDA:30,1,3,0
BRDA:48,2,0,28
BRDA:48,2,1,2
BRDA:58,3,0,2
BRDA:58,3,1,26
BRDA:73,4,0,28
BRDA:73,4,1,2
BRDA:83,5,0,2
BRDA:83,5,1,26
BRDA:98,6,0,28
BRDA:98,6,1,1
BRDA:108,7,0,1
BRDA:108,7,1,27
BRDA:124,8,0,28
BRDA:124,8,1,6
BRDA:124,8,2,4
BRDA:124,8,3,4
BRDA:124,8,4,4
BRDA:129,9,0,1
BRDA:129,9,1,3
BRF:24
BRH:22
end_of_record
TN:
SF:src\components\PrimaryButton.tsx
FN:17,PrimaryButton
FN:30,(anonymous_1)
FNF:2
FNH:2
FNDA:659,PrimaryButton
FNDA:659,(anonymous_1)
DA:27,659
DA:30,659
DA:51,2
LF:3
LH:3
BRDA:32,0,0,659
BRDA:32,0,1,0
BRDA:33,1,0,659
BRDA:33,1,1,108
BRDA:34,2,0,659
BRDA:34,2,1,3
BRDA:41,3,0,659
BRDA:41,3,1,656
BRDA:44,4,0,659
BRDA:44,4,1,3
BRF:10
BRH:9
end_of_record
TN:
SF:src\components\QuickLogButton.tsx
FN:18,QuickLogButton
FN:27,(anonymous_1)
FN:34,(anonymous_2)
FNF:3
FNH:3
FNDA:140,QuickLogButton
FNDA:8,(anonymous_1)
FNDA:140,(anonymous_2)
DA:27,140
DA:28,8
DA:31,140
DA:34,140
DA:54,2
DA:91,2
LF:6
LH:6
BRDA:37,0,0,140
BRDA:37,0,1,0
BRDA:42,1,0,140
BRDA:42,1,1,4
BRF:4
BRH:3
end_of_record
TN:
SF:src\components\StreakTracker.tsx
FN:26,StreakTracker
FN:28,(anonymous_1)
FN:56,(anonymous_2)
FN:73,(anonymous_3)
FNF:4
FNH:4
FNDA:34,StreakTracker
FNDA:34,(anonymous_1)
FNDA:34,(anonymous_2)
FNDA:34,(anonymous_3)
DA:28,34
DA:29,34
DA:30,34
DA:31,0
DA:33,34
DA:36,0
DA:37,0
DA:40,0
DA:41,0
DA:43,0
DA:44,0
DA:46,0
DA:47,0
DA:49,0
DA:50,0
DA:52,0
DA:56,34
DA:57,34
DA:58,34
DA:60,0
DA:61,0
DA:63,0
DA:64,0
DA:66,0
DA:67,0
DA:69,0
DA:73,34
DA:74,34
DA:75,34
DA:77,0
DA:78,0
DA:80,0
DA:81,0
DA:83,0
DA:84,0
DA:86,0
DA:89,34
DA:90,34
DA:91,34
DA:93,34
DA:162,1
LF:41
LH:15
BRDA:29,0,0,34
BRDA:29,0,1,0
BRDA:29,1,0,34
BRDA:29,1,1,34
BRDA:30,2,0,0
BRDA:30,2,1,34
BRDA:36,3,0,0
BRDA:36,3,1,0
BRDA:40,4,0,0
BRDA:40,4,1,0
BRDA:43,5,0,0
BRDA:43,5,1,0
BRDA:46,6,0,0
BRDA:46,6,1,0
BRDA:49,7,0,0
BRDA:49,7,1,0
BRDA:57,8,0,34
BRDA:57,8,1,0
BRDA:57,9,0,34
BRDA:57,9,1,0
BRDA:60,10,0,0
BRDA:60,10,1,0
BRDA:63,11,0,0
BRDA:63,11,1,0
BRDA:66,12,0,0
BRDA:66,12,1,0
BRDA:74,13,0,34
BRDA:74,13,1,0
BRDA:74,14,0,34
BRDA:74,14,1,0
BRDA:77,15,0,0
BRDA:77,15,1,0
BRDA:80,16,0,0
BRDA:80,16,1,0
BRDA:83,17,0,0
BRDA:83,17,1,0
BRDA:95,18,0,34
BRDA:95,18,1,34
BRDA:118,19,0,0
BRDA:118,19,1,34
BRDA:142,20,0,34
BRDA:142,20,1,0
BRDA:142,20,2,0
BRDA:151,21,0,34
BRDA:151,21,1,34
BRDA:151,21,2,0
BRF:46
BRH:14
end_of_record
TN:
SF:src\components\WeeklySummaryCard.tsx
FN:27,WeeklySummaryCard
FN:51,(anonymous_1)
FN:111,(anonymous_2)
FNF:3
FNH:2
FNDA:17,WeeklySummaryCard
FNDA:85,(anonymous_1)
FNDA:0,(anonymous_2)
DA:29,17
DA:41,17
DA:50,17
DA:51,85
DA:55,17
DA:112,0
DA:113,0
DA:114,0
DA:150,1
LF:9
LH:6
BRDA:78,0,0,17
BRDA:78,0,1,0
BRDA:87,1,0,17
BRDA:87,1,1,0
BRDA:96,2,0,17
BRDA:96,2,1,0
BRDA:107,3,0,17
BRDA:107,3,1,0
BRDA:112,4,0,0
BRDA:112,4,1,0
BRDA:133,5,0,17
BRDA:133,5,1,17
BRF:12
BRH:6
end_of_record
TN:
SF:src\components\WorkoutHistoryItem.tsx
FN:20,WorkoutHistoryItem
FN:26,(anonymous_1)
FN:44,(anonymous_2)
FN:52,(anonymous_3)
FN:62,(anonymous_4)
FN:73,(anonymous_5)
FN:97,(anonymous_6)
FN:98,(anonymous_7)
FNF:8
FNH:8
FNDA:11,WorkoutHistoryItem
FNDA:22,(anonymous_1)
FNDA:22,(anonymous_2)
FNDA:11,(anonymous_3)
FNDA:11,(anonymous_4)
FNDA:11,(anonymous_5)
FNDA:1,(anonymous_6)
FNDA:1,(anonymous_7)
DA:26,11
DA:27,22
DA:28,22
DA:29,22
DA:30,22
DA:32,22
DA:33,2
DA:34,20
DA:35,20
DA:37,0
DA:44,11
DA:45,22
DA:46,22
DA:52,11
DA:53,11
DA:54,11
DA:55,10
DA:57,1
DA:58,1
DA:62,11
DA:63,11
DA:70,11
DA:73,11
DA:74,11
DA:81,11
DA:84,11
DA:85,11
DA:88,11
DA:92,11
DA:94,11
DA:97,1
DA:98,1
DA:158,2
LF:33
LH:32
BRDA:32,0,0,2
BRDA:32,0,1,20
BRDA:34,1,0,20
BRDA:34,1,1,0
BRDA:54,2,0,10
BRDA:54,2,1,1
BRDA:58,3,0,1
BRDA:58,3,1,0
BRDA:70,4,0,11
BRDA:70,4,1,0
BRDA:81,5,0,11
BRDA:81,5,1,0
BRDA:88,6,0,11
BRDA:88,6,1,11
BRDA:135,7,0,1
BRDA:135,7,1,10
BRF:16
BRH:12
end_of_record
TN:
SF:src\components\WorkoutHistoryList.tsx
FN:37,WorkoutHistoryList
FN:49,(anonymous_1)
FN:66,(anonymous_2)
FN:71,(anonymous_3)
FN:77,(anonymous_4)
FN:92,(anonymous_5)
FN:114,(anonymous_6)
FN:121,(anonymous_7)
FN:130,(anonymous_8)
FN:139,(anonymous_9)
FN:144,(anonymous_10)
FN:153,(anonymous_11)
FN:161,(anonymous_12)
FN:192,(anonymous_13)
FNF:14
FNH:6
FNDA:27,WorkoutHistoryList
FNDA:12,(anonymous_1)
FNDA:12,(anonymous_2)
FNDA:12,(anonymous_3)
FNDA:0,(anonymous_4)
FNDA:0,(anonymous_5)
FNDA:24,(anonymous_6)
FNDA:0,(anonymous_7)
FNDA:0,(anonymous_8)
FNDA:0,(anonymous_9)
FNDA:0,(anonymous_10)
FNDA:0,(anonymous_11)
FNDA:15,(anonymous_12)
FNDA:0,(anonymous_13)
DA:44,27
DA:45,27
DA:46,27
DA:49,27
DA:50,12
DA:51,12
DA:52,12
DA:53,12
DA:56,0
DA:57,0
DA:58,0
DA:60,0
DA:62,0
DA:66,27
DA:67,12
DA:71,27
DA:72,12
DA:73,12
DA:77,27
DA:78,0
DA:79,0
DA:80,0
DA:81,0
DA:83,0
DA:86,0
DA:88,0
DA:92,27
DA:93,0
DA:94,0
DA:95,0
DA:96,0
DA:98,0
DA:99,0
DA:100,0
DA:101,0
DA:103,0
DA:114,27
DA:115,24
DA:116,24
DA:119,0
DA:121,0
DA:122,0
DA:123,0
DA:124,0
DA:126,0
DA:129,0
DA:130,0
DA:131,0
DA:139,0
DA:140,0
DA:144,27
DA:145,0
DA:153,27
DA:154,0
DA:161,27
DA:162,15
DA:163,0
DA:166,15
DA:181,27
DA:182,12
DA:189,15
DA:192,0
DA:216,1
LF:63
LH:27
BRDA:50,0,0,12
BRDA:50,0,1,0
BRDA:72,1,0,12
BRDA:72,1,1,0
BRDA:80,2,0,0
BRDA:80,2,1,0
BRDA:98,3,0,0
BRDA:98,3,1,0
BRDA:100,4,0,0
BRDA:100,4,1,0
BRDA:115,5,0,24
BRDA:115,5,1,0
BRDA:123,6,0,0
BRDA:123,6,1,0
BRDA:162,7,0,0
BRDA:162,7,1,15
BRDA:181,8,0,12
BRDA:181,8,1,15
BRDA:197,9,0,15
BRDA:197,9,1,0
BRDA:207,10,0,15
BRDA:207,10,1,0
BRF:22
BRH:8
end_of_record
TN:
SF:src\screens\CalendarScreen.tsx
FN:31,getMonthMatrix
FN:67,isFutureDate
FN:77,CalendarScreen
FN:91,(anonymous_3)
FN:96,(anonymous_4)
FN:108,(anonymous_5)
FN:113,(anonymous_6)
FN:116,(anonymous_7)
FN:121,(anonymous_8)
FN:142,(anonymous_9)
FN:143,(anonymous_10)
FN:156,(anonymous_11)
FN:157,(anonymous_12)
FN:170,(anonymous_13)
FN:177,(anonymous_14)
FN:213,(anonymous_15)
FN:219,(anonymous_16)
FN:231,(anonymous_17)
FN:245,(anonymous_18)
FN:335,(anonymous_19)
FN:343,(anonymous_20)
FN:345,(anonymous_21)
FN:358,(anonymous_22)
FNF:23
FNH:13
FNDA:15,getMonthMatrix
FNDA:0,isFutureDate
FNDA:15,CalendarScreen
FNDA:0,(anonymous_3)
FNDA:0,(anonymous_4)
FNDA:0,(anonymous_5)
FNDA:15,(anonymous_6)
FNDA:15,(anonymous_7)
FNDA:0,(anonymous_8)
FNDA:1,(anonymous_9)
FNDA:1,(anonymous_10)
FNDA:1,(anonymous_11)
FNDA:1,(anonymous_12)
FNDA:1,(anonymous_13)
FNDA:0,(anonymous_14)
FNDA:0,(anonymous_15)
FNDA:0,(anonymous_16)
FNDA:525,(anonymous_17)
FNDA:0,(anonymous_18)
FNDA:105,(anonymous_19)
FNDA:75,(anonymous_20)
FNDA:525,(anonymous_21)
FNDA:0,(anonymous_22)
DA:25,1
DA:32,15
DA:33,15
DA:35,15
DA:36,15
DA:39,15
DA:40,3
DA:44,15
DA:45,461
DA:46,461
DA:47,60
DA:48,60
DA:53,15
DA:54,61
DA:57,15
DA:58,15
DA:61,15
DA:68,0
DA:69,0
DA:70,0
DA:79,15
DA:80,15
DA:83,15
DA:84,15
DA:85,15
DA:90,15
DA:92,0
DA:96,15
DA:97,0
DA:98,0
DA:99,0
DA:101,0
DA:102,0
DA:108,15
DA:109,0
DA:113,15
DA:116,15
DA:117,15
DA:118,15
DA:119,15
DA:121,15
DA:122,0
DA:123,0
DA:124,0
DA:125,0
DA:126,0
DA:128,0
DA:132,15
DA:136,15
DA:142,15
DA:143,1
DA:144,1
DA:149,1
DA:152,1
DA:156,15
DA:157,1
DA:158,1
DA:163,1
DA:166,1
DA:170,15
DA:171,1
DA:172,1
DA:173,1
DA:177,15
DA:178,0
DA:181,0
DA:182,0
DA:183,0
DA:187,0
DA:188,0
DA:189,0
DA:190,0
DA:192,0
DA:193,0
DA:198,0
DA:199,0
DA:200,0
DA:203,0
DA:206,0
DA:208,0
DA:213,15
DA:214,0
DA:215,0
DA:216,0
DA:219,15
DA:221,0
DA:222,0
DA:224,0
DA:226,0
DA:227,0
DA:231,15
DA:236,525
DA:237,64
DA:250,461
DA:252,461
DA:256,461
DA:270,15
DA:336,105
DA:344,75
DA:346,525
DA:359,0
DA:379,1
LF:102
LH:61
BRDA:46,0,0,60
BRDA:46,0,1,401
BRDA:57,1,0,15
BRDA:57,1,1,0
BRDA:123,2,0,0
BRDA:123,2,1,0
BRDA:123,3,0,0
BRDA:123,3,1,0
BRDA:125,4,0,0
BRDA:125,4,1,0
BRDA:181,5,0,0
BRDA:181,5,1,0
BRDA:203,6,0,0
BRDA:203,6,1,0
BRDA:204,7,0,0
BRDA:204,7,1,0
BRDA:221,8,0,0
BRDA:221,8,1,0
BRDA:236,9,0,64
BRDA:236,9,1,461
BRDA:250,10,0,461
BRDA:250,10,1,461
BRDA:252,11,0,461
BRDA:252,11,1,15
BRDA:252,11,2,13
BRF:25
BRH:10
end_of_record
TN:
SF:src\screens\DashboardScreen.tsx
FN:5,DashboardScreen
FNF:1
FNH:1
FNDA:17,DashboardScreen
DA:6,17
DA:23,1
LF:2
LH:2
BRF:0
BRH:0
end_of_record
TN:
SF:src\screens\HomeScreen.tsx
FN:27,HomeScreen
FN:41,(anonymous_1)
FN:46,(anonymous_2)
FN:65,(anonymous_3)
FN:92,(anonymous_4)
FN:106,(anonymous_5)
FN:137,(anonymous_6)
FN:142,(anonymous_7)
FNF:8
FNH:6
FNDA:34,HomeScreen
FNDA:17,(anonymous_1)
FNDA:17,(anonymous_2)
FNDA:8,(anonymous_3)
FNDA:68,(anonymous_4)
FNDA:68,(anonymous_5)
FNDA:0,(anonymous_6)
FNDA:0,(anonymous_7)
DA:28,34
DA:29,34
DA:30,34
DA:37,34
DA:40,34
DA:42,17
DA:46,34
DA:47,17
DA:48,17
DA:49,17
DA:50,17
DA:53,17
DA:54,17
DA:56,17
DA:57,17
DA:59,0
DA:61,17
DA:65,34
DA:67,8
DA:72,34
DA:93,68
DA:107,68
DA:138,0
DA:143,0
DA:178,1
LF:25
LH:22
BRDA:85,0,0,34
BRDA:85,0,1,17
BRDA:122,1,0,17
BRDA:122,1,1,17
BRDA:126,2,0,17
BRDA:126,2,1,0
BRDA:147,3,0,0
BRDA:147,3,1,0
BRDA:152,4,0,0
BRDA:152,4,1,0
BRDA:154,5,0,0
BRDA:154,5,1,0
BRDA:166,6,0,0
BRDA:166,6,1,0
BRF:14
BRH:5
end_of_record
TN:
SF:src\screens\LogScreen.tsx
FN:55,uuid
FN:63,LogScreen
FN:109,(anonymous_2)
FN:114,(anonymous_3)
FN:127,(anonymous_4)
FN:131,(anonymous_5)
FN:150,(anonymous_6)
FN:154,(anonymous_7)
FN:156,(anonymous_8)
FN:161,(anonymous_9)
FN:200,(anonymous_10)
FN:217,(anonymous_11)
FN:228,(anonymous_12)
FN:304,(anonymous_13)
FN:314,(anonymous_14)
FN:319,(anonymous_15)
FN:324,(anonymous_16)
FN:324,(anonymous_17)
FN:335,(anonymous_18)
FN:340,(anonymous_19)
FN:351,(anonymous_20)
FN:361,(anonymous_21)
FN:372,(anonymous_22)
FN:383,(anonymous_23)
FN:415,(anonymous_24)
FN:440,(anonymous_25)
FN:448,(anonymous_26)
FN:451,(anonymous_27)
FN:576,(anonymous_28)
FN:581,(anonymous_29)
FNF:30
FNH:27
FNDA:3,uuid
FNDA:109,LogScreen
FNDA:26,(anonymous_2)
FNDA:26,(anonymous_3)
FNDA:30,(anonymous_4)
FNDA:30,(anonymous_5)
FNDA:30,(anonymous_6)
FNDA:56,(anonymous_7)
FNDA:0,(anonymous_8)
FNDA:4,(anonymous_9)
FNDA:4,(anonymous_10)
FNDA:0,(anonymous_11)
FNDA:3,(anonymous_12)
FNDA:3,(anonymous_13)
FNDA:3,(anonymous_14)
FNDA:1,(anonymous_15)
FNDA:1,(anonymous_16)
FNDA:1,(anonymous_17)
FNDA:1,(anonymous_18)
FNDA:14,(anonymous_19)
FNDA:11,(anonymous_20)
FNDA:11,(anonymous_21)
FNDA:11,(anonymous_22)
FNDA:11,(anonymous_23)
FNDA:3,(anonymous_24)
FNDA:17,(anonymous_25)
FNDA:545,(anonymous_26)
FNDA:5,(anonymous_27)
FNDA:1,(anonymous_28)
FNDA:0,(anonymous_29)
DA:47,2
DA:56,3
DA:64,109
DA:67,109
DA:70,109
DA:75,109
DA:76,109
DA:77,109
DA:80,109
DA:81,109
DA:82,109
DA:85,109
DA:86,109
DA:89,109
DA:90,109
DA:91,109
DA:94,109
DA:97,109
DA:98,109
DA:103,109
DA:104,109
DA:105,109
DA:108,109
DA:110,26
DA:114,109
DA:115,26
DA:116,26
DA:117,26
DA:118,26
DA:120,0
DA:122,26
DA:127,109
DA:128,30
DA:131,109
DA:132,30
DA:133,30
DA:134,30
DA:135,1
DA:136,1
DA:137,1
DA:138,0
DA:139,0
DA:140,0
DA:141,0
DA:145,0
DA:150,109
DA:151,30
DA:154,109
DA:155,56
DA:157,0
DA:161,109
DA:162,4
DA:165,4
DA:166,4
DA:167,0
DA:171,4
DA:172,3
DA:173,3
DA:174,1
DA:176,1
DA:177,1
DA:182,1
DA:183,0
DA:187,4
DA:190,4
DA:191,1
DA:192,1
DA:197,4
DA:200,109
DA:201,4
DA:202,1
DA:206,3
DA:207,2
DA:208,2
DA:209,2
DA:210,0
DA:217,0
DA:221,0
DA:225,3
DA:228,109
DA:229,3
DA:230,3
DA:231,3
DA:233,3
DA:252,3
DA:260,3
DA:261,3
DA:264,3
DA:267,3
DA:268,3
DA:269,3
DA:275,3
DA:277,3
DA:278,3
DA:279,3
DA:280,3
DA:283,3
DA:288,0
DA:294,3
DA:295,3
DA:297,0
DA:298,0
DA:300,3
DA:304,109
DA:305,3
DA:306,3
DA:307,3
DA:308,3
DA:309,3
DA:310,3
DA:311,3
DA:314,109
DA:315,3
DA:316,3
DA:319,109
DA:320,1
DA:322,1
DA:323,1
DA:324,1
DA:325,1
DA:327,0
DA:328,0
DA:330,1
DA:331,1
DA:335,109
DA:336,1
DA:337,1
DA:340,109
DA:341,14
DA:342,14
DA:351,109
DA:352,11
DA:353,11
DA:354,10
DA:356,1
DA:357,1
DA:361,109
DA:362,11
DA:369,11
DA:372,109
DA:373,11
DA:380,11
DA:383,109
DA:384,11
DA:385,11
DA:387,11
DA:415,3
DA:434,109
DA:440,17
DA:449,545
DA:451,5
DA:577,1
DA:578,1
DA:579,1
DA:582,0
DA:583,0
DA:585,0
DA:586,0
DA:587,0
DA:597,2
LF:160
LH:138
BRDA:70,0,0,0
BRDA:70,0,1,109
BRDA:134,1,0,1
BRDA:134,1,1,29
BRDA:135,2,0,1
BRDA:135,2,1,0
BRDA:136,3,0,1
BRDA:136,3,1,0
BRDA:137,4,0,1
BRDA:137,4,1,0
BRDA:138,5,0,0
BRDA:138,5,1,0
BRDA:139,6,0,0
BRDA:139,6,1,0
BRDA:140,7,0,0
BRDA:140,7,1,0
BRDA:141,8,0,0
BRDA:141,8,1,0
BRDA:166,9,0,0
BRDA:166,9,1,4
BRDA:171,10,0,3
BRDA:171,10,1,1
BRDA:173,11,0,1
BRDA:173,11,1,2
BRDA:176,12,0,1
BRDA:176,12,1,0
BRDA:180,13,0,1
BRDA:180,13,1,1
BRDA:182,14,0,0
BRDA:182,14,1,1
BRDA:190,15,0,1
BRDA:190,15,1,3
BRDA:201,16,0,1
BRDA:201,16,1,3
BRDA:206,17,0,2
BRDA:206,17,1,1
BRDA:209,18,0,0
BRDA:209,18,1,2
BRDA:209,19,0,2
BRDA:209,19,1,2
BRDA:238,20,0,3
BRDA:238,20,1,3
BRDA:239,21,0,2
BRDA:239,21,1,1
BRDA:247,22,0,0
BRDA:247,22,1,1
BRDA:275,23,0,3
BRDA:275,23,1,0
BRDA:320,24,0,0
BRDA:320,24,1,1
BRDA:353,25,0,10
BRDA:353,25,1,1
BRDA:357,26,0,0
BRDA:357,26,1,1
BRDA:369,27,0,11
BRDA:369,27,1,0
BRDA:380,28,0,11
BRDA:380,28,1,0
BRDA:404,29,0,0
BRDA:404,29,1,11
BRDA:478,30,0,0
BRDA:478,30,1,109
BRDA:491,31,0,96
BRDA:491,31,1,13
BRDA:537,32,0,3
BRDA:537,32,1,106
BRDA:542,33,0,57
BRDA:542,33,1,52
BRDA:561,34,0,109
BRDA:561,34,1,3
BRDA:572,35,0,109
BRDA:572,35,1,3
BRDA:575,36,0,3
BRDA:575,36,1,0
BRDA:582,37,0,0
BRDA:582,37,1,0
BRF:76
BRH:49
end_of_record
TN:
SF:src\screens\SplashScreen.tsx
FN:7,SplashScreen
FNF:1
FNH:1
FNDA:15,SplashScreen
DA:8,15
DA:23,1
LF:2
LH:2
BRF:0
BRH:0
end_of_record
TN:
SF:src\utils\achievements.ts
FN:246,getAchievementById
FN:249,(anonymous_1)
FN:255,getTierColor
FN:275,getTierBackgroundColor
FN:295,getActivityTypeForAchievement
FN:316,calculateAchievementProgress
FN:334,(anonymous_6)
FN:363,checkAchievements
FN:398,calculateAllAchievementProgress
FN:403,(anonymous_9)
FN:425,getAchievementsByCategory
FN:429,(anonymous_11)
FN:435,getUnlockedAchievements
FN:438,(anonymous_13)
FN:444,getLockedAchievements
FN:447,(anonymous_15)
FN:453,sortAchievementsByTier
FN:465,(anonymous_17)
FN:472,getNextAchievement
FN:478,(anonymous_19)
FN:486,calculateCompletionPercentage
FN:498,getTierBadgeIcon
FN:518,formatAchievementProgress
FN:534,getAchievementAccessibilityLabel
FNF:24
FNH:21
FNDA:0,getAchievementById
FNDA:0,(anonymous_1)
FNDA:14,getTierColor
FNDA:9,getTierBackgroundColor
FNDA:52,getActivityTypeForAchievement
FNDA:184,calculateAchievementProgress
FNDA:65,(anonymous_6)
FNDA:8,checkAchievements
FNDA:4,calculateAllAchievementProgress
FNDA:60,(anonymous_9)
FNDA:3,getAchievementsByCategory
FNDA:45,(anonymous_11)
FNDA:3,getUnlockedAchievements
FNDA:32,(anonymous_13)
FNDA:3,getLockedAchievements
FNDA:19,(anonymous_15)
FNDA:1,sortAchievementsByTier
FNDA:2,(anonymous_17)
FNDA:2,getNextAchievement
FNDA:2,(anonymous_19)
FNDA:3,calculateCompletionPercentage
FNDA:0,getTierBadgeIcon
FNDA:2,formatAchievementProgress
FNDA:2,getAchievementAccessibilityLabel
DA:85,3
DA:249,0
DA:256,14
DA:258,10
DA:260,1
DA:262,1
DA:264,1
DA:266,1
DA:268,0
DA:276,9
DA:278,7
DA:280,1
DA:282,1
DA:284,0
DA:286,0
DA:288,0
DA:298,52
DA:300,13
DA:302,13
DA:304,13
DA:306,13
DA:308,0
DA:321,184
DA:324,71
DA:328,61
DA:331,52
DA:332,52
DA:334,65
DA:337,52
DA:342,39
DA:346,13
DA:350,0
DA:368,8
DA:370,8
DA:372,120
DA:373,2
DA:376,118
DA:377,118
DA:379,118
DA:380,10
DA:387,10
DA:391,8
DA:403,4
DA:404,60
DA:406,60
DA:409,60
DA:429,45
DA:438,32
DA:447,19
DA:456,1
DA:464,1
DA:465,2
DA:475,2
DA:476,2
DA:478,1
DA:479,2
DA:489,3
DA:491,2
DA:492,2
DA:499,0
DA:501,0
DA:503,0
DA:505,0
DA:507,0
DA:509,0
DA:511,0
DA:519,2
DA:520,1
DA:523,1
DA:524,1
DA:525,0
DA:528,1
DA:537,2
DA:541,2
LF:74
LH:59
BRDA:256,0,0,10
BRDA:256,0,1,1
BRDA:256,0,2,1
BRDA:256,0,3,1
BRDA:256,0,4,1
BRDA:256,0,5,0
BRDA:276,1,0,7
BRDA:276,1,1,1
BRDA:276,1,2,1
BRDA:276,1,3,0
BRDA:276,1,4,0
BRDA:276,1,5,0
BRDA:298,2,0,13
BRDA:298,2,1,13
BRDA:298,2,2,13
BRDA:298,2,3,13
BRDA:298,2,4,0
BRDA:321,3,0,71
BRDA:321,3,1,61
BRDA:321,3,2,52
BRDA:321,3,3,0
BRDA:332,4,0,0
BRDA:332,4,1,52
BRDA:337,5,0,39
BRDA:337,5,1,13
BRDA:338,6,0,52
BRDA:338,6,1,39
BRDA:338,6,2,26
BRDA:366,7,0,0
BRDA:372,8,0,2
BRDA:372,8,1,118
BRDA:379,9,0,10
BRDA:379,9,1,108
BRDA:401,10,0,0
BRDA:406,11,0,60
BRDA:406,11,1,58
BRDA:412,12,0,2
BRDA:412,12,1,58
BRDA:413,13,0,0
BRDA:413,13,1,2
BRDA:476,14,0,1
BRDA:476,14,1,1
BRDA:479,15,0,0
BRDA:479,15,1,2
BRDA:489,16,0,1
BRDA:489,16,1,2
BRDA:499,17,0,0
BRDA:499,17,1,0
BRDA:499,17,2,0
BRDA:499,17,3,0
BRDA:499,17,4,0
BRDA:499,17,5,0
BRDA:519,18,0,1
BRDA:519,18,1,1
BRDA:524,19,0,0
BRDA:524,19,1,1
BRDA:537,20,0,1
BRDA:537,20,1,1
BRF:58
BRH:40
end_of_record
TN:
SF:src\utils\statistics.ts
FN:53,getWeekStart
FN:64,getWeekEnd
FN:76,calculateWeeklyStats
FN:82,(anonymous_3)
FN:98,(anonymous_4)
FN:118,calculateWeeklyStatsForDate
FN:125,(anonymous_6)
FN:140,(anonymous_7)
FN:159,getUnitForType
FN:178,calculatePersonalRecords
FN:189,(anonymous_10)
FN:215,(anonymous_11)
FN:223,calculatePersonalRecordsWithDetection
FN:230,(anonymous_13)
FN:231,(anonymous_14)
FN:242,normalizeDate
FN:249,getUniqueWorkoutDates
FN:252,(anonymous_17)
FN:257,(anonymous_18)
FN:266,calculateLongestStreak
FN:300,calculateStreak
FN:368,calculateWorkoutsByType
FN:379,(anonymous_22)
FN:389,calculateTotalWorkouts
FN:396,calculateTotalDistance
FN:398,(anonymous_25)
FN:399,(anonymous_26)
FN:405,calculateTotalDuration
FN:407,(anonymous_28)
FN:408,(anonymous_29)
FN:414,calculateTotalReps
FN:419,(anonymous_31)
FN:420,(anonymous_32)
FN:426,getWorkoutsForDate
FN:434,(anonymous_34)
FN:443,hasWorkoutOnDate
FN:453,getStreakDateRange
FNF:37
FNH:27
FNDA:43,getWeekStart
FNDA:21,getWeekEnd
FNDA:20,calculateWeeklyStats
FNDA:5,(anonymous_3)
FNDA:4,(anonymous_4)
FNDA:0,calculateWeeklyStatsForDate
FNDA:0,(anonymous_6)
FNDA:0,(anonymous_7)
FNDA:4,getUnitForType
FNDA:3,calculatePersonalRecords
FNDA:5,(anonymous_10)
FNDA:15,(anonymous_11)
FNDA:0,calculatePersonalRecordsWithDetection
FNDA:0,(anonymous_13)
FNDA:0,(anonymous_14)
FNDA:30,normalizeDate
FNDA:7,getUniqueWorkoutDates
FNDA:14,(anonymous_17)
FNDA:7,(anonymous_18)
FNDA:10,calculateLongestStreak
FNDA:25,calculateStreak
FNDA:0,calculateWorkoutsByType
FNDA:0,(anonymous_22)
FNDA:0,calculateTotalWorkouts
FNDA:1,calculateTotalDistance
FNDA:3,(anonymous_25)
FNDA:2,(anonymous_26)
FNDA:1,calculateTotalDuration
FNDA:2,(anonymous_28)
FNDA:2,(anonymous_29)
FNDA:40,calculateTotalReps
FNDA:51,(anonymous_31)
FNDA:9,(anonymous_32)
FNDA:2,getWorkoutsForDate
FNDA:2,(anonymous_34)
FNDA:2,hasWorkoutOnDate
FNDA:0,getStreakDateRange
DA:54,43
DA:55,43
DA:56,43
DA:57,43
DA:58,43
DA:65,21
DA:66,21
DA:67,21
DA:68,21
DA:69,21
DA:77,20
DA:78,20
DA:79,20
DA:82,20
DA:83,5
DA:84,5
DA:87,20
DA:98,20
DA:99,4
DA:101,4
DA:102,2
DA:103,2
DA:106,2
DA:107,2
DA:108,2
DA:112,20
DA:122,0
DA:123,0
DA:125,0
DA:126,0
DA:127,0
DA:130,0
DA:140,0
DA:141,0
DA:143,0
DA:144,0
DA:145,0
DA:147,0
DA:148,0
DA:149,0
DA:153,0
DA:160,4
DA:162,2
DA:164,2
DA:166,0
DA:168,0
DA:170,0
DA:181,3
DA:189,3
DA:190,5
DA:194,5
DA:196,3
DA:199,2
DA:202,5
DA:203,4
DA:214,3
DA:215,15
DA:227,0
DA:230,0
DA:231,0
DA:232,0
DA:233,0
DA:235,0
DA:243,30
DA:250,7
DA:253,14
DA:254,14
DA:257,7
DA:259,7
DA:267,10
DA:268,9
DA:270,4
DA:271,4
DA:273,4
DA:274,13
DA:275,13
DA:278,13
DA:280,13
DA:281,10
DA:282,10
DA:284,3
DA:288,4
DA:301,25
DA:302,18
DA:312,7
DA:313,7
DA:314,7
DA:316,7
DA:317,7
DA:318,7
DA:322,7
DA:325,7
DA:326,1
DA:336,6
DA:337,6
DA:339,6
DA:340,3
DA:341,3
DA:344,3
DA:346,3
DA:347,2
DA:348,2
DA:350,1
DA:354,6
DA:356,6
DA:371,0
DA:379,0
DA:380,0
DA:383,0
DA:390,0
DA:397,1
DA:398,3
DA:399,2
DA:406,1
DA:407,2
DA:408,2
DA:418,40
DA:419,51
DA:420,9
DA:430,2
DA:431,2
DA:432,2
DA:434,2
DA:435,2
DA:436,2
DA:447,2
DA:457,0
DA:458,0
DA:461,0
DA:462,0
DA:463,0
DA:465,0
LF:132
LH:97
BRDA:84,0,0,5
BRDA:84,0,1,4
BRDA:101,1,0,2
BRDA:101,1,1,2
BRDA:102,2,0,2
BRDA:102,2,1,0
BRDA:103,3,0,2
BRDA:103,3,1,0
BRDA:106,4,0,2
BRDA:106,4,1,0
BRDA:107,5,0,2
BRDA:107,5,1,0
BRDA:127,6,0,0
BRDA:127,6,1,0
BRDA:143,7,0,0
BRDA:143,7,1,0
BRDA:144,8,0,0
BRDA:144,8,1,0
BRDA:145,9,0,0
BRDA:145,9,1,0
BRDA:147,10,0,0
BRDA:147,10,1,0
BRDA:148,11,0,0
BRDA:148,11,1,0
BRDA:160,12,0,2
BRDA:160,12,1,2
BRDA:160,12,2,0
BRDA:160,12,3,0
BRDA:160,12,4,0
BRDA:194,13,0,3
BRDA:194,13,1,2
BRDA:196,14,0,3
BRDA:196,14,1,0
BRDA:199,15,0,2
BRDA:199,15,1,0
BRDA:199,16,0,2
BRDA:199,16,1,0
BRDA:202,17,0,4
BRDA:202,17,1,1
BRDA:202,18,0,5
BRDA:202,18,1,3
BRDA:232,19,0,0
BRDA:232,19,1,0
BRDA:232,20,0,0
BRDA:232,20,1,0
BRDA:267,21,0,1
BRDA:267,21,1,9
BRDA:268,22,0,5
BRDA:268,22,1,4
BRDA:280,23,0,10
BRDA:280,23,1,3
BRDA:301,24,0,18
BRDA:301,24,1,7
BRDA:322,25,0,7
BRDA:322,25,1,2
BRDA:325,26,0,1
BRDA:325,26,1,6
BRDA:346,27,0,2
BRDA:346,27,1,1
BRDA:399,28,0,2
BRDA:399,28,1,0
BRDA:408,29,0,2
BRDA:408,29,1,0
BRDA:420,30,0,9
BRDA:420,30,1,0
BRDA:420,31,0,9
BRDA:420,31,1,0
BRDA:436,32,0,2
BRDA:436,32,1,1
BRDA:457,33,0,0
BRDA:457,33,1,0
BRF:71
BRH:39
end_of_record
