TN:
SF:src\storage.ts
FN:9,loadAppState
FN:21,saveAppState
FN:29,clearAppState
FN:37,getDeviceId
FN:58,loadAuthState
FN:69,saveAuthState
FN:77,clearAuthState
FN:85,useAppStorage
FN:86,(anonymous_8)
FNF:9
FNH:2
FNDA:1,loadAppState
FNDA:3,saveAppState
FNDA:0,clearAppState
FNDA:0,getDeviceId
FNDA:0,loadAuthState
FNDA:0,saveAuthState
FNDA:0,clearAuthState
FNDA:0,useAppStorage
FNDA:0,(anonymous_8)
DA:5,1
DA:6,1
DA:7,1
DA:10,1
DA:11,1
DA:12,1
DA:13,1
DA:14,1
DA:16,0
DA:17,0
DA:22,3
DA:23,3
DA:25,0
DA:30,0
DA:31,0
DA:33,0
DA:38,0
DA:39,0
DA:40,0
DA:42,0
DA:43,0
DA:44,0
DA:46,0
DA:47,0
DA:59,0
DA:60,0
DA:61,0
DA:62,0
DA:64,0
DA:65,0
DA:70,0
DA:71,0
DA:73,0
DA:78,0
DA:79,0
DA:81,0
DA:86,0
DA:87,0
DA:90,0
LF:39
LH:10
BRDA:12,0,0,0
BRDA:12,0,1,1
BRDA:40,1,0,0
BRDA:40,1,1,0
BRDA:61,2,0,0
BRDA:61,2,1,0
BRF:6
BRH:1
end_of_record
TN:
SF:src\theme.ts
FNF:0
FNH:0
DA:1,2
DA:15,2
DA:23,2
DA:30,2
LF:4
LH:4
BRF:0
BRH:0
end_of_record
TN:
SF:src\components\Card.tsx
FN:11,Card
FNF:1
FNH:1
FNDA:7,Card
DA:12,7
DA:19,2
LF:2
LH:2
BRDA:13,0,0,7
BRDA:13,0,1,0
BRF:2
BRH:1
end_of_record
TN:
SF:src\components\DateTimeField.tsx
FN:14,formatDateTime
FN:24,DateTimeField
FN:27,(anonymous_2)
FN:32,(anonymous_3)
FN:42,(anonymous_4)
FN:62,(anonymous_5)
FNF:6
FNH:2
FNDA:4,formatDateTime
FNDA:4,DateTimeField
FNDA:0,(anonymous_2)
FNDA:0,(anonymous_3)
FNDA:0,(anonymous_4)
FNDA:0,(anonymous_5)
DA:15,4
DA:20,4
DA:21,4
DA:25,4
DA:27,4
DA:28,0
DA:29,0
DA:32,4
DA:33,0
DA:34,0
DA:36,0
DA:39,4
DA:42,0
DA:62,0
DA:71,1
LF:15
LH:8
BRDA:33,0,0,0
BRDA:33,0,1,0
BRDA:41,1,0,4
BRDA:41,1,1,0
BRDA:47,2,0,0
BRDA:47,2,1,4
BRDA:48,3,0,0
BRDA:48,3,1,0
BRF:8
BRH:2
end_of_record
TN:
SF:src\components\IconButton.tsx
FN:14,IconButton
FN:18,(anonymous_1)
FNF:2
FNH:2
FNDA:4,IconButton
FNDA:4,(anonymous_1)
DA:15,4
DA:18,4
DA:35,1
LF:3
LH:3
BRDA:20,0,0,4
BRDA:20,0,1,0
BRDA:21,1,0,4
BRDA:21,1,1,0
BRDA:26,2,0,0
BRDA:26,2,1,4
BRDA:28,3,0,4
BRDA:28,3,1,0
BRF:8
BRH:4
end_of_record
TN:
SF:src\components\PrimaryButton.tsx
FN:13,PrimaryButton
FN:17,(anonymous_1)
FNF:2
FNH:2
FNDA:24,PrimaryButton
FNDA:24,(anonymous_1)
DA:14,24
DA:17,24
DA:31,1
LF:3
LH:3
BRDA:19,0,0,24
BRDA:19,0,1,0
BRDA:20,1,0,24
BRDA:20,1,1,4
BRDA:21,2,0,24
BRDA:21,2,1,0
BRDA:26,3,0,24
BRDA:26,3,1,0
BRF:8
BRH:5
end_of_record
TN:
SF:src\screens\HomeScreen.tsx
FN:11,HomeScreen
FN:37,(anonymous_1)
FN:42,(anonymous_2)
FN:49,(anonymous_3)
FN:54,(anonymous_4)
FNF:5
FNH:5
FNDA:1,HomeScreen
FNDA:1,(anonymous_1)
FNDA:1,(anonymous_2)
FNDA:1,(anonymous_3)
FNDA:1,(anonymous_4)
DA:12,1
DA:37,1
DA:42,1
DA:49,1
DA:54,1
DA:69,1
LF:6
LH:6
BRF:0
BRH:0
end_of_record
TN:
SF:src\screens\LogScreen.tsx
FN:26,formatDate
FN:30,uuid
FN:34,LogScreen
FN:41,(anonymous_3)
FN:42,(anonymous_4)
FN:48,(anonymous_5)
FN:52,(anonymous_6)
FN:53,(anonymous_7)
FN:56,(anonymous_8)
FN:73,(anonymous_9)
FN:78,(anonymous_10)
FN:89,(anonymous_11)
FN:109,(anonymous_12)
FN:112,(anonymous_13)
FN:156,(anonymous_14)
FNF:15
FNH:12
FNDA:0,formatDate
FNDA:1,uuid
FNDA:4,LogScreen
FNDA:1,(anonymous_3)
FNDA:1,(anonymous_4)
FNDA:3,(anonymous_5)
FNDA:3,(anonymous_6)
FNDA:0,(anonymous_7)
FNDA:1,(anonymous_8)
FNDA:1,(anonymous_9)
FNDA:1,(anonymous_10)
FNDA:1,(anonymous_11)
FNDA:20,(anonymous_12)
FNDA:0,(anonymous_13)
FNDA:2,(anonymous_14)
DA:18,1
DA:27,0
DA:31,1
DA:35,4
DA:36,4
DA:37,4
DA:38,4
DA:39,4
DA:41,4
DA:42,1
DA:43,1
DA:44,1
DA:48,4
DA:49,3
DA:52,4
DA:53,3
DA:56,4
DA:57,1
DA:58,1
DA:59,0
DA:60,0
DA:63,1
DA:73,1
DA:74,1
DA:75,1
DA:78,4
DA:79,1
DA:80,1
DA:89,4
DA:90,1
DA:102,4
DA:110,20
DA:112,0
DA:156,2
DA:165,1
LF:35
LH:31
BRDA:44,0,0,1
BRDA:44,0,1,0
BRDA:53,1,0,0
BRDA:53,1,1,0
BRDA:58,2,0,0
BRDA:58,2,1,1
BRDA:58,3,0,1
BRDA:58,3,1,1
BRDA:58,3,2,1
BRDA:68,4,0,1
BRDA:68,4,1,1
BRDA:97,5,0,0
BRDA:97,5,1,1
BRF:13
BRH:8
end_of_record
